2024-07-17 21:27:37,597 [INFO] Activator:176 - 


2024-07-17 21:27:37,601 [INFO] Activator:177 - !SESSION log4j initialized
2024-07-17 21:27:42,047 [INFO] LogOutputStream:77 - [STDOUT_REDIRECT] 
2024-07-17 21:27:43,777 [INFO] ApplicationProperties:184 - Using Application install path: C:\ST\STM32CubeIDE_1.15.0\STM32CubeIDE\plugins\com.st.stm32cube.common.mx_6.11.0.202403141607
2024-07-17 21:27:43,797 [INFO] DbMcusXml:78 - Set database path to: C:\ST\STM32CubeIDE_1.15.0\STM32CubeIDE\plugins\com.st.stm32cube.common.mx_6.11.0.202403141607\\db\/mcu/
2024-07-17 21:27:43,797 [INFO] ApiDb:274 - Set plugin database path to: C:\ST\STM32CubeIDE_1.15.0\STM32CubeIDE\plugins\com.st.stm32cube.common.mx_6.11.0.202403141607\\db\/plugins/boardmanager/
2024-07-17 21:27:43,798 [WARN] ApiDb:259 - Overriding images path with different value:  => C:\ST\STM32CubeIDE_1.15.0\STM32CubeIDE\plugins\com.st.stm32cube.common.mx_6.11.0.202403141607\\db\/plugins/mcufinder/images/
2024-07-17 21:27:43,815 [INFO] ApiDb:250 - Set database path to: C:\Users\musa\.stmcufinder\plugins\mcufinder//mcu/
2024-07-17 21:27:43,816 [INFO] DbMcusAds:125 - Set database path to: C:\Users\musa\.stmcufinder\plugins\mcufinder//mcu/
2024-07-17 21:27:43,818 [INFO] CrossReferenceDbSqlite:203 - Set database path to: C:\Users\musa\.stmcufinder\plugins\mcufinder//mcu/cs/
2024-07-17 21:27:43,911 [INFO] RulesReader:64 - Compatibility file has been processed (297 Rules)
2024-07-17 21:27:43,997 [INFO] DbMcusXml:78 - Set database path to: C:\ST\STM32CubeIDE_1.15.0\STM32CubeIDE\plugins\com.st.stm32cube.common.mx_6.11.0.202403141607\\db\/mcu/
2024-07-17 21:27:43,998 [INFO] ApiDb:274 - Set plugin database path to: C:\ST\STM32CubeIDE_1.15.0\STM32CubeIDE\plugins\com.st.stm32cube.common.mx_6.11.0.202403141607\\db\/plugins/boardmanager/
2024-07-17 21:27:43,998 [INFO] ApiDb:261 - Set plugin images path to: C:\ST\STM32CubeIDE_1.15.0\STM32CubeIDE\plugins\com.st.stm32cube.common.mx_6.11.0.202403141607\\db\/plugins/mcufinder/images/
2024-07-17 21:27:43,998 [WARN] DbFile:41 - Overriding database path with different value: C:\Users\musa\.stmcufinder\plugins\mcufinder/ => C:\Users\musa\.stmcufinder\plugins\mcufinder
2024-07-17 21:27:43,998 [INFO] ApiDb:250 - Set database path to: C:\Users\musa\.stmcufinder\plugins\mcufinder//mcu/
2024-07-17 21:27:43,999 [WARN] DbFile:41 - Overriding database path with different value: C:\Users\musa\.stmcufinder\plugins\mcufinder/ => C:\Users\musa\.stmcufinder\plugins\mcufinder
2024-07-17 21:27:43,999 [INFO] DbMcusAds:125 - Set database path to: C:\Users\musa\.stmcufinder\plugins\mcufinder//mcu/
2024-07-17 21:27:43,999 [WARN] DbFile:41 - Overriding database path with different value: C:\Users\musa\.stmcufinder\plugins\mcufinder/ => C:\Users\musa\.stmcufinder\plugins\mcufinder
2024-07-17 21:27:43,999 [WARN] DbFile:41 - Overriding database path with different value: C:\Users\musa\.stmcufinder\plugins\mcufinder/ => C:\Users\musa\.stmcufinder\plugins\mcufinder
2024-07-17 21:27:43,999 [INFO] CrossReferenceDbSqlite:203 - Set database path to: C:\Users\musa\.stmcufinder\plugins\mcufinder//mcu/cs/
2024-07-17 21:27:44,091 [INFO] MainPanel:264 - HeapMemory: 268435456
2024-07-17 21:27:44,193 [INFO] DbMcusXml:78 - Set database path to: C:\ST\STM32CubeIDE_1.15.0\STM32CubeIDE\plugins\com.st.stm32cube.common.mx_6.11.0.202403141607\\db\/mcu/
2024-07-17 21:27:44,193 [INFO] ApiDb:274 - Set plugin database path to: C:\ST\STM32CubeIDE_1.15.0\STM32CubeIDE\plugins\com.st.stm32cube.common.mx_6.11.0.202403141607\\db\/plugins/boardmanager/
2024-07-17 21:27:44,193 [INFO] ApiDb:261 - Set plugin images path to: C:\ST\STM32CubeIDE_1.15.0\STM32CubeIDE\plugins\com.st.stm32cube.common.mx_6.11.0.202403141607\\db\/plugins/mcufinder/images/
2024-07-17 21:27:44,194 [WARN] DbFile:41 - Overriding database path with different value: C:\Users\musa\.stmcufinder\plugins\mcufinder/ => C:\Users\musa\.stmcufinder\plugins\mcufinder
2024-07-17 21:27:44,194 [INFO] ApiDb:250 - Set database path to: C:\Users\musa\.stmcufinder\plugins\mcufinder//mcu/
2024-07-17 21:27:44,194 [WARN] DbFile:41 - Overriding database path with different value: C:\Users\musa\.stmcufinder\plugins\mcufinder/ => C:\Users\musa\.stmcufinder\plugins\mcufinder
2024-07-17 21:27:44,194 [INFO] DbMcusAds:125 - Set database path to: C:\Users\musa\.stmcufinder\plugins\mcufinder//mcu/
2024-07-17 21:27:44,194 [WARN] DbFile:41 - Overriding database path with different value: C:\Users\musa\.stmcufinder\plugins\mcufinder/ => C:\Users\musa\.stmcufinder\plugins\mcufinder
2024-07-17 21:27:44,194 [WARN] DbFile:41 - Overriding database path with different value: C:\Users\musa\.stmcufinder\plugins\mcufinder/ => C:\Users\musa\.stmcufinder\plugins\mcufinder
2024-07-17 21:27:44,195 [INFO] CrossReferenceDbSqlite:203 - Set database path to: C:\Users\musa\.stmcufinder\plugins\mcufinder//mcu/cs/
2024-07-17 21:27:44,211 [INFO] ApplicationProperties:184 - Using Application install path: C:\ST\STM32CubeIDE_1.15.0\STM32CubeIDE\plugins\com.st.stm32cube.common.mx_6.11.0.202403141607
2024-07-17 21:27:44,212 [INFO] PluginManage:196 - Search for loadable plugins [exclusion list=, ]
2024-07-17 21:27:44,214 [INFO] PluginManage:310 - Check plugin analytics
2024-07-17 21:27:44,390 [INFO] AnalyticsPlugin:253 - Accepted Software Licenses: STM32CubeMX.6.11.0
2024-07-17 21:27:44,390 [INFO] AnalyticsPlugin:255 - Accepted CMSIS Pack Licenses: 
2024-07-17 21:27:44,391 [INFO] AnalyticsPlugin:257 - Accepted Firmware Licenses: FW.WB.1.19.0,FW.WB.1.18.0,FW.L4.1.18.0
2024-07-17 21:27:44,394 [INFO] PluginManage:359 - Loaded plugin analytics (category:tool,tabindex:-1)
2024-07-17 21:27:44,394 [INFO] PluginManage:310 - Check plugin cadmodel
2024-07-17 21:27:44,413 [INFO] CADModel:105 - Init CAD model plugin
2024-07-17 21:27:44,413 [INFO] PluginManage:359 - Loaded plugin cadmodel (category:power,tabindex:5)
2024-07-17 21:27:44,413 [INFO] PluginManage:310 - Check plugin clock
2024-07-17 21:27:44,438 [INFO] PluginManage:359 - Loaded plugin clock (category:base,tabindex:2)
2024-07-17 21:27:44,438 [INFO] PluginManage:310 - Check plugin ddr
2024-07-17 21:27:44,442 [INFO] PluginManage:359 - Loaded plugin ddr (category:tool,tabindex:6)
2024-07-17 21:27:44,442 [INFO] PluginManage:310 - Check plugin filemanager
2024-07-17 21:27:44,584 [INFO] PluginManage:359 - Loaded plugin filemanager (category:base,tabindex:10)
2024-07-17 21:27:44,585 [INFO] PluginManage:310 - Check plugin ipmanager
2024-07-17 21:27:44,590 [INFO] PluginManage:359 - Loaded plugin ipmanager (category:base,tabindex:5)
2024-07-17 21:27:44,591 [INFO] PluginManage:310 - Check plugin lpbam
2024-07-17 21:27:44,606 [INFO] PluginManage:359 - Loaded plugin lpbam (category:base,tabindex:0)
2024-07-17 21:27:44,606 [INFO] PluginManage:310 - Check plugin memorymap
2024-07-17 21:27:44,627 [INFO] PluginManage:359 - Loaded plugin memorymap (category:base,tabindex:4)
2024-07-17 21:27:44,627 [INFO] PluginManage:310 - Check plugin pinoutandconfiguration
2024-07-17 21:27:44,641 [INFO] PluginManage:359 - Loaded plugin pinoutandconfiguration (category:base,tabindex:1)
2024-07-17 21:27:44,641 [INFO] PluginManage:310 - Check plugin pinoutconfig
2024-07-17 21:27:44,726 [WARN] SupportedApi:132 - Cannot load RTOS API schema: s4s-elt-must-match.1: The content of 'definitions' must match (annotation?, (simpleType | complexType)?, (unique | key | keyref)*)). A problem was found starting at: attribute.
2024-07-17 21:27:44,842 [INFO] PluginManage:359 - Loaded plugin pinoutconfig (category:base,tabindex:0)
2024-07-17 21:27:44,842 [INFO] PluginManage:310 - Check plugin power
2024-07-17 21:27:44,859 [INFO] PluginManage:359 - Loaded plugin power (category:power,tabindex:4)
2024-07-17 21:27:44,859 [INFO] PluginManage:310 - Check plugin projectmanager
2024-07-17 21:27:44,874 [INFO] PluginManage:359 - Loaded plugin projectmanager (category:projectmanager,tabindex:3)
2024-07-17 21:27:44,874 [INFO] PluginManage:310 - Check plugin thirdparty
2024-07-17 21:27:45,097 [INFO] PluginManage:359 - Loaded plugin thirdparty (category:base,tabindex:-1)
2024-07-17 21:27:45,097 [WARN] IntegrityCheckThread:84 - waiting for thirdparty lock release [integrity check]
2024-07-17 21:27:45,097 [INFO] PluginManage:310 - Check plugin tools
2024-07-17 21:27:45,097 [INFO] IntegrityCheckThread:86 - entering critical section [integrity check]
2024-07-17 21:27:45,098 [INFO] ThirdPartyUpdaterWithRetryManager:70 - Updater plugin not ready yet. [1/15]
2024-07-17 21:27:45,129 [INFO] PluginManage:359 - Loaded plugin tools (category:base,tabindex:7)
2024-07-17 21:27:45,130 [INFO] PluginManage:310 - Check plugin tutovideos
2024-07-17 21:27:45,295 [INFO] PluginManage:359 - Loaded plugin tutovideos (category:base,tabindex:-1)
2024-07-17 21:27:45,295 [INFO] PluginManage:310 - Check plugin updater
2024-07-17 21:27:45,306 [INFO] PluginManage:359 - Loaded plugin updater (category:base,tabindex:12)
2024-07-17 21:27:45,306 [INFO] PluginManage:310 - Check plugin userauth
2024-07-17 21:27:45,312 [INFO] UserAuth:114 - Init User Auth plugin
2024-07-17 21:27:45,312 [INFO] PluginManage:359 - Loaded plugin userauth (category:base,tabindex:14)
2024-07-17 21:27:45,312 [INFO] PluginManage:283 - PluginManage : Loaded plugins [17]
2024-07-17 21:27:45,488 [INFO] PinOutPanel:1561 - setPackage(No Configuration,No Configuration)
2024-07-17 21:27:45,557 [INFO] CADModel:165 - CPN selected for project level
2024-07-17 21:27:45,557 [INFO] CADModel:114 - Register for checkConnection events
2024-07-17 21:27:45,582 [INFO] IPUIPlugin:80 - create IPUIPlugin
2024-07-17 21:27:45,582 [INFO] PluginManager:220 - loadIPPluginJar : add adc
2024-07-17 21:27:45,611 [INFO] IPUIPlugin:80 - create IPUIPlugin
2024-07-17 21:27:45,611 [INFO] PluginManager:220 - loadIPPluginJar : add aes
2024-07-17 21:27:45,644 [INFO] IPUIPlugin:80 - create IPUIPlugin
2024-07-17 21:27:45,645 [INFO] PluginManager:220 - loadIPPluginJar : add can
2024-07-17 21:27:45,665 [INFO] IPUIPlugin:80 - create IPUIPlugin
2024-07-17 21:27:45,665 [INFO] PluginManager:220 - loadIPPluginJar : add comp
2024-07-17 21:27:45,692 [INFO] IPUIPlugin:80 - create IPUIPlugin
2024-07-17 21:27:45,692 [INFO] PluginManager:220 - loadIPPluginJar : add cryp
2024-07-17 21:27:45,714 [INFO] IPUIPlugin:80 - create IPUIPlugin
2024-07-17 21:27:45,714 [INFO] PluginManager:220 - loadIPPluginJar : add dfsdm
2024-07-17 21:27:45,725 [INFO] IPUIPlugin:80 - create IPUIPlugin
2024-07-17 21:27:45,725 [INFO] PluginManager:220 - loadIPPluginJar : add dma
2024-07-17 21:27:45,759 [INFO] IPUIPlugin:80 - create IPUIPlugin
2024-07-17 21:27:45,759 [INFO] PluginManager:220 - loadIPPluginJar : add dma3
2024-07-17 21:27:45,794 [INFO] IPUIPlugin:80 - create IPUIPlugin
2024-07-17 21:27:45,794 [INFO] PluginManager:220 - loadIPPluginJar : add extmemmanager
2024-07-17 21:27:45,810 [INFO] IPUIPlugin:80 - create IPUIPlugin
2024-07-17 21:27:45,811 [INFO] PluginManager:220 - loadIPPluginJar : add fatfs
2024-07-17 21:27:45,848 [INFO] IPUIPlugin:80 - create IPUIPlugin
2024-07-17 21:27:45,848 [INFO] PluginManager:220 - loadIPPluginJar : add fmc
2024-07-17 21:27:45,861 [INFO] IPUIPlugin:80 - create IPUIPlugin
2024-07-17 21:27:45,861 [INFO] PluginManager:220 - loadIPPluginJar : add freertos
2024-07-17 21:27:45,879 [INFO] IPUIPlugin:80 - create IPUIPlugin
2024-07-17 21:27:45,879 [INFO] PluginManager:220 - loadIPPluginJar : add genericplugin
2024-07-17 21:27:45,951 [INFO] IPUIPlugin:80 - create IPUIPlugin
2024-07-17 21:27:45,951 [INFO] PluginManager:220 - loadIPPluginJar : add gfxmmu
2024-07-17 21:27:46,050 [INFO] IPUIPlugin:80 - create IPUIPlugin
2024-07-17 21:27:46,050 [INFO] PluginManager:220 - loadIPPluginJar : add gic
2024-07-17 21:27:46,061 [INFO] IPUIPlugin:80 - create IPUIPlugin
2024-07-17 21:27:46,061 [INFO] PluginManager:220 - loadIPPluginJar : add gpio
2024-07-17 21:27:46,128 [INFO] IPUIPlugin:80 - create IPUIPlugin
2024-07-17 21:27:46,128 [INFO] PluginManager:220 - loadIPPluginJar : add gtzc
2024-07-17 21:27:46,159 [INFO] IPUIPlugin:80 - create IPUIPlugin
2024-07-17 21:27:46,159 [INFO] PluginManager:220 - loadIPPluginJar : add hash
2024-07-17 21:27:46,203 [INFO] IPUIPlugin:80 - create IPUIPlugin
2024-07-17 21:27:46,203 [INFO] PluginManager:220 - loadIPPluginJar : add i2c
2024-07-17 21:27:46,234 [INFO] IPUIPlugin:80 - create IPUIPlugin
2024-07-17 21:27:46,234 [INFO] PluginManager:220 - loadIPPluginJar : add i2s
2024-07-17 21:27:46,266 [INFO] IPUIPlugin:80 - create IPUIPlugin
2024-07-17 21:27:46,266 [INFO] PluginManager:220 - loadIPPluginJar : add i3c
2024-07-17 21:27:46,342 [INFO] IPUIPlugin:80 - create IPUIPlugin
2024-07-17 21:27:46,342 [INFO] PluginManager:220 - loadIPPluginJar : add ipddr
2024-07-17 21:27:46,415 [INFO] IPUIPlugin:80 - create IPUIPlugin
2024-07-17 21:27:46,415 [INFO] PluginManager:220 - loadIPPluginJar : add linkedlist
2024-07-17 21:27:46,444 [INFO] IPUIPlugin:80 - create IPUIPlugin
2024-07-17 21:27:46,444 [INFO] PluginManager:220 - loadIPPluginJar : add lorawan
2024-07-17 21:27:46,473 [INFO] IPUIPlugin:80 - create IPUIPlugin
2024-07-17 21:27:46,473 [INFO] PluginManager:220 - loadIPPluginJar : add ltdc
2024-07-17 21:27:46,485 [INFO] IPUIPlugin:80 - create IPUIPlugin
2024-07-17 21:27:46,485 [INFO] PluginManager:220 - loadIPPluginJar : add mdma
2024-07-17 21:27:46,497 [INFO] IPUIPlugin:80 - create IPUIPlugin
2024-07-17 21:27:46,497 [INFO] PluginManager:220 - loadIPPluginJar : add nvic
2024-07-17 21:27:46,526 [INFO] IPUIPlugin:80 - create IPUIPlugin
2024-07-17 21:27:46,526 [INFO] PluginManager:220 - loadIPPluginJar : add opamp
2024-07-17 21:27:46,574 [INFO] IPUIPlugin:80 - create IPUIPlugin
2024-07-17 21:27:46,575 [INFO] PluginManager:220 - loadIPPluginJar : add openamp
2024-07-17 21:27:46,608 [INFO] IPUIPlugin:80 - create IPUIPlugin
2024-07-17 21:27:46,609 [INFO] PluginManager:220 - loadIPPluginJar : add pdm2pcm
2024-07-17 21:27:46,621 [INFO] IPUIPlugin:80 - create IPUIPlugin
2024-07-17 21:27:46,622 [INFO] PluginManager:220 - loadIPPluginJar : add plateformsettings
2024-07-17 21:27:46,641 [INFO] IPUIPlugin:80 - create IPUIPlugin
2024-07-17 21:27:46,641 [INFO] PluginManager:220 - loadIPPluginJar : add quadspi
2024-07-17 21:27:46,651 [INFO] IPUIPlugin:80 - create IPUIPlugin
2024-07-17 21:27:46,651 [INFO] PluginManager:220 - loadIPPluginJar : add resmgrutility
2024-07-17 21:27:46,686 [INFO] IPUIPlugin:80 - create IPUIPlugin
2024-07-17 21:27:46,686 [INFO] PluginManager:220 - loadIPPluginJar : add sai
2024-07-17 21:27:46,712 [INFO] IPUIPlugin:80 - create IPUIPlugin
2024-07-17 21:27:46,712 [INFO] PluginManager:220 - loadIPPluginJar : add spi
2024-07-17 21:27:46,756 [INFO] IPUIPlugin:80 - create IPUIPlugin
2024-07-17 21:27:46,756 [INFO] PluginManager:220 - loadIPPluginJar : add stm32_wpan
2024-07-17 21:27:46,773 [INFO] IPUIPlugin:80 - create IPUIPlugin
2024-07-17 21:27:46,773 [INFO] PluginManager:220 - loadIPPluginJar : add tim
2024-07-17 21:27:46,810 [INFO] IPUIPlugin:80 - create IPUIPlugin
2024-07-17 21:27:46,810 [INFO] PluginManager:220 - loadIPPluginJar : add touchsensing
2024-07-17 21:27:46,825 [INFO] IPUIPlugin:80 - create IPUIPlugin
2024-07-17 21:27:46,825 [INFO] PluginManager:220 - loadIPPluginJar : add tracer_emb
2024-07-17 21:27:46,841 [INFO] IPUIPlugin:80 - create IPUIPlugin
2024-07-17 21:27:46,841 [INFO] PluginManager:220 - loadIPPluginJar : add ts
2024-07-17 21:27:46,856 [INFO] IPUIPlugin:80 - create IPUIPlugin
2024-07-17 21:27:46,856 [INFO] PluginManager:220 - loadIPPluginJar : add tsc
2024-07-17 21:27:46,871 [INFO] IPUIPlugin:80 - create IPUIPlugin
2024-07-17 21:27:46,872 [INFO] PluginManager:220 - loadIPPluginJar : add ucpd
2024-07-17 21:27:46,901 [INFO] IPUIPlugin:80 - create IPUIPlugin
2024-07-17 21:27:46,901 [INFO] PluginManager:220 - loadIPPluginJar : add usart
2024-07-17 21:27:46,929 [INFO] IPUIPlugin:80 - create IPUIPlugin
2024-07-17 21:27:46,929 [INFO] PluginManager:220 - loadIPPluginJar : add usbx
2024-07-17 21:27:47,042 [INFO] CADModel:165 - CPN selected for project level
2024-07-17 21:27:47,042 [INFO] CADModel:114 - Register for checkConnection events
2024-07-17 21:27:47,042 [FATAL] Updater:308 - Updater called before beeing initialized
2024-07-17 21:27:47,042 [ERROR] CADModel:125 - Updater not yet initialized, retry later 
2024-07-17 21:27:47,140 [INFO] CADModel:165 - CPN selected for project level
2024-07-17 21:27:47,140 [INFO] CADModel:114 - Register for checkConnection events
2024-07-17 21:27:47,140 [FATAL] Updater:308 - Updater called before beeing initialized
2024-07-17 21:27:47,140 [ERROR] CADModel:125 - Updater not yet initialized, retry later 
2024-07-17 21:27:47,142 [FATAL] Updater:308 - Updater called before beeing initialized
2024-07-17 21:27:47,204 [FATAL] Updater:308 - Updater called before beeing initialized
2024-07-17 21:27:47,212 [INFO] DbMcusAds:53 - JSON generation date=Thu May 16 12:22:00 TRT 2024 (1715851320667)
2024-07-17 21:27:47,212 [FATAL] Updater:308 - Updater called before beeing initialized
2024-07-17 21:27:47,238 [WARN] DetailPanel:346 - Failed to get advertising image, set to default
2024-07-17 21:27:47,297 [FATAL] Updater:308 - Updater called before beeing initialized
2024-07-17 21:27:47,299 [FATAL] Updater:308 - Updater called before beeing initialized
2024-07-17 21:27:47,299 [FATAL] Updater:308 - Updater called before beeing initialized
2024-07-17 21:27:47,299 [WARN] DetailPanel:346 - Failed to get advertising image, set to default
2024-07-17 21:27:47,300 [FATAL] Updater:308 - Updater called before beeing initialized
2024-07-17 21:27:47,339 [ERROR] Updater:1120 - MainUpdater not yet initialized. External WinMGr cannot be set.
2024-07-17 21:27:47,345 [INFO] Updater:1056 - Updater Version found : 6.11.0
2024-07-17 21:27:47,361 [INFO] ApplicationProperties:184 - Using Application install path: C:\ST\STM32CubeIDE_1.15.0\STM32CubeIDE\plugins\com.st.stm32cube.common.mx_6.11.0.202403141607
2024-07-17 21:27:48,099 [INFO] ThirdPartyUpdaterWithRetryManager:70 - Updater plugin not ready yet. [2/15]
2024-07-17 21:27:48,944 [ERROR] LogOutputStream:75 - [STDERR_REDIRECT] Jul 17, 2024 9:27:48 PM java.util.prefs.WindowsPreferences <init>
2024-07-17 21:27:48,947 [ERROR] LogOutputStream:75 - [STDERR_REDIRECT] WARNING: Could not open/create prefs root node Software\JavaSoft\Prefs at root 0xffffffff80000002. Windows RegCreateKeyEx(...) returned error code 5.
2024-07-17 21:27:48,947 [ERROR] LogOutputStream:75 - [STDERR_REDIRECT] 
2024-07-17 21:27:49,273 [INFO] MainUpdater:2873 - connection check result : 10
2024-07-17 21:27:49,274 [INFO] MainUpdater:290 - Updater Check For Update Now.
2024-07-17 21:27:49,274 [INFO] MicroXplorer:498 - Change Database Version : DB.6.0.110
2024-07-17 21:27:49,294 [INFO] McuFinderGlobals:63 - Set McuFinder mode to 2 (CubeIDE integrated)
2024-07-17 21:27:49,305 [INFO] UserAuth:415 - Internet connection configuration mode: 1
2024-07-17 21:27:49,335 [INFO] JxBrowserEngine:152 - Initiate JxBrowser Engine with user profile folder
2024-07-17 21:27:49,454 [INFO] CheckServerUpdateThread:120 - End of CheckServer Thread
2024-07-17 21:27:51,243 [WARN] PackLoader:240 - Cannot read IP mode file for STMicroelectronics.FP-SNS-MOTENVWB1.1.4.0
2024-07-17 21:27:51,257 [WARN] PackLoader:240 - Cannot read IP mode file for STMicroelectronics.X-CUBE-SMBUS.2.1.0
2024-07-17 21:27:51,266 [WARN] PackLoader:240 - Cannot read IP mode file for STMicroelectronics.X-CUBE-TOUCHGFX.4.23.1
2024-07-17 21:27:51,274 [WARN] PackLoader:240 - Cannot read IP mode file for STMicroelectronics.X-CUBE-TOUCHGFX.4.23.0
2024-07-17 21:27:51,282 [WARN] PackLoader:240 - Cannot read IP mode file for STMicroelectronics.X-CUBE-TOUCHGFX.4.23.2
2024-07-17 21:27:51,310 [WARN] PackLoader:240 - Cannot read IP mode file for STMicroelectronics.X-CUBE-AZRTOS-F7.1.1.0
2024-07-17 21:27:51,323 [WARN] PackLoader:240 - Cannot read IP mode file for STMicroelectronics.FP-SNS-MOTENV1.4.3.2
2024-07-17 21:27:51,333 [WARN] PackLoader:240 - Cannot read IP mode file for STMicroelectronics.FP-SNS-FLIGHT1.5.0.2
2024-07-17 21:27:51,345 [WARN] PackLoader:240 - Cannot read IP mode file for STMicroelectronics.X-CUBE-DISPLAY.3.0.0
2024-07-17 21:27:51,361 [WARN] PackLoader:240 - Cannot read IP mode file for STMicroelectronics.X-CUBE-BLE1.7.0.0
2024-07-17 21:27:51,371 [WARN] PackLoader:240 - Cannot read IP mode file for emotas.I-CUBE-CANOPEN.1.3.0
2024-07-17 21:27:51,382 [WARN] PackLoader:240 - Cannot read IP mode file for STMicroelectronics.X-CUBE-BLEMGR.3.1.0
2024-07-17 21:27:51,393 [WARN] PackLoader:240 - Cannot read IP mode file for STMicroelectronics.FP-SNS-SMARTAG2.1.2.0
2024-07-17 21:27:51,405 [INFO] LogOutputStream:77 - [STDOUT_REDIRECT] 1 : Invalid condition id : UX_CORESTACK_Condition cause : null
2024-07-17 21:27:51,406 [INFO] LogOutputStream:77 - [STDOUT_REDIRECT] 1 : Invalid condition id : UX_CORESTACK_Condition cause : null
2024-07-17 21:27:51,406 [INFO] LogOutputStream:77 - [STDOUT_REDIRECT] 1 : Invalid condition id : UX_CORESTACK_Condition cause : null
2024-07-17 21:27:51,407 [INFO] LogOutputStream:77 - [STDOUT_REDIRECT] 1 : Invalid condition id : UX_CORESTACK_Condition cause : null
2024-07-17 21:27:51,407 [INFO] LogOutputStream:77 - [STDOUT_REDIRECT] 1 : Invalid condition id : UX_CORESTACK_Condition cause : null
2024-07-17 21:27:51,409 [WARN] PackLoader:240 - Cannot read IP mode file for STMicroelectronics.X-CUBE-AZRTOS-WL.2.0.0
2024-07-17 21:27:51,417 [WARN] PackLoader:240 - Cannot read IP mode file for STMicroelectronics.FP-SNS-MOTENV1.5.0.0
2024-07-17 21:27:51,425 [WARN] PackLoader:240 - Cannot read IP mode file for wolfSSL.I-CUBE-wolfMQTT.1.19.0
2024-07-17 21:27:51,435 [WARN] PackLoader:240 - Cannot read IP mode file for WES.I-CUBE-Cesium.1.3.0
2024-07-17 21:27:51,443 [WARN] PackLoader:240 - Cannot read IP mode file for STMicroelectronics.X-CUBE-BLE2.3.3.0
2024-07-17 21:27:51,452 [WARN] PackLoader:240 - Cannot read IP mode file for STMicroelectronics.X-CUBE-TCPP.4.1.0
2024-07-17 21:27:51,461 [WARN] PackLoader:240 - Cannot read IP mode file for STMicroelectronics.X-CUBE-ALGOBUILD.1.3.0
2024-07-17 21:27:51,482 [WARN] PackLoader:240 - Cannot read IP mode file for STMicroelectronics.X-CUBE-AZRTOS-G0.1.1.0
2024-07-17 21:27:51,494 [WARN] PackLoader:240 - Cannot read IP mode file for STMicroelectronics.X-CUBE-SAFEA1.1.2.2
2024-07-17 21:27:51,504 [WARN] PackLoader:240 - Cannot read IP mode file for STMicroelectronics.X-CUBE-NFC4.3.0.0
2024-07-17 21:27:51,512 [WARN] PackLoader:240 - Cannot read IP mode file for wolfSSL.I-CUBE-wolfMQTT.1.18.0
2024-07-17 21:27:51,525 [WARN] PackLoader:240 - Cannot read IP mode file for EmbeddedOffice.I-CUBE-FS-RTOS.1.0.1
2024-07-17 21:27:51,525 [ERROR] ConditionMgr:805 - Attr not supported : Dmpu
2024-07-17 21:27:51,526 [ERROR] ConditionMgr:805 - Attr not supported : Dmpu
2024-07-17 21:27:51,526 [ERROR] ConditionMgr:805 - Attr not supported : Dmpu
2024-07-17 21:27:51,526 [ERROR] ConditionMgr:805 - Attr not supported : Dmpu
2024-07-17 21:27:51,526 [ERROR] ConditionMgr:805 - Attr not supported : Dmpu
2024-07-17 21:27:51,526 [ERROR] ConditionMgr:805 - Attr not supported : Dmpu
2024-07-17 21:27:51,526 [ERROR] ConditionMgr:805 - Attr not supported : Dmpu
2024-07-17 21:27:51,526 [ERROR] ConditionMgr:805 - Attr not supported : Dmpu
2024-07-17 21:27:51,526 [ERROR] ConditionMgr:805 - Attr not supported : Dmpu
2024-07-17 21:27:51,526 [ERROR] ConditionMgr:805 - Attr not supported : Dmpu
2024-07-17 21:27:51,526 [ERROR] ConditionMgr:805 - Attr not supported : Dmpu
2024-07-17 21:27:51,526 [ERROR] ConditionMgr:805 - Attr not supported : Dmpu
2024-07-17 21:27:51,526 [ERROR] ConditionMgr:805 - Attr not supported : Dmpu
2024-07-17 21:27:51,526 [ERROR] ConditionMgr:805 - Attr not supported : Dmpu
2024-07-17 21:27:51,526 [ERROR] ConditionMgr:805 - Attr not supported : Dmpu
2024-07-17 21:27:51,526 [ERROR] ConditionMgr:805 - Attr not supported : Dmpu
2024-07-17 21:27:51,526 [ERROR] ConditionMgr:805 - Attr not supported : Dmpu
2024-07-17 21:27:51,526 [ERROR] ConditionMgr:805 - Attr not supported : Dmpu
2024-07-17 21:27:51,526 [ERROR] ConditionMgr:805 - Attr not supported : Dmpu
2024-07-17 21:27:51,526 [ERROR] ConditionMgr:805 - Attr not supported : Dmpu
2024-07-17 21:27:51,526 [ERROR] ConditionMgr:805 - Attr not supported : Dmpu
2024-07-17 21:27:51,526 [ERROR] ConditionMgr:805 - Attr not supported : Dmpu
2024-07-17 21:27:51,526 [ERROR] ConditionMgr:805 - Attr not supported : Dmpu
2024-07-17 21:27:51,526 [ERROR] ConditionMgr:805 - Attr not supported : Dmpu
2024-07-17 21:27:51,526 [ERROR] ConditionMgr:805 - Attr not supported : Dmpu
2024-07-17 21:27:51,526 [ERROR] ConditionMgr:805 - Attr not supported : Dmpu
2024-07-17 21:27:51,526 [ERROR] ConditionMgr:805 - Attr not supported : Dmpu
2024-07-17 21:27:51,526 [ERROR] ConditionMgr:805 - Attr not supported : Dmpu
2024-07-17 21:27:51,526 [ERROR] ConditionMgr:805 - Attr not supported : Dmpu
2024-07-17 21:27:51,526 [ERROR] ConditionMgr:805 - Attr not supported : Dmpu
2024-07-17 21:27:51,526 [ERROR] ConditionMgr:805 - Attr not supported : Dmpu
2024-07-17 21:27:51,526 [ERROR] ConditionMgr:805 - Attr not supported : Dmpu
2024-07-17 21:27:51,526 [ERROR] ConditionMgr:805 - Attr not supported : Dmpu
2024-07-17 21:27:51,526 [ERROR] ConditionMgr:805 - Attr not supported : Dmpu
2024-07-17 21:27:51,526 [ERROR] ConditionMgr:805 - Attr not supported : Dmpu
2024-07-17 21:27:51,527 [ERROR] ConditionMgr:805 - Attr not supported : Dmpu
2024-07-17 21:27:51,527 [ERROR] ConditionMgr:805 - Attr not supported : Dmpu
2024-07-17 21:27:51,527 [ERROR] ConditionMgr:805 - Attr not supported : Dmpu
2024-07-17 21:27:51,527 [ERROR] ConditionMgr:805 - Attr not supported : Dmpu
2024-07-17 21:27:51,527 [ERROR] ConditionMgr:805 - Attr not supported : Dmpu
2024-07-17 21:27:51,527 [ERROR] ConditionMgr:805 - Attr not supported : Dmpu
2024-07-17 21:27:51,527 [ERROR] ConditionMgr:805 - Attr not supported : Dmpu
2024-07-17 21:27:51,527 [ERROR] ConditionMgr:805 - Attr not supported : Dmpu
2024-07-17 21:27:51,527 [ERROR] ConditionMgr:805 - Attr not supported : Dmpu
2024-07-17 21:27:51,527 [ERROR] ConditionMgr:805 - Attr not supported : Dmpu
2024-07-17 21:27:51,527 [ERROR] ConditionMgr:805 - Attr not supported : Dmpu
2024-07-17 21:27:51,527 [ERROR] ConditionMgr:805 - Attr not supported : Dmpu
2024-07-17 21:27:51,527 [ERROR] ConditionMgr:805 - Attr not supported : Dmpu
2024-07-17 21:27:51,527 [ERROR] ConditionMgr:805 - Attr not supported : Dmpu
2024-07-17 21:27:51,527 [ERROR] ConditionMgr:805 - Attr not supported : Dmpu
2024-07-17 21:27:51,527 [ERROR] ConditionMgr:805 - Attr not supported : Dmpu
2024-07-17 21:27:51,527 [ERROR] ConditionMgr:805 - Attr not supported : Dmpu
2024-07-17 21:27:51,527 [ERROR] ConditionMgr:805 - Attr not supported : Dmpu
2024-07-17 21:27:51,527 [ERROR] ConditionMgr:805 - Attr not supported : Dmpu
2024-07-17 21:27:51,527 [ERROR] ConditionMgr:805 - Attr not supported : Dmpu
2024-07-17 21:27:51,527 [ERROR] ConditionMgr:805 - Attr not supported : Dmpu
2024-07-17 21:27:51,527 [ERROR] ConditionMgr:805 - Attr not supported : Dmpu
2024-07-17 21:27:51,527 [ERROR] ConditionMgr:805 - Attr not supported : Dmpu
2024-07-17 21:27:51,527 [ERROR] ConditionMgr:805 - Attr not supported : Dmpu
2024-07-17 21:27:51,527 [ERROR] ConditionMgr:805 - Attr not supported : Dmpu
2024-07-17 21:27:51,527 [ERROR] ConditionMgr:805 - Attr not supported : Dmpu
2024-07-17 21:27:51,527 [ERROR] ConditionMgr:805 - Attr not supported : Dmpu
2024-07-17 21:27:51,527 [ERROR] ConditionMgr:805 - Attr not supported : Dmpu
2024-07-17 21:27:51,527 [ERROR] ConditionMgr:805 - Attr not supported : Dmpu
2024-07-17 21:27:51,540 [WARN] PackLoader:240 - Cannot read IP mode file for RealThread.X-CUBE-RT-Thread_Nano.4.1.1
2024-07-17 21:27:51,550 [WARN] PackLoader:240 - Cannot read IP mode file for STMicroelectronics.FP-ATR-SIGFOX1.3.2.0
2024-07-17 21:27:51,562 [WARN] PackLoader:240 - Cannot read IP mode file for STMicroelectronics.X-CUBE-EEPRMA1.5.1.0
2024-07-17 21:27:51,590 [WARN] PackLoader:240 - Cannot read IP mode file for SEGGER.I-CUBE-embOS.1.3.1
2024-07-17 21:27:51,619 [WARN] PackLoader:240 - Cannot read IP mode file for STMicroelectronics.X-CUBE-ALGOBUILD.1.4.0
2024-07-17 21:27:51,630 [WARN] PackLoader:240 - Cannot read IP mode file for STMicroelectronics.X-CUBE-GNSS1.6.0.0
2024-07-17 21:27:51,651 [WARN] PackLoader:240 - Cannot read IP mode file for STMicroelectronics.X-CUBE-AZRTOS-F4.1.1.0
2024-07-17 21:27:51,663 [WARN] PackLoader:240 - Cannot read IP mode file for STMicroelectronics.X-CUBE-FREERTOS.1.2.0
2024-07-17 21:27:51,673 [WARN] PackLoader:240 - Cannot read IP mode file for wolfSSL.I-CUBE-wolfSSL.5.6.6
2024-07-17 21:27:51,691 [WARN] PackLoader:240 - Cannot read IP mode file for STMicroelectronics.X-CUBE-AZRTOS-L5.2.0.0
2024-07-17 21:27:51,703 [WARN] PackLoader:240 - Cannot read IP mode file for STMicroelectronics.X-CUBE-NFC6.3.1.0
2024-07-17 21:27:51,719 [WARN] PackLoader:240 - Cannot read IP mode file for ITTIA_DB.I-CUBE-ITTIADB.8.8.0
2024-07-17 21:27:51,731 [WARN] PackLoader:240 - Cannot read IP mode file for STMicroelectronics.X-CUBE-DPower.1.2.0
2024-07-17 21:27:51,754 [WARN] PackLoader:240 - Cannot read IP mode file for STMicroelectronics.X-CUBE-AI.9.0.0
2024-07-17 21:27:51,781 [WARN] PackLoader:240 - Cannot read IP mode file for STMicroelectronics.X-CUBE-NFC7.1.0.1
2024-07-17 21:27:51,794 [WARN] PackLoader:240 - Cannot read IP mode file for wolfSSL.I-CUBE-wolfTPM.3.2.0
2024-07-17 21:27:51,806 [WARN] PackLoader:240 - Cannot read IP mode file for STMicroelectronics.X-CUBE-AI.8.1.0
2024-07-17 21:27:51,827 [WARN] ConditionMgr:438 - getConditionDescription Invalid condition id : LAN8742 Phy interface Condition cause : null
2024-07-17 21:27:51,828 [WARN] PackLoader:240 - Cannot read IP mode file for STMicroelectronics.X-CUBE-AZRTOS-L4.2.0.0
2024-07-17 21:27:51,829 [WARN] ConditionMgr:1039 - genDependencies : Invalid condition id : LAN8742 Phy interface Condition cause : null
2024-07-17 21:27:51,829 [WARN] ConditionMgr:1039 - genDependencies : Invalid condition id : LAN8742 Phy interface Condition cause : null
2024-07-17 21:27:51,829 [WARN] ConditionMgr:1039 - genDependencies : Invalid condition id : LAN8742 Phy interface Condition cause : null
2024-07-17 21:27:51,843 [WARN] PackLoader:240 - Cannot read IP mode file for STMicroelectronics.X-CUBE-SFXS2LP1.4.0.0
2024-07-17 21:27:51,863 [WARN] ConditionMgr:438 - getConditionDescription Invalid condition id : UX DEVICE CLASS RTOS Condition cause : null
2024-07-17 21:27:51,863 [WARN] ConditionMgr:438 - getConditionDescription Invalid condition id : UX DEVICE CLASS RTOS Condition cause : null
2024-07-17 21:27:51,864 [WARN] PackLoader:240 - Cannot read IP mode file for STMicroelectronics.X-CUBE-AZRTOS-WB.2.0.0
2024-07-17 21:27:51,864 [WARN] ConditionMgr:1039 - genDependencies : Invalid condition id : UX DEVICE CLASS RTOS Condition cause : null
2024-07-17 21:27:51,864 [WARN] ConditionMgr:1039 - genDependencies : Invalid condition id : UX DEVICE CLASS RTOS Condition cause : null
2024-07-17 21:27:51,864 [WARN] ConditionMgr:1039 - genDependencies : Invalid condition id : UX DEVICE CLASS RTOS Condition cause : null
2024-07-17 21:27:51,864 [WARN] ConditionMgr:1039 - genDependencies : Invalid condition id : UX DEVICE CLASS RTOS Condition cause : null
2024-07-17 21:27:51,864 [WARN] ConditionMgr:1039 - genDependencies : Invalid condition id : UX DEVICE CLASS RTOS Condition cause : null
2024-07-17 21:27:51,880 [WARN] PackLoader:240 - Cannot read IP mode file for STMicroelectronics.X-CUBE-SUBG2.5.0.0
2024-07-17 21:27:51,899 [WARN] PackLoader:240 - Cannot read IP mode file for STMicroelectronics.X-CUBE-AZRTOS-G4.2.0.0
2024-07-17 21:27:51,915 [WARN] PackLoader:240 - Cannot read IP mode file for Infineon.AIROC-Wi-Fi-Bluetooth-STM32.1.5.1
2024-07-17 21:27:51,924 [WARN] PackLoader:240 - Cannot read IP mode file for STMicroelectronics.FP-SNS-MOTENVWB1.1.3.1
2024-07-17 21:27:51,933 [WARN] PackLoader:240 - Cannot read IP mode file for STMicroelectronics.X-CUBE-ISPU.2.0.0
2024-07-17 21:27:51,943 [WARN] PackLoader:240 - Cannot read IP mode file for STMicroelectronics.X-CUBE-ALS.1.0.2
2024-07-17 21:27:51,974 [WARN] PackLoader:240 - Cannot read IP mode file for STMicroelectronics.X-CUBE-MEMS1.10.0.0
2024-07-17 21:27:52,037 [WARN] PackLoader:240 - Cannot read IP mode file for STMicroelectronics.X-CUBE-FREERTOS.1.1.0
2024-07-17 21:27:52,047 [WARN] PackLoader:240 - Cannot read IP mode file for STMicroelectronics.X-CUBE-TOUCHGFX.4.24.0
2024-07-17 21:27:52,059 [WARN] PackLoader:240 - Cannot read IP mode file for portGmbH.I-Cube-SoM-uGOAL.1.1.0
2024-07-17 21:27:52,072 [WARN] PackLoader:240 - Cannot read IP mode file for STMicroelectronics.X-CUBE-ALS.1.0.1
2024-07-17 21:27:52,095 [WARN] PackLoader:240 - Cannot read IP mode file for STMicroelectronics.X-CUBE-AZRTOS-H7RS.1.0.0
2024-07-17 21:27:52,106 [WARN] PackLoader:240 - Cannot read IP mode file for STMicroelectronics.FP-ATR-ASTRA1.2.0.0
2024-07-17 21:27:52,120 [WARN] PackLoader:240 - Cannot read IP mode file for STMicroelectronics.X-CUBE-TOF1.3.4.1
2024-07-17 21:27:52,261 [WARN] PackLoader:240 - Cannot read IP mode file for STMicroelectronics.X-CUBE-AZRTOS-H7.3.2.0
2024-07-17 21:27:52,275 [WARN] PackLoader:240 - Cannot read IP mode file for wolfSSL.I-CUBE-wolfSSH.1.4.17
2024-07-17 21:27:52,276 [INFO] ThirdParty:978 - Integrity check success = true
2024-07-17 21:27:52,276 [INFO] IntegrityCheckThread:100 - exiting critical section [integrity check]
2024-07-17 21:27:52,276 [INFO] IntegrityCheckThread:103 - End integrity checks thread
2024-07-17 21:27:52,602 [INFO] WebApp:161 - Instantiating new browser for Auth
2024-07-17 21:27:53,032 [INFO] WebApp:779 - Register for checkConnection events
2024-07-17 21:27:53,032 [INFO] WebApp:414 - Apply proxy settings
2024-07-17 21:27:53,032 [INFO] WebApp:499 - Chromium requires no authentication
2024-07-17 21:27:53,039 [INFO] WebApp:442 - Direct internet connection detected
2024-07-17 21:27:53,161 [INFO] WebApp:192 - Starting web application
2024-07-17 21:27:53,161 [INFO] WebApp:544 - Web application path used C:\ST\STM32CubeIDE_1.15.0\STM32CubeIDE\plugins\com.st.stm32cube.common.mx_6.11.0.202403141607\db\plugins\mcufinder\reactClient1\index.html
2024-07-17 21:34:07,157 [INFO] McuFinderGlobals:63 - Set McuFinder mode to 2 (CubeIDE integrated)
2024-07-17 21:34:07,179 [INFO] MainUpdater:2873 - connection check result : 10
2024-07-17 21:34:07,185 [INFO] MainUpdater:2873 - connection check result : 10
2024-07-17 21:34:07,323 [INFO] MicroXplorer:468 - Change Database Path : 
2024-07-17 21:34:07,323 [INFO] MicroXplorer:498 - Change Database Version : DB.6.0.110
2024-07-17 21:34:07,327 [WARN] ThirdParty:871 - waiting for thirdparty lock release [close project]
2024-07-17 21:34:07,327 [INFO] ThirdParty:873 - entering critical section [close project]
2024-07-17 21:34:07,328 [INFO] ThirdParty:883 - exiting critical section [close project]
2024-07-17 21:34:07,329 [INFO] PinOutPanel:1561 - setPackage(No Configuration,No Configuration)
2024-07-17 21:34:07,331 [INFO] UtilMem:75 - Begin LoadConfig() Used Memory: 706022912 Bytes (1073741824)
2024-07-17 21:34:07,333 [INFO] MicroXplorer:468 - Change Database Path : 
2024-07-17 21:34:07,333 [INFO] MicroXplorer:498 - Change Database Version : DB.6.0.110
2024-07-17 21:34:07,333 [INFO] OpenFileManager:312 - Change cursor
2024-07-17 21:34:07,368 [INFO] Mcu:2021 - Initializing MCU STM32L4R5ZITxP STM32L4R5ZITxP STM32L4R5ZIT6P
2024-07-17 21:34:09,468 [INFO] Context:663 - Trying to add GPIOservice into a context  which must be forbidden
2024-07-17 21:34:10,014 [INFO] RtosManager:555 - Registered RTOS mode: class=CMSIS, group=RTOS, mode=CMSIS_V1, owner=FREERTOS
2024-07-17 21:34:10,015 [INFO] RtosManager:555 - Registered RTOS mode: class=CMSIS, group=RTOS2, mode=CMSIS_V2, owner=FREERTOS
2024-07-17 21:34:10,015 [INFO] RtosManager:555 - Registered RTOS mode: class=RTOS, group=Core, mode=CMSIS_V1, owner=FREERTOS
2024-07-17 21:34:10,015 [INFO] RtosManager:555 - Registered RTOS mode: class=RTOS, group=Core, mode=CMSIS_V2, owner=FREERTOS
2024-07-17 21:34:10,015 [WARN] ModelIntegratedComponent:184 - Missing modes for component STMicroelectronics:FreeRTOS:0.0.1:STMicroelectronics:RTOS:FreeRTOS:Core:::10.2.0:
2024-07-17 21:34:10,032 [WARN] ModelIntegratedComponent:63 - No mode defined for component null
2024-07-17 21:34:10,032 [WARN] ModelIntegratedComponent:63 - No mode defined for component null
2024-07-17 21:34:10,033 [WARN] ModelIntegratedComponent:63 - No mode defined for component null
2024-07-17 21:34:10,033 [WARN] ModelIntegratedComponent:63 - No mode defined for component null
2024-07-17 21:34:10,033 [WARN] ModelIntegratedComponent:63 - No mode defined for component null
2024-07-17 21:34:10,033 [WARN] ModelIntegratedComponent:63 - No mode defined for component null
2024-07-17 21:34:10,033 [WARN] ModelIntegratedComponent:63 - No mode defined for component null
2024-07-17 21:34:10,033 [WARN] ModelIntegratedComponent:63 - No mode defined for component null
2024-07-17 21:34:10,033 [WARN] ModelIntegratedComponent:63 - No mode defined for component null
2024-07-17 21:34:10,033 [WARN] ModelIntegratedComponent:63 - No mode defined for component null
2024-07-17 21:34:10,033 [WARN] ModelIntegratedComponent:63 - No mode defined for component null
2024-07-17 21:34:10,033 [WARN] ModelIntegratedComponent:63 - No mode defined for component null
2024-07-17 21:34:10,033 [WARN] ModelIntegratedComponent:63 - No mode defined for component null
2024-07-17 21:34:10,033 [WARN] ModelIntegratedComponent:63 - No mode defined for component null
2024-07-17 21:34:10,033 [WARN] ModelIntegratedComponent:63 - No mode defined for component null
2024-07-17 21:34:10,034 [WARN] ModelIntegratedComponent:63 - No mode defined for component null
2024-07-17 21:34:10,034 [WARN] ModelIntegratedComponent:63 - No mode defined for component null
2024-07-17 21:34:10,034 [WARN] ModelIntegratedComponent:63 - No mode defined for component null
2024-07-17 21:34:10,034 [WARN] ModelIntegratedComponent:63 - No mode defined for component null
2024-07-17 21:34:10,034 [WARN] ModelIntegratedComponent:63 - No mode defined for component null
2024-07-17 21:34:10,034 [WARN] ModelIntegratedComponent:63 - No mode defined for component null
2024-07-17 21:34:10,034 [WARN] ModelIntegratedComponent:63 - No mode defined for component null
2024-07-17 21:34:10,034 [WARN] ModelIntegratedComponent:63 - No mode defined for component null
2024-07-17 21:34:10,034 [WARN] ModelIntegratedComponent:63 - No mode defined for component null
2024-07-17 21:34:10,034 [WARN] ModelIntegratedComponent:63 - No mode defined for component null
2024-07-17 21:34:10,034 [WARN] ModelIntegratedComponent:63 - No mode defined for component null
2024-07-17 21:34:10,035 [WARN] ModelIntegratedComponent:63 - No mode defined for component null
2024-07-17 21:34:10,035 [WARN] ModelIntegratedComponent:63 - No mode defined for component null
2024-07-17 21:34:10,035 [WARN] ModelIntegratedComponent:63 - No mode defined for component null
2024-07-17 21:34:10,035 [WARN] ModelIntegratedComponent:63 - No mode defined for component null
2024-07-17 21:34:10,035 [WARN] ModelIntegratedComponent:63 - No mode defined for component null
2024-07-17 21:34:10,035 [WARN] ModelIntegratedComponent:63 - No mode defined for component null
2024-07-17 21:34:10,035 [WARN] ModelIntegratedComponent:63 - No mode defined for component null
2024-07-17 21:34:10,035 [WARN] ModelIntegratedComponent:63 - No mode defined for component null
2024-07-17 21:34:10,106 [INFO] ThirdPartyModel:298 - Start build external matchings
2024-07-17 21:34:10,270 [INFO] ThirdPartyModel:316 - End build external matchings
2024-07-17 21:34:10,278 [INFO] ImportTextPane:194 - (OptionalMessage_ERROR) IP (RCC) : Invalid parameter (FamilyName)
2024-07-17 21:34:10,278 [INFO] ImportTextPane:194 - (OptionalMessage_ERROR) IP (RCC) : Parameter (PLLDSIVCOFreq_Value) has invalid value (320000000)
2024-07-17 21:34:10,748 [INFO] ApiDb:581 - Connected to CubeFinder SQLite database (C:\Users\musa\.stmcufinder\plugins\mcufinder\mcu\cube-finder-db.db)
2024-07-17 21:34:10,801 [INFO] ApiDb:668 - CubeFinder database Data Model version=2.1
2024-07-17 21:34:10,801 [INFO] ApiDb:669 - CubeFinder database Configuration version=3.0.39
2024-07-17 21:34:10,801 [INFO] ApiDb:670 - CubeFinder database generation date=2024-06-20 (1718880634)
2024-07-17 21:34:10,801 [INFO] ApiDb:671 - CubeFinder database FW Pack versions=[FP-ATR-ASTRA1_V2.0.0, FP-SNS-FLIGHT1_V5.0.2, FP-SNS-MOTENV1_V5.0.0, FP-SNS-MOTENVWB1_V1.4.0, FP-SNS-SMARTAG2_V1.2.0, STM32Cube_FW_C0_V1.2.0, STM32Cube_FW_F4_V1.28.0, STM32Cube_FW_F7_V1.17.2, STM32Cube_FW_G0_V1.6.2, STM32Cube_FW_G4_V1.6.0, STM32Cube_FW_H5_V1.3.0, STM32Cube_FW_H7RS_V1.1.0, STM32Cube_FW_H7_V1.11.2, STM32Cube_FW_L0_V1.12.2, STM32Cube_FW_L5_V1.5.1, STM32Cube_FW_U0_V1.1.0, STM32Cube_FW_U5_V1.6.0, STM32Cube_FW_WB0_V1.0.0, STM32Cube_FW_WBA_V1.4.0, STM32Cube_FW_WB_V1.20.0, STM32Cube_FW_WL_V1.3.0, X-CUBE-ALGOBUILD_V1.4.0, X-CUBE-ALS_V1.0.2, X-CUBE-AZRTOS-F4_V1.1.0, X-CUBE-AZRTOS-F7_V1.1.0, X-CUBE-AZRTOS-G0_V1.1.0, X-CUBE-AZRTOS-G4_V2.0.0, X-CUBE-AZRTOS-H7RS_V1.0.0, X-CUBE-AZRTOS-H7_V3.2.0, X-CUBE-AZRTOS-L4_V2.0.0, X-CUBE-AZRTOS-L5_V1.1.0, X-CUBE-AZRTOS-WB_V2.0.0, X-CUBE-AZRTOS-WL_V2.0.0, X-CUBE-BLE1_V7.0.0, X-CUBE-BLE2_V3.3.0, X-CUBE-BLEMGR_V3.1.0, X-CUBE-EEPRMA1_V5.1.0, X-CUBE-FREERTOS_V1.2.0, X-CUBE-GNSS1_V6.0.0, X-CUBE-MEMS1_V10.0.0, X-CUBE-NFC4_V3.0.0, X-CUBE-NFC7_V1.0.1, X-CUBE-SFXS2LP1_V4.0.0, X-CUBE-SUBG2_V5.0.0, X-CUBE-TOF1_V3.4.1]
2024-07-17 21:34:10,925 [INFO] DbBoardsSqlite:226 - include board P-NUCLEO-WB55-NUCLEO as a kit item of type 'Nucleo-64'
2024-07-17 21:34:10,925 [INFO] DbBoardsSqlite:226 - include board P-NUCLEO-WB55-USBDONGLE as a kit item of type 'Nucleo USB Dongle'
2024-07-17 21:34:10,927 [INFO] DbBoardsSqlite:226 - include board STEVAL-IDP005V1 as a kit item of type 'Evaluation Board'
2024-07-17 21:34:10,927 [INFO] DbBoardsSqlite:226 - include board STEVAL-IDP005V2 as a kit item of type 'Evaluation Board'
2024-07-17 21:34:11,255 [INFO] ApiDb:240 - Found 483 in-development CPN: [B-G473E-ZEST1S, B-WB1M-WPAN1, B-WL5M-SUBG1, NUCLEO-C031C6, NUCLEO-H503RB, NUCLEO-H533RE, NUCLEO-H563ZI, NUCLEO-H7S3L8, NUCLEO-U031R8, NUCLEO-U083RC, NUCLEO-U545RE-Q, NUCLEO-U5A5ZJ-Q, NUCLEO-WBA52CG, NUCLEO-WBA55CG, STEVAL-PROTEUS1, STEVAL-SMARTAG2, STEVAL-STWINBX1, STM320518-EVAL, STM32C0116-DK, STM32C011D6Y3TR, STM32C011D6Y6TR, STM32C011F4P3, STM32C011F4P6, STM32C011F4U3, STM32C011F4U6TR, STM32C011F6P3, STM32C011F6P6, STM32C011F6U3, STM32C011F6U6TR, STM32C011J4M3, STM32C011J4M6, STM32C011J6M3, STM32C011J6M6, STM32C0316-DK, STM32C031C4T3, STM32C031C4T6, STM32C031C4U3, STM32C031C4U6, STM32C031C6T3, STM32C031C6T6, STM32C031C6U3, STM32C031C6U6, STM32C031F4P3, STM32C031F4P6, STM32C031F6P3, STM32C031F6P6, STM32C031G4U3, STM32C031G4U6, STM32C031G6U3, STM32C031G6U6, STM32C031K4T3, STM32C031K4T6, STM32C031K4U3, STM32C031K4U6, STM32C031K6T3, STM32C031K6T6, STM32C031K6U3, STM32C031K6U6, STM32G071K8TXN, STM32G071K8UXN, STM32G081GBU6N, STM32G081KBT6N, STM32G081KBUXN, STM32G0B1CCT6N, STM32G0B1KCT6, STM32G0B1NEY6TR, STM32G0B1RCT6N, STM32G0C1CCT6, STM32G0C1CCT6N, STM32G0C1CCU6N, STM32G0C1CET6N, STM32G0C1CEU6N, STM32G0C1KCT6, STM32G0C1NEY6TR, STM32G0C1RCI6N, STM32G0C1RCT6N, STM32G0C1REI6N, STM32G0C1RET6N, STM32G0C1VCI6, STM32G0C1VEI6, STM32G471CCT6, STM32G471CCU6, STM32G471CET3, STM32G471CET6, STM32G471CEU3, STM32G471CEU6, STM32G471MCT6, STM32G471MET3, STM32G471MET6, STM32G471MEY6TR, STM32G471QCT6, STM32G471QET3, STM32G471RCT6, STM32G471RET3, STM32G471RET6, STM32G471VCH6, STM32G471VCI6, STM32G471VCT6, STM32G471VEH3, STM32G471VEH6, STM32G471VEI3, STM32G471VEI6, STM32G471VET3, STM32G471VET6, STM32G474CCT6, STM32H503CBT6, STM32H503CBU6, STM32H503EBY6TR, STM32H503KBU6, STM32H503RBT6, STM32H523CCT6, STM32H523CCU6, STM32H523CET6, STM32H523CEU6, STM32H523HEY6TR, STM32H523RCT6, STM32H523RET6, STM32H523VCI6, STM32H523VCT6, STM32H523VEI6, STM32H523VET6, STM32H523ZCJ6, STM32H523ZCT6, STM32H523ZEJ6, STM32H523ZET6, STM32H533CET6, STM32H533CEU6, STM32H533HEY6TR, STM32H533RET6, STM32H533VEI6, STM32H533VET6, STM32H533ZEJ6, STM32H533ZET6, STM32H562AGI6, STM32H562AII6, STM32H562IGK6, STM32H562IGT6, STM32H562IIK6, STM32H562IIT6, STM32H562RGT6, STM32H562RGV6, STM32H562RIT6, STM32H562RIV6, STM32H562VGT6, STM32H562VIT6, STM32H562ZGT6, STM32H562ZIT6, STM32H563AGI6, STM32H563AII3Q, STM32H563AII6, STM32H563IGK6, STM32H563IGT6, STM32H563IIK3Q, STM32H563IIK6, STM32H563IIT3Q, STM32H563IIT6, STM32H563MIY3QTR, STM32H563RGT6, STM32H563RGV6, STM32H563RIT6, STM32H563RIV6, STM32H563VGT6, STM32H563VIT3Q, STM32H563VIT6, STM32H563ZGT6, STM32H563ZIT3Q, STM32H563ZIT6, STM32H573AII3Q, STM32H573AII6, STM32H573I-DK, STM32H573IIK3Q, STM32H573IIK6, STM32H573IIT3Q, STM32H573IIT6, STM32H573MIY3QTR, STM32H573RIT6, STM32H573RIV6, STM32H573VIT3Q, STM32H573VIT6, STM32H573ZIT3Q, STM32H573ZIT6, STM32H7R3A8I6, STM32H7R3I8K6, STM32H7R3I8T6, STM32H7R3L8H6, STM32H7R3L8H6H, STM32H7R3R8V6, STM32H7R3V8H6, STM32H7R3V8T6, STM32H7R3V8Y6, STM32H7R3Z8J6, STM32H7R3Z8T6, STM32H7R7A8I6, STM32H7R7I8K6, STM32H7R7I8T6, STM32H7R7L8H6, STM32H7R7L8H6H, STM32H7R7Z8J6, STM32H7S3A8I6, STM32H7S3I8K6, STM32H7S3I8T6, STM32H7S3L8H6, STM32H7S3L8H6H, STM32H7S3R8V6, STM32H7S3V8H6, STM32H7S3V8T6, STM32H7S3V8Y6, STM32H7S3Z8J6, STM32H7S3Z8T6, STM32H7S78-DK, STM32H7S7A8I6, STM32H7S7I8K6, STM32H7S7I8T6, STM32H7S7L8H6, STM32H7S7L8H6H, STM32H7S7Z8J6, STM32L4R5QGI6STR, STM32MP131AAE3, STM32MP131AAF3, STM32MP131AAG3, STM32MP131CAE3, STM32MP131CAF3, STM32MP131CAG3, STM32MP131DAE7, STM32MP131DAF7, STM32MP131DAG7, STM32MP131FAE7, STM32MP131FAF7, STM32MP131FAG7, STM32MP133AAE3, STM32MP133AAF3, STM32MP133AAG3, STM32MP133CAE3, STM32MP133CAF3, STM32MP133CAG3, STM32MP133DAE7, STM32MP133DAF7, STM32MP133DAG7, STM32MP133FAE7, STM32MP133FAF7, STM32MP133FAG7, STM32MP135AAE3, STM32MP135AAF3, STM32MP135AAG3, STM32MP135CAE3, STM32MP135CAF3, STM32MP135CAG3, STM32MP135DAE7, STM32MP135DAF7, STM32MP135DAG7, STM32MP135F-DK, STM32MP135FAE7, STM32MP135FAF7, STM32MP135FAF7T, STM32MP135FAF7U, STM32MP135FAG7, STM32U031C6T6, STM32U031C6U6, STM32U031C8T6, STM32U031C8U6, STM32U031F4P6, STM32U031F6P6, STM32U031F8P6, STM32U031G6Y6TR, STM32U031G8Y6TR, STM32U031K4U6, STM32U031K6U6, STM32U031K8U6, STM32U031R6I6, STM32U031R6T6, STM32U031R8I6, STM32U031R8T6, STM32U073C8T6, STM32U073C8U6, STM32U073CBT6, STM32U073CBU6, STM32U073CCT6, STM32U073CCU6, STM32U073H8Y6TR, STM32U073HBY6TR, STM32U073HCY6TR, STM32U073K8U6, STM32U073KBU6, STM32U073KCU6, STM32U073M8I6, STM32U073M8T6, STM32U073MBI6, STM32U073MBT6, STM32U073MCI6, STM32U073MCT6, STM32U073R8I6, STM32U073R8T6, STM32U073RBI6, STM32U073RBT6, STM32U073RCI6, STM32U073RCT6, STM32U083C-DK, STM32U083CCT6, STM32U083CCU6, STM32U083HCY6TR, STM32U083KCU6, STM32U083MCI6, STM32U083MCT6, STM32U083RCI6, STM32U083RCT6, STM32U535CBT6, STM32U535CBT6Q, STM32U535CBU6, STM32U535CBU6Q, STM32U535CCT6, STM32U535CCT6Q, STM32U535CCU6, STM32U535CCU6Q, STM32U535CET6, STM32U535CET6Q, STM32U535CEU6, STM32U535CEU6Q, STM32U535JEY6QTR, STM32U535NCY6QTR, STM32U535NEY6QTR, STM32U535RBI6, STM32U535RBI6Q, STM32U535RBT6, STM32U535RBT6Q, STM32U535RCI6, STM32U535RCI6Q, STM32U535RCT6, STM32U535RCT6Q, STM32U535REI6, STM32U535REI6Q, STM32U535RET6, STM32U535RET6Q, STM32U535VCI6, STM32U535VCI6Q, STM32U535VCT6, STM32U535VCT6Q, STM32U535VEI6, STM32U535VEI6Q, STM32U535VET6, STM32U535VET6Q, STM32U545CET6, STM32U545CET6Q, STM32U545CEU6, STM32U545CEU6Q, STM32U545JEY6QTR, STM32U545NEY6QTR, STM32U545REI6, STM32U545REI6Q, STM32U545RET6, STM32U545RET6Q, STM32U545VEI6, STM32U545VEI6Q, STM32U545VET6, STM32U545VET6Q, STM32U595AIH6, STM32U595AIH6Q, STM32U595AJH6, STM32U595AJH6Q, STM32U595QII6, STM32U595QII6Q, STM32U595QJI6, STM32U595QJI6Q, STM32U595RIT6, STM32U595RIT6Q, STM32U595RJT6, STM32U595RJT6Q, STM32U595VIT6, STM32U595VIT6Q, STM32U595VJT6, STM32U595VJT6Q, STM32U595ZIT6, STM32U595ZIT6Q, STM32U595ZIY6QTR, STM32U595ZJT6, STM32U595ZJT6Q, STM32U595ZJY6QTR, STM32U599BJY6QTR, STM32U599NIH6Q, STM32U599NJH6Q, STM32U599VIT6Q, STM32U599VJT6, STM32U599VJT6Q, STM32U599ZIT6Q, STM32U599ZIY6QTR, STM32U599ZJT6Q, STM32U599ZJY6QTR, STM32U5A5AJH6, STM32U5A5AJH6Q, STM32U5A5QII3Q , STM32U5A5QJI6, STM32U5A5QJI6Q, STM32U5A5RJT6, STM32U5A5RJT6Q, STM32U5A5VJT6, STM32U5A5VJT6Q, STM32U5A5ZJT6, STM32U5A5ZJT6Q, STM32U5A5ZJY6QTR, STM32U5A9BJY6QTR, STM32U5A9J-DK, STM32U5A9NJH6Q, STM32U5A9VJT6Q, STM32U5A9ZJT6Q, STM32U5A9ZJY6QTR, STM32U5F7VIT6, STM32U5F7VIT6Q, STM32U5F7VJT6, STM32U5F7VJT6Q, STM32U5F9BJY6QTR, STM32U5F9NJH6Q, STM32U5F9VIT6Q, STM32U5F9VJT6Q, STM32U5F9ZIJ6QTR, STM32U5F9ZIT6Q, STM32U5F9ZJJ6QTR, STM32U5F9ZJT6Q, STM32U5G7VJT6, STM32U5G7VJT6Q, STM32U5G9BJY6QTR, STM32U5G9J-DK1, STM32U5G9J-DK2, STM32U5G9NJH6Q, STM32U5G9VJT6Q, STM32U5G9ZJJ6QTR, STM32U5G9ZJT6Q, STM32WB1MMCH6, STM32WBA50KEU6, STM32WBA50KEU6TR, STM32WBA50KGU6, STM32WBA50KGU6TR, STM32WBA52CEU6, STM32WBA52CEU6TR, STM32WBA52CEU7, STM32WBA52CEU7TR, STM32WBA52CGU6, STM32WBA52CGU6TR, STM32WBA52CGU6U, STM32WBA52CGU7, STM32WBA52CGU7TR, STM32WBA52KEU6, STM32WBA52KEU6TR, STM32WBA52KGU6, STM32WBA52KGU6TR, STM32WBA54CEU6, STM32WBA54CEU6TR, STM32WBA54CEU7, STM32WBA54CEU7TR, STM32WBA54CGU6, STM32WBA54CGU6TR, STM32WBA54CGU7, STM32WBA54CGU7TR, STM32WBA54KEU6, STM32WBA54KEU6TR, STM32WBA54KEU7, STM32WBA54KEU7TR, STM32WBA54KGU6, STM32WBA54KGU6TR, STM32WBA54KGU7, STM32WBA54KGU7TR, STM32WBA55CEU6, STM32WBA55CEU6TR, STM32WBA55CEU7, STM32WBA55CEU7TR, STM32WBA55CGU6, STM32WBA55CGU6TR, STM32WBA55CGU6U, STM32WBA55CGU7, STM32WBA55CGU7TR, STM32WBA55G-DK1, STM32WBA55HEF6, STM32WBA55HEF7, STM32WBA55HGF6, STM32WBA55HGF7, STM32WBA55UEI6, STM32WBA55UEI6TR, STM32WBA55UEI7, STM32WBA55UEI7TR, STM32WBA55UGI6, STM32WBA55UGI6TR, STM32WBA55UGI7, STM32WBA55UGI7TR, STM32WL5MOCH6, STM32WL5MOCH6TR]
2024-07-17 21:34:11,259 [INFO] ApiDb:668 - CubeFinder database Data Model version=2.1
2024-07-17 21:34:11,259 [INFO] ApiDb:669 - CubeFinder database Configuration version=3.0.39
2024-07-17 21:34:11,260 [INFO] ApiDb:670 - CubeFinder database generation date=2024-06-20 (1718880634)
2024-07-17 21:34:11,260 [INFO] ApiDb:671 - CubeFinder database FW Pack versions=[FP-ATR-ASTRA1_V2.0.0, FP-SNS-FLIGHT1_V5.0.2, FP-SNS-MOTENV1_V5.0.0, FP-SNS-MOTENVWB1_V1.4.0, FP-SNS-SMARTAG2_V1.2.0, STM32Cube_FW_C0_V1.2.0, STM32Cube_FW_F4_V1.28.0, STM32Cube_FW_F7_V1.17.2, STM32Cube_FW_G0_V1.6.2, STM32Cube_FW_G4_V1.6.0, STM32Cube_FW_H5_V1.3.0, STM32Cube_FW_H7RS_V1.1.0, STM32Cube_FW_H7_V1.11.2, STM32Cube_FW_L0_V1.12.2, STM32Cube_FW_L5_V1.5.1, STM32Cube_FW_U0_V1.1.0, STM32Cube_FW_U5_V1.6.0, STM32Cube_FW_WB0_V1.0.0, STM32Cube_FW_WBA_V1.4.0, STM32Cube_FW_WB_V1.20.0, STM32Cube_FW_WL_V1.3.0, X-CUBE-ALGOBUILD_V1.4.0, X-CUBE-ALS_V1.0.2, X-CUBE-AZRTOS-F4_V1.1.0, X-CUBE-AZRTOS-F7_V1.1.0, X-CUBE-AZRTOS-G0_V1.1.0, X-CUBE-AZRTOS-G4_V2.0.0, X-CUBE-AZRTOS-H7RS_V1.0.0, X-CUBE-AZRTOS-H7_V3.2.0, X-CUBE-AZRTOS-L4_V2.0.0, X-CUBE-AZRTOS-L5_V1.1.0, X-CUBE-AZRTOS-WB_V2.0.0, X-CUBE-AZRTOS-WL_V2.0.0, X-CUBE-BLE1_V7.0.0, X-CUBE-BLE2_V3.3.0, X-CUBE-BLEMGR_V3.1.0, X-CUBE-EEPRMA1_V5.1.0, X-CUBE-FREERTOS_V1.2.0, X-CUBE-GNSS1_V6.0.0, X-CUBE-MEMS1_V10.0.0, X-CUBE-NFC4_V3.0.0, X-CUBE-NFC7_V1.0.1, X-CUBE-SFXS2LP1_V4.0.0, X-CUBE-SUBG2_V5.0.0, X-CUBE-TOF1_V3.4.1]
2024-07-17 21:34:12,548 [INFO] ApiDb:240 - Found 483 in-development CPN: [B-G473E-ZEST1S, B-WB1M-WPAN1, B-WL5M-SUBG1, NUCLEO-C031C6, NUCLEO-H503RB, NUCLEO-H533RE, NUCLEO-H563ZI, NUCLEO-H7S3L8, NUCLEO-U031R8, NUCLEO-U083RC, NUCLEO-U545RE-Q, NUCLEO-U5A5ZJ-Q, NUCLEO-WBA52CG, NUCLEO-WBA55CG, STEVAL-PROTEUS1, STEVAL-SMARTAG2, STEVAL-STWINBX1, STM320518-EVAL, STM32C0116-DK, STM32C011D6Y3TR, STM32C011D6Y6TR, STM32C011F4P3, STM32C011F4P6, STM32C011F4U3, STM32C011F4U6TR, STM32C011F6P3, STM32C011F6P6, STM32C011F6U3, STM32C011F6U6TR, STM32C011J4M3, STM32C011J4M6, STM32C011J6M3, STM32C011J6M6, STM32C0316-DK, STM32C031C4T3, STM32C031C4T6, STM32C031C4U3, STM32C031C4U6, STM32C031C6T3, STM32C031C6T6, STM32C031C6U3, STM32C031C6U6, STM32C031F4P3, STM32C031F4P6, STM32C031F6P3, STM32C031F6P6, STM32C031G4U3, STM32C031G4U6, STM32C031G6U3, STM32C031G6U6, STM32C031K4T3, STM32C031K4T6, STM32C031K4U3, STM32C031K4U6, STM32C031K6T3, STM32C031K6T6, STM32C031K6U3, STM32C031K6U6, STM32G071K8TXN, STM32G071K8UXN, STM32G081GBU6N, STM32G081KBT6N, STM32G081KBUXN, STM32G0B1CCT6N, STM32G0B1KCT6, STM32G0B1NEY6TR, STM32G0B1RCT6N, STM32G0C1CCT6, STM32G0C1CCT6N, STM32G0C1CCU6N, STM32G0C1CET6N, STM32G0C1CEU6N, STM32G0C1KCT6, STM32G0C1NEY6TR, STM32G0C1RCI6N, STM32G0C1RCT6N, STM32G0C1REI6N, STM32G0C1RET6N, STM32G0C1VCI6, STM32G0C1VEI6, STM32G471CCT6, STM32G471CCU6, STM32G471CET3, STM32G471CET6, STM32G471CEU3, STM32G471CEU6, STM32G471MCT6, STM32G471MET3, STM32G471MET6, STM32G471MEY6TR, STM32G471QCT6, STM32G471QET3, STM32G471RCT6, STM32G471RET3, STM32G471RET6, STM32G471VCH6, STM32G471VCI6, STM32G471VCT6, STM32G471VEH3, STM32G471VEH6, STM32G471VEI3, STM32G471VEI6, STM32G471VET3, STM32G471VET6, STM32G474CCT6, STM32H503CBT6, STM32H503CBU6, STM32H503EBY6TR, STM32H503KBU6, STM32H503RBT6, STM32H523CCT6, STM32H523CCU6, STM32H523CET6, STM32H523CEU6, STM32H523HEY6TR, STM32H523RCT6, STM32H523RET6, STM32H523VCI6, STM32H523VCT6, STM32H523VEI6, STM32H523VET6, STM32H523ZCJ6, STM32H523ZCT6, STM32H523ZEJ6, STM32H523ZET6, STM32H533CET6, STM32H533CEU6, STM32H533HEY6TR, STM32H533RET6, STM32H533VEI6, STM32H533VET6, STM32H533ZEJ6, STM32H533ZET6, STM32H562AGI6, STM32H562AII6, STM32H562IGK6, STM32H562IGT6, STM32H562IIK6, STM32H562IIT6, STM32H562RGT6, STM32H562RGV6, STM32H562RIT6, STM32H562RIV6, STM32H562VGT6, STM32H562VIT6, STM32H562ZGT6, STM32H562ZIT6, STM32H563AGI6, STM32H563AII3Q, STM32H563AII6, STM32H563IGK6, STM32H563IGT6, STM32H563IIK3Q, STM32H563IIK6, STM32H563IIT3Q, STM32H563IIT6, STM32H563MIY3QTR, STM32H563RGT6, STM32H563RGV6, STM32H563RIT6, STM32H563RIV6, STM32H563VGT6, STM32H563VIT3Q, STM32H563VIT6, STM32H563ZGT6, STM32H563ZIT3Q, STM32H563ZIT6, STM32H573AII3Q, STM32H573AII6, STM32H573I-DK, STM32H573IIK3Q, STM32H573IIK6, STM32H573IIT3Q, STM32H573IIT6, STM32H573MIY3QTR, STM32H573RIT6, STM32H573RIV6, STM32H573VIT3Q, STM32H573VIT6, STM32H573ZIT3Q, STM32H573ZIT6, STM32H7R3A8I6, STM32H7R3I8K6, STM32H7R3I8T6, STM32H7R3L8H6, STM32H7R3L8H6H, STM32H7R3R8V6, STM32H7R3V8H6, STM32H7R3V8T6, STM32H7R3V8Y6, STM32H7R3Z8J6, STM32H7R3Z8T6, STM32H7R7A8I6, STM32H7R7I8K6, STM32H7R7I8T6, STM32H7R7L8H6, STM32H7R7L8H6H, STM32H7R7Z8J6, STM32H7S3A8I6, STM32H7S3I8K6, STM32H7S3I8T6, STM32H7S3L8H6, STM32H7S3L8H6H, STM32H7S3R8V6, STM32H7S3V8H6, STM32H7S3V8T6, STM32H7S3V8Y6, STM32H7S3Z8J6, STM32H7S3Z8T6, STM32H7S78-DK, STM32H7S7A8I6, STM32H7S7I8K6, STM32H7S7I8T6, STM32H7S7L8H6, STM32H7S7L8H6H, STM32H7S7Z8J6, STM32L4R5QGI6STR, STM32MP131AAE3, STM32MP131AAF3, STM32MP131AAG3, STM32MP131CAE3, STM32MP131CAF3, STM32MP131CAG3, STM32MP131DAE7, STM32MP131DAF7, STM32MP131DAG7, STM32MP131FAE7, STM32MP131FAF7, STM32MP131FAG7, STM32MP133AAE3, STM32MP133AAF3, STM32MP133AAG3, STM32MP133CAE3, STM32MP133CAF3, STM32MP133CAG3, STM32MP133DAE7, STM32MP133DAF7, STM32MP133DAG7, STM32MP133FAE7, STM32MP133FAF7, STM32MP133FAG7, STM32MP135AAE3, STM32MP135AAF3, STM32MP135AAG3, STM32MP135CAE3, STM32MP135CAF3, STM32MP135CAG3, STM32MP135DAE7, STM32MP135DAF7, STM32MP135DAG7, STM32MP135F-DK, STM32MP135FAE7, STM32MP135FAF7, STM32MP135FAF7T, STM32MP135FAF7U, STM32MP135FAG7, STM32U031C6T6, STM32U031C6U6, STM32U031C8T6, STM32U031C8U6, STM32U031F4P6, STM32U031F6P6, STM32U031F8P6, STM32U031G6Y6TR, STM32U031G8Y6TR, STM32U031K4U6, STM32U031K6U6, STM32U031K8U6, STM32U031R6I6, STM32U031R6T6, STM32U031R8I6, STM32U031R8T6, STM32U073C8T6, STM32U073C8U6, STM32U073CBT6, STM32U073CBU6, STM32U073CCT6, STM32U073CCU6, STM32U073H8Y6TR, STM32U073HBY6TR, STM32U073HCY6TR, STM32U073K8U6, STM32U073KBU6, STM32U073KCU6, STM32U073M8I6, STM32U073M8T6, STM32U073MBI6, STM32U073MBT6, STM32U073MCI6, STM32U073MCT6, STM32U073R8I6, STM32U073R8T6, STM32U073RBI6, STM32U073RBT6, STM32U073RCI6, STM32U073RCT6, STM32U083C-DK, STM32U083CCT6, STM32U083CCU6, STM32U083HCY6TR, STM32U083KCU6, STM32U083MCI6, STM32U083MCT6, STM32U083RCI6, STM32U083RCT6, STM32U535CBT6, STM32U535CBT6Q, STM32U535CBU6, STM32U535CBU6Q, STM32U535CCT6, STM32U535CCT6Q, STM32U535CCU6, STM32U535CCU6Q, STM32U535CET6, STM32U535CET6Q, STM32U535CEU6, STM32U535CEU6Q, STM32U535JEY6QTR, STM32U535NCY6QTR, STM32U535NEY6QTR, STM32U535RBI6, STM32U535RBI6Q, STM32U535RBT6, STM32U535RBT6Q, STM32U535RCI6, STM32U535RCI6Q, STM32U535RCT6, STM32U535RCT6Q, STM32U535REI6, STM32U535REI6Q, STM32U535RET6, STM32U535RET6Q, STM32U535VCI6, STM32U535VCI6Q, STM32U535VCT6, STM32U535VCT6Q, STM32U535VEI6, STM32U535VEI6Q, STM32U535VET6, STM32U535VET6Q, STM32U545CET6, STM32U545CET6Q, STM32U545CEU6, STM32U545CEU6Q, STM32U545JEY6QTR, STM32U545NEY6QTR, STM32U545REI6, STM32U545REI6Q, STM32U545RET6, STM32U545RET6Q, STM32U545VEI6, STM32U545VEI6Q, STM32U545VET6, STM32U545VET6Q, STM32U595AIH6, STM32U595AIH6Q, STM32U595AJH6, STM32U595AJH6Q, STM32U595QII6, STM32U595QII6Q, STM32U595QJI6, STM32U595QJI6Q, STM32U595RIT6, STM32U595RIT6Q, STM32U595RJT6, STM32U595RJT6Q, STM32U595VIT6, STM32U595VIT6Q, STM32U595VJT6, STM32U595VJT6Q, STM32U595ZIT6, STM32U595ZIT6Q, STM32U595ZIY6QTR, STM32U595ZJT6, STM32U595ZJT6Q, STM32U595ZJY6QTR, STM32U599BJY6QTR, STM32U599NIH6Q, STM32U599NJH6Q, STM32U599VIT6Q, STM32U599VJT6, STM32U599VJT6Q, STM32U599ZIT6Q, STM32U599ZIY6QTR, STM32U599ZJT6Q, STM32U599ZJY6QTR, STM32U5A5AJH6, STM32U5A5AJH6Q, STM32U5A5QII3Q , STM32U5A5QJI6, STM32U5A5QJI6Q, STM32U5A5RJT6, STM32U5A5RJT6Q, STM32U5A5VJT6, STM32U5A5VJT6Q, STM32U5A5ZJT6, STM32U5A5ZJT6Q, STM32U5A5ZJY6QTR, STM32U5A9BJY6QTR, STM32U5A9J-DK, STM32U5A9NJH6Q, STM32U5A9VJT6Q, STM32U5A9ZJT6Q, STM32U5A9ZJY6QTR, STM32U5F7VIT6, STM32U5F7VIT6Q, STM32U5F7VJT6, STM32U5F7VJT6Q, STM32U5F9BJY6QTR, STM32U5F9NJH6Q, STM32U5F9VIT6Q, STM32U5F9VJT6Q, STM32U5F9ZIJ6QTR, STM32U5F9ZIT6Q, STM32U5F9ZJJ6QTR, STM32U5F9ZJT6Q, STM32U5G7VJT6, STM32U5G7VJT6Q, STM32U5G9BJY6QTR, STM32U5G9J-DK1, STM32U5G9J-DK2, STM32U5G9NJH6Q, STM32U5G9VJT6Q, STM32U5G9ZJJ6QTR, STM32U5G9ZJT6Q, STM32WB1MMCH6, STM32WBA50KEU6, STM32WBA50KEU6TR, STM32WBA50KGU6, STM32WBA50KGU6TR, STM32WBA52CEU6, STM32WBA52CEU6TR, STM32WBA52CEU7, STM32WBA52CEU7TR, STM32WBA52CGU6, STM32WBA52CGU6TR, STM32WBA52CGU6U, STM32WBA52CGU7, STM32WBA52CGU7TR, STM32WBA52KEU6, STM32WBA52KEU6TR, STM32WBA52KGU6, STM32WBA52KGU6TR, STM32WBA54CEU6, STM32WBA54CEU6TR, STM32WBA54CEU7, STM32WBA54CEU7TR, STM32WBA54CGU6, STM32WBA54CGU6TR, STM32WBA54CGU7, STM32WBA54CGU7TR, STM32WBA54KEU6, STM32WBA54KEU6TR, STM32WBA54KEU7, STM32WBA54KEU7TR, STM32WBA54KGU6, STM32WBA54KGU6TR, STM32WBA54KGU7, STM32WBA54KGU7TR, STM32WBA55CEU6, STM32WBA55CEU6TR, STM32WBA55CEU7, STM32WBA55CEU7TR, STM32WBA55CGU6, STM32WBA55CGU6TR, STM32WBA55CGU6U, STM32WBA55CGU7, STM32WBA55CGU7TR, STM32WBA55G-DK1, STM32WBA55HEF6, STM32WBA55HEF7, STM32WBA55HGF6, STM32WBA55HGF7, STM32WBA55UEI6, STM32WBA55UEI6TR, STM32WBA55UEI7, STM32WBA55UEI7TR, STM32WBA55UGI6, STM32WBA55UGI6TR, STM32WBA55UGI7, STM32WBA55UGI7TR, STM32WL5MOCH6, STM32WL5MOCH6TR]
2024-07-17 21:34:12,551 [INFO] DbMcus:218 - Found 4203 MCUs, 4203 are supported
2024-07-17 21:34:12,551 [INFO] ApiDb:423 - Load user favorites file C:\Users\musa/.stm32cubeide/favorites.mcus.txt: 0 item(s)
2024-07-17 21:34:12,551 [INFO] ApiDb:427 - User favorites MCUs=[]
2024-07-17 21:34:12,552 [INFO] DbMcus:224 - Set 0 / 0 favorites MCUs
2024-07-17 21:34:12,802 [INFO] BoardInfo:889 - No configuration file found for board P-NUCLEO-WB55
2024-07-17 21:34:12,803 [INFO] DbBoards:161 - Kit is not supported: P-NUCLEO-WB55
2024-07-17 21:34:12,805 [INFO] BoardInfo:889 - No configuration file found for board STEVAL-BFA001V1B
2024-07-17 21:34:12,805 [INFO] DbBoards:161 - Kit is not supported: STEVAL-BFA001V1B
2024-07-17 21:34:12,806 [INFO] BoardInfo:889 - No configuration file found for board STEVAL-BFA001V2B
2024-07-17 21:34:12,806 [INFO] DbBoards:161 - Kit is not supported: STEVAL-BFA001V2B
2024-07-17 21:34:12,900 [INFO] DbBoards:168 - Found 195 boards, 192 are supported
2024-07-17 21:34:12,900 [INFO] DbBoards:169 - Found 195 boards, 8 of them is supported for  Bsp
2024-07-17 21:34:12,903 [INFO] ApiDb:423 - Load user favorites file C:\Users\musa/.stm32cubeide/favorites.boards.txt: 0 item(s)
2024-07-17 21:34:12,903 [INFO] ApiDb:427 - User favorites Boards=[]
2024-07-17 21:34:12,903 [INFO] DbBoards:198 - Set 0 / 0 favorites Boards
2024-07-17 21:34:12,972 [INFO] UtilMem:75 - End LoadConfig() Used Memory: 704089272 Bytes (1073741824)
2024-07-17 21:34:13,112 [WARN] ThirdParty:833 - waiting for thirdparty lock release [change project]
2024-07-17 21:34:13,112 [INFO] ThirdParty:835 - entering critical section [change project]
2024-07-17 21:34:13,113 [INFO] ThirdParty:1030 - CMSIS Pack Vendor :STMicroelectronics USBPD 4.1
2024-07-17 21:34:13,113 [INFO] ThirdParty:1030 - CMSIS Pack Vendor :STMicroelectronics X-CUBE-GNSS1 6.0.0
2024-07-17 21:34:13,113 [INFO] ThirdParty:1030 - CMSIS Pack Vendor :STMicroelectronics USB_HOST 2.0.0
2024-07-17 21:34:13,113 [INFO] ThirdParty:1030 - CMSIS Pack Vendor :STMicroelectronics FP-SNS-MOTENVWB1 1.4.0
2024-07-17 21:34:13,113 [INFO] ThirdParty:1030 - CMSIS Pack Vendor :STMicroelectronics X-CUBE-AZRTOS-F4 1.1.0
2024-07-17 21:34:13,113 [INFO] ThirdParty:1030 - CMSIS Pack Vendor :STMicroelectronics LIBJPEG 8.0.0
2024-07-17 21:34:13,113 [INFO] ThirdParty:1030 - CMSIS Pack Vendor :STMicroelectronics X-CUBE-SMBUS 2.1.0
2024-07-17 21:34:13,113 [INFO] ThirdParty:1030 - CMSIS Pack Vendor :STMicroelectronics USB_DEVICE 3.0.0
2024-07-17 21:34:13,113 [INFO] ThirdParty:1030 - CMSIS Pack Vendor :STMicroelectronics X-CUBE-TCPP 4.1.0
2024-07-17 21:34:13,113 [INFO] ThirdParty:1030 - CMSIS Pack Vendor :STMicroelectronics X-CUBE-FREERTOS 1.2.0
2024-07-17 21:34:13,113 [INFO] ThirdParty:1030 - CMSIS Pack Vendor :STMicroelectronics X-CUBE-AZRTOS-WB 2.0.0
2024-07-17 21:34:13,113 [INFO] ThirdParty:1030 - CMSIS Pack Vendor :wolfSSL I-CUBE-wolfSSL 5.6.6
2024-07-17 21:34:13,113 [INFO] ThirdParty:1030 - CMSIS Pack Vendor :STMicroelectronics X-CUBE-TOUCHGFX 4.23.1
2024-07-17 21:34:13,113 [INFO] ThirdParty:1030 - CMSIS Pack Vendor :STMicroelectronics X-CUBE-TOUCHGFX 4.23.0
2024-07-17 21:34:13,113 [INFO] ThirdParty:1030 - CMSIS Pack Vendor :STMicroelectronics X-CUBE-TOUCHGFX 4.23.2
2024-07-17 21:34:13,113 [INFO] ThirdParty:1030 - CMSIS Pack Vendor :STMicroelectronics X-CUBE-AZRTOS-F7 1.1.0
2024-07-17 21:34:13,113 [INFO] ThirdParty:1030 - CMSIS Pack Vendor :STMicroelectronics X-CUBE-AZRTOS-L5 2.0.0
2024-07-17 21:34:13,113 [INFO] ThirdParty:1030 - CMSIS Pack Vendor :STMicroelectronics USB_DEVICE 2.0.0
2024-07-17 21:34:13,113 [INFO] ThirdParty:1030 - CMSIS Pack Vendor :STMicroelectronics X-CUBE-NFC6 3.1.0
2024-07-17 21:34:13,113 [INFO] ThirdParty:1030 - CMSIS Pack Vendor :ITTIA_DB I-CUBE-ITTIADB 8.8.0
2024-07-17 21:34:13,113 [INFO] ThirdParty:1030 - CMSIS Pack Vendor :STMicroelectronics FP-SNS-MOTENV1 4.3.2
2024-07-17 21:34:13,113 [INFO] ThirdParty:1030 - CMSIS Pack Vendor :STMicroelectronics X-CUBE-ALGOBUILD 1.3.0
2024-07-17 21:34:13,113 [INFO] ThirdParty:1030 - CMSIS Pack Vendor :STMicroelectronics FreeRTOS 0.0.1
2024-07-17 21:34:13,113 [INFO] ThirdParty:1030 - CMSIS Pack Vendor :STMicroelectronics X-CUBE-AZRTOS-G0 1.1.0
2024-07-17 21:34:13,113 [INFO] ThirdParty:1030 - CMSIS Pack Vendor :STMicroelectronics X-CUBE-SAFEA1 1.2.2
2024-07-17 21:34:13,114 [INFO] ThirdParty:1030 - CMSIS Pack Vendor :STMicroelectronics X-CUBE-NFC4 3.0.0
2024-07-17 21:34:13,114 [INFO] ThirdParty:1030 - CMSIS Pack Vendor :STMicroelectronics X-CUBE-DPower 1.2.0
2024-07-17 21:34:13,114 [INFO] ThirdParty:1030 - CMSIS Pack Vendor :STMicroelectronics X-CUBE-SUBG2 5.0.0
2024-07-17 21:34:13,114 [INFO] ThirdParty:1030 - CMSIS Pack Vendor :STMicroelectronics STM32_WPAN 1.0.0
2024-07-17 21:34:13,114 [INFO] ThirdParty:1030 - CMSIS Pack Vendor :wolfSSL I-CUBE-wolfMQTT 1.18.0
2024-07-17 21:34:13,114 [INFO] ThirdParty:1030 - CMSIS Pack Vendor :EmbeddedOffice I-CUBE-FS-RTOS 1.0.1
2024-07-17 21:34:13,114 [INFO] ThirdParty:1030 - CMSIS Pack Vendor :STMicroelectronics lwIP 2.0.3
2024-07-17 21:34:13,114 [INFO] ThirdParty:1030 - CMSIS Pack Vendor :STMicroelectronics FP-SNS-FLIGHT1 5.0.2
2024-07-17 21:34:13,114 [INFO] ThirdParty:1030 - CMSIS Pack Vendor :STMicroelectronics USB_HOST 1.0.0
2024-07-17 21:34:13,114 [INFO] ThirdParty:1030 - CMSIS Pack Vendor :STMicroelectronics X-CUBE-AI 9.0.0
2024-07-17 21:34:13,114 [INFO] ThirdParty:1030 - CMSIS Pack Vendor :STMicroelectronics X-CUBE-AZRTOS-G4 2.0.0
2024-07-17 21:34:13,114 [INFO] ThirdParty:1030 - CMSIS Pack Vendor :STMicroelectronics PDM2PCM 3.1.0
2024-07-17 21:34:13,114 [INFO] ThirdParty:1030 - CMSIS Pack Vendor :Infineon AIROC-Wi-Fi-Bluetooth-STM32 1.5.1
2024-07-17 21:34:13,114 [INFO] ThirdParty:1030 - CMSIS Pack Vendor :STMicroelectronics PDM2PCM 3.3.0
2024-07-17 21:34:13,114 [INFO] ThirdParty:1030 - CMSIS Pack Vendor :STMicroelectronics X-CUBE-DISPLAY 3.0.0
2024-07-17 21:34:13,114 [INFO] ThirdParty:1030 - CMSIS Pack Vendor :RealThread X-CUBE-RT-Thread_Nano 4.1.1
2024-07-17 21:34:13,114 [INFO] ThirdParty:1030 - CMSIS Pack Vendor :STMicroelectronics FP-SNS-MOTENVWB1 1.3.1
2024-07-17 21:34:13,114 [INFO] ThirdParty:1030 - CMSIS Pack Vendor :STMicroelectronics X-CUBE-BLE1 7.0.0
2024-07-17 21:34:13,114 [INFO] ThirdParty:1030 - CMSIS Pack Vendor :STMicroelectronics FP-ATR-SIGFOX1 3.2.0
2024-07-17 21:34:13,114 [INFO] ThirdParty:1030 - CMSIS Pack Vendor :STMicroelectronics X-CUBE-ISPU 2.0.0
2024-07-17 21:34:13,114 [INFO] ThirdParty:1030 - CMSIS Pack Vendor :STMicroelectronics X-CUBE-EEPRMA1 5.1.0
2024-07-17 21:34:13,114 [INFO] ThirdParty:1030 - CMSIS Pack Vendor :STMicroelectronics HAL Drivers 0.0.0
2024-07-17 21:34:13,114 [INFO] ThirdParty:1030 - CMSIS Pack Vendor :STMicroelectronics MBEDTLS 2.16.2
2024-07-17 21:34:13,114 [INFO] ThirdParty:1030 - CMSIS Pack Vendor :STMicroelectronics X-CUBE-ALS 1.0.2
2024-07-17 21:34:13,114 [INFO] ThirdParty:1030 - CMSIS Pack Vendor :emotas I-CUBE-CANOPEN 1.3.0
2024-07-17 21:34:13,114 [INFO] ThirdParty:1030 - CMSIS Pack Vendor :STMicroelectronics X-CUBE-MEMS1 10.0.0
2024-07-17 21:34:13,115 [INFO] ThirdParty:1030 - CMSIS Pack Vendor :STMicroelectronics X-CUBE-FREERTOS 1.1.0
2024-07-17 21:34:13,115 [INFO] ThirdParty:1030 - CMSIS Pack Vendor :STMicroelectronics X-CUBE-NFC7 1.0.1
2024-07-17 21:34:13,115 [INFO] ThirdParty:1030 - CMSIS Pack Vendor :STMicroelectronics MBEDTLS 2.14.1
2024-07-17 21:34:13,115 [INFO] ThirdParty:1030 - CMSIS Pack Vendor :STMicroelectronics X-CUBE-TOUCHGFX 4.24.0
2024-07-17 21:34:13,115 [INFO] ThirdParty:1030 - CMSIS Pack Vendor :wolfSSL I-CUBE-wolfTPM 3.2.0
2024-07-17 21:34:13,115 [INFO] ThirdParty:1030 - CMSIS Pack Vendor :portGmbH I-Cube-SoM-uGOAL 1.1.0
2024-07-17 21:34:13,115 [INFO] ThirdParty:1030 - CMSIS Pack Vendor :STMicroelectronics X-CUBE-ALS 1.0.1
2024-07-17 21:34:13,115 [INFO] ThirdParty:1030 - CMSIS Pack Vendor :STMicroelectronics X-CUBE-BLEMGR 3.1.0
2024-07-17 21:34:13,115 [INFO] ThirdParty:1030 - CMSIS Pack Vendor :STMicroelectronics ThreadX 1.0.0
2024-07-17 21:34:13,115 [INFO] ThirdParty:1030 - CMSIS Pack Vendor :STMicroelectronics FP-SNS-SMARTAG2 1.2.0
2024-07-17 21:34:13,115 [INFO] ThirdParty:1030 - CMSIS Pack Vendor :STMicroelectronics X-CUBE-AZRTOS-WL 2.0.0
2024-07-17 21:34:13,115 [INFO] ThirdParty:1030 - CMSIS Pack Vendor :SEGGER I-CUBE-embOS 1.3.1
2024-07-17 21:34:13,115 [INFO] ThirdParty:1030 - CMSIS Pack Vendor :STMicroelectronics X-CUBE-ALGOBUILD 1.4.0
2024-07-17 21:34:13,115 [INFO] ThirdParty:1030 - CMSIS Pack Vendor :STMicroelectronics FP-SNS-MOTENV1 5.0.0
2024-07-17 21:34:13,115 [INFO] ThirdParty:1030 - CMSIS Pack Vendor :STMicroelectronics USB_DEVICE 1.0.0
2024-07-17 21:34:13,115 [INFO] ThirdParty:1030 - CMSIS Pack Vendor :STMicroelectronics X-CUBE-AI 8.1.0
2024-07-17 21:34:13,115 [INFO] ThirdParty:1030 - CMSIS Pack Vendor :STMicroelectronics X-CUBE-AZRTOS-H7RS 1.0.0
2024-07-17 21:34:13,115 [INFO] ThirdParty:1030 - CMSIS Pack Vendor :wolfSSL I-CUBE-wolfMQTT 1.19.0
2024-07-17 21:34:13,115 [INFO] ThirdParty:1030 - CMSIS Pack Vendor :STMicroelectronics X-CUBE-AZRTOS-L4 2.0.0
2024-07-17 21:34:13,115 [INFO] ThirdParty:1030 - CMSIS Pack Vendor :STMicroelectronics ThreadX 0.0.2
2024-07-17 21:34:13,115 [INFO] ThirdParty:1030 - CMSIS Pack Vendor :WES I-CUBE-Cesium 1.3.0
2024-07-17 21:34:13,115 [INFO] ThirdParty:1030 - CMSIS Pack Vendor :STMicroelectronics FP-ATR-ASTRA1 2.0.0
2024-07-17 21:34:13,115 [INFO] ThirdParty:1030 - CMSIS Pack Vendor :STMicroelectronics lwIP 2.1.2
2024-07-17 21:34:13,115 [INFO] ThirdParty:1030 - CMSIS Pack Vendor :STMicroelectronics X-CUBE-SFXS2LP1 4.0.0
2024-07-17 21:34:13,115 [INFO] ThirdParty:1030 - CMSIS Pack Vendor :STMicroelectronics X-CUBE-BLE2 3.3.0
2024-07-17 21:34:13,115 [INFO] ThirdParty:1030 - CMSIS Pack Vendor :STMicroelectronics X-CUBE-TOF1 3.4.1
2024-07-17 21:34:13,115 [INFO] ThirdParty:1030 - CMSIS Pack Vendor :STMicroelectronics X-CUBE-AZRTOS-H7 3.2.0
2024-07-17 21:34:13,115 [INFO] ThirdParty:1030 - CMSIS Pack Vendor :STMicroelectronics PDM2PCM 3.2.0
2024-07-17 21:34:13,116 [INFO] ThirdParty:1030 - CMSIS Pack Vendor :wolfSSL I-CUBE-wolfSSH 1.4.17
2024-07-17 21:34:13,116 [INFO] ThirdParty:841 - exiting critical section [change project]
2024-07-17 21:34:13,509 [INFO] PinOutPanel:1561 - setPackage(No Configuration,No Configuration)
2024-07-17 21:34:13,510 [INFO] PinOutPanel:1561 - setPackage(STM32L4R5ZITxP,LQFP144)
2024-07-17 21:34:14,072 [INFO] UtilMem:75 - Before build in PCC Used Memory: 755512384 Bytes (1073741824)
2024-07-17 21:34:15,085 [INFO] UtilMem:75 - After build in PCC Used Memory: 891827264 Bytes (1073741824)
2024-07-17 21:34:15,120 [INFO] IPUIPlugin:80 - create IPUIPlugin
2024-07-17 21:34:15,120 [INFO] IPUIPlugin:80 - create IPUIPlugin
2024-07-17 21:34:15,120 [INFO] IPUIPlugin:80 - create IPUIPlugin
2024-07-17 21:34:15,120 [INFO] IPUIPlugin:80 - create IPUIPlugin
2024-07-17 21:34:15,120 [INFO] IPUIPlugin:80 - create IPUIPlugin
2024-07-17 21:34:15,120 [INFO] IPUIPlugin:80 - create IPUIPlugin
2024-07-17 21:34:15,121 [INFO] IPUIPlugin:80 - create IPUIPlugin
2024-07-17 21:34:15,121 [INFO] IPUIPlugin:80 - create IPUIPlugin
2024-07-17 21:34:15,121 [INFO] IPUIPlugin:80 - create IPUIPlugin
2024-07-17 21:34:15,121 [INFO] IPUIPlugin:80 - create IPUIPlugin
2024-07-17 21:34:15,121 [INFO] IPUIPlugin:80 - create IPUIPlugin
2024-07-17 21:34:15,121 [INFO] IPUIPlugin:80 - create IPUIPlugin
2024-07-17 21:34:15,122 [INFO] IPUIPlugin:80 - create IPUIPlugin
2024-07-17 21:34:15,122 [INFO] IPUIPlugin:80 - create IPUIPlugin
2024-07-17 21:34:15,122 [INFO] IPUIPlugin:80 - create IPUIPlugin
2024-07-17 21:34:15,122 [INFO] IPUIPlugin:80 - create IPUIPlugin
2024-07-17 21:34:15,122 [INFO] IPUIPlugin:80 - create IPUIPlugin
2024-07-17 21:34:15,122 [INFO] IPUIPlugin:80 - create IPUIPlugin
2024-07-17 21:34:15,122 [INFO] IPUIPlugin:80 - create IPUIPlugin
2024-07-17 21:34:15,122 [INFO] IPUIPlugin:80 - create IPUIPlugin
2024-07-17 21:34:15,122 [INFO] IPUIPlugin:80 - create IPUIPlugin
2024-07-17 21:34:15,122 [INFO] IPUIPlugin:80 - create IPUIPlugin
2024-07-17 21:34:15,123 [INFO] IPUIPlugin:80 - create IPUIPlugin
2024-07-17 21:34:15,123 [INFO] IPUIPlugin:80 - create IPUIPlugin
2024-07-17 21:34:15,123 [INFO] IPUIPlugin:80 - create IPUIPlugin
2024-07-17 21:34:15,123 [INFO] IPUIPlugin:80 - create IPUIPlugin
2024-07-17 21:34:15,123 [INFO] IPUIPlugin:80 - create IPUIPlugin
2024-07-17 21:34:15,123 [INFO] IPUIPlugin:80 - create IPUIPlugin
2024-07-17 21:34:15,123 [INFO] IPUIPlugin:80 - create IPUIPlugin
2024-07-17 21:34:15,123 [INFO] IPUIPlugin:80 - create IPUIPlugin
2024-07-17 21:34:15,124 [INFO] IPUIPlugin:80 - create IPUIPlugin
2024-07-17 21:34:15,124 [INFO] IPUIPlugin:80 - create IPUIPlugin
2024-07-17 21:34:15,124 [INFO] IPUIPlugin:80 - create IPUIPlugin
2024-07-17 21:34:15,124 [INFO] IPUIPlugin:80 - create IPUIPlugin
2024-07-17 21:34:15,125 [INFO] IPUIPlugin:80 - create IPUIPlugin
2024-07-17 21:34:15,125 [INFO] IPUIPlugin:80 - create IPUIPlugin
2024-07-17 21:34:15,125 [INFO] IPUIPlugin:80 - create IPUIPlugin
2024-07-17 21:34:15,125 [INFO] IPUIPlugin:80 - create IPUIPlugin
2024-07-17 21:34:15,125 [INFO] IPUIPlugin:80 - create IPUIPlugin
2024-07-17 21:34:15,125 [INFO] IPUIPlugin:80 - create IPUIPlugin
2024-07-17 21:34:15,125 [INFO] IPUIPlugin:80 - create IPUIPlugin
2024-07-17 21:34:15,126 [INFO] IPUIPlugin:80 - create IPUIPlugin
2024-07-17 21:34:15,126 [INFO] IPUIPlugin:80 - create IPUIPlugin
2024-07-17 21:34:15,126 [INFO] IPUIPlugin:80 - create IPUIPlugin
2024-07-17 21:34:15,126 [INFO] IPUIPlugin:80 - create IPUIPlugin
2024-07-17 21:34:15,126 [INFO] IPUIPlugin:80 - create IPUIPlugin
2024-07-17 21:34:15,126 [INFO] IPUIPlugin:80 - create IPUIPlugin
2024-07-17 21:34:15,126 [INFO] IPUIPlugin:80 - create IPUIPlugin
2024-07-17 21:34:15,126 [INFO] IPUIPlugin:80 - create IPUIPlugin
2024-07-17 21:34:15,127 [INFO] IPUIPlugin:80 - create IPUIPlugin
2024-07-17 21:34:15,127 [INFO] IPUIPlugin:80 - create IPUIPlugin
2024-07-17 21:34:15,127 [INFO] IPUIPlugin:80 - create IPUIPlugin
2024-07-17 21:34:15,127 [INFO] IPUIPlugin:80 - create IPUIPlugin
2024-07-17 21:34:15,127 [INFO] IPUIPlugin:80 - create IPUIPlugin
2024-07-17 21:34:15,127 [INFO] IPUIPlugin:80 - create IPUIPlugin
2024-07-17 21:34:15,128 [INFO] IPUIPlugin:80 - create IPUIPlugin
2024-07-17 21:34:15,128 [INFO] IPUIPlugin:80 - create IPUIPlugin
2024-07-17 21:34:15,128 [INFO] IPUIPlugin:80 - create IPUIPlugin
2024-07-17 21:34:15,128 [INFO] IPUIPlugin:80 - create IPUIPlugin
2024-07-17 21:34:15,128 [INFO] IPUIPlugin:80 - create IPUIPlugin
2024-07-17 21:34:15,128 [INFO] IPUIPlugin:80 - create IPUIPlugin
2024-07-17 21:34:15,281 [INFO] CADModel:165 - CPN selected for project levelSTM32L4R5ZIT6P
2024-07-17 21:34:15,281 [INFO] CADModel:114 - Register for checkConnection events
2024-07-17 21:34:15,335 [INFO] OpenFileManager:343 - Restore cursor
2024-07-17 21:34:49,824 [INFO] UtilMem:75 - End SaveConfig() Used Memory: 924561256 Bytes (1073741824)
2024-07-17 21:34:51,380 [INFO] UtilMem:75 - End SaveConfig() Used Memory: 653100384 Bytes (1073741824)
2024-07-17 21:34:53,664 [INFO] UtilMem:75 - End SaveConfig() Used Memory: 748813408 Bytes (1073741824)
2024-07-17 21:34:54,126 [INFO] BlockDiagram:2759 - set Specific Code input for plugin: SYS
2024-07-17 21:34:54,127 [INFO] BlockDiagram:2759 - set Specific Code input for plugin: RCC
2024-07-17 21:34:54,127 [INFO] BlockDiagram:2759 - set Specific Code input for plugin: NVIC
2024-07-17 21:34:54,127 [INFO] BlockDiagram:2759 - set Specific Code input for plugin: GPIO
2024-07-17 21:34:54,128 [INFO] CodeGenerator:807 - code generatio: config db path: C:\ST\STM32CubeIDE_1.15.0\STM32CubeIDE\plugins\com.st.stm32cube.common.mx_6.11.0.202403141607\\db\
2024-07-17 21:34:54,256 [INFO] CodeEngine:255 - oldGeneratedFile, C:\Users\musa\Desktop\STM_Projects\GPIO\MXTmpFiles\license.tmp_save
2024-07-17 21:34:54,525 [INFO] CodeEngine:279 - Generated code: C:\Users\musa\Desktop\STM_Projects\GPIO\MXTmpFiles\license.tmp
2024-07-17 21:34:54,656 [INFO] CodeEngine:255 - oldGeneratedFile, C:\Users\musa\Desktop\STM_Projects\GPIO\MXTmpFiles\gpio.tmp_save
2024-07-17 21:34:54,780 [INFO] CodeEngine:279 - Generated code: C:\Users\musa\Desktop\STM_Projects\GPIO\MXTmpFiles\gpio.tmp
2024-07-17 21:34:54,905 [INFO] CodeEngine:255 - oldGeneratedFile, C:\Users\musa\Desktop\STM_Projects\GPIO\Core\Src\stm32l4xx_it.c_save
2024-07-17 21:34:55,033 [INFO] CodeEngine:279 - Generated code: C:\Users\musa\Desktop\STM_Projects\GPIO\Core\Src\stm32l4xx_it.c
2024-07-17 21:34:55,054 [INFO] CodeEngine:255 - oldGeneratedFile, C:\Users\musa\Desktop\STM_Projects\GPIO\Core\Inc\stm32l4xx_it.h_save
2024-07-17 21:34:55,112 [INFO] CodeEngine:279 - Generated code: C:\Users\musa\Desktop\STM_Projects\GPIO\Core\Inc\stm32l4xx_it.h
2024-07-17 21:34:55,140 [INFO] CodeEngine:255 - oldGeneratedFile, C:\Users\musa\Desktop\STM_Projects\GPIO\Core\Src\stm32l4xx_hal_msp.c_save
2024-07-17 21:34:55,215 [INFO] CodeEngine:279 - Generated code: C:\Users\musa\Desktop\STM_Projects\GPIO\Core\Src\stm32l4xx_hal_msp.c
2024-07-17 21:34:55,224 [INFO] CodeEngine:255 - oldGeneratedFile, C:\Users\musa\Desktop\STM_Projects\GPIO\MXTmpFiles\system.tmp_save
2024-07-17 21:34:55,267 [INFO] CodeEngine:279 - Generated code: C:\Users\musa\Desktop\STM_Projects\GPIO\MXTmpFiles\system.tmp
2024-07-17 21:34:55,290 [INFO] CodeEngine:311 - oldGeneratedFile, C:\Users\musa\Desktop\STM_Projects\GPIO\Core\Inc\stm32l4xx_hal_conf.h_save
2024-07-17 21:34:55,361 [INFO] CodeEngine:335 - Generated code: C:\Users\musa\Desktop\STM_Projects\GPIO\Core\Inc\stm32l4xx_hal_conf.h
2024-07-17 21:34:55,428 [INFO] CodeEngine:255 - oldGeneratedFile, C:\Users\musa\Desktop\STM_Projects\GPIO\Core\Inc\main.h_save
2024-07-17 21:34:55,485 [INFO] CodeEngine:279 - Generated code: C:\Users\musa\Desktop\STM_Projects\GPIO\Core\Inc\main.h
2024-07-17 21:34:55,502 [INFO] CodeEngine:255 - oldGeneratedFile, C:\Users\musa\Desktop\STM_Projects\GPIO\Core\Src\main.c_save
2024-07-17 21:34:55,596 [INFO] CodeEngine:279 - Generated code: C:\Users\musa\Desktop\STM_Projects\GPIO\Core\Src\main.c
2024-07-17 21:34:55,864 [INFO] ProjectBuilder:3163 - Time for Copy HAL[1] : 180mS.
2024-07-17 21:34:55,867 [INFO] ProjectBuilder:4736 - Project Generator version: 4.3.0-B58
2024-07-17 21:34:55,956 [INFO] ConfigFileManager:1503 - The Die is : DIE470
2024-07-17 21:34:55,982 [INFO] ApiDbMcu:508 - Load IP Config File for FATFS
2024-07-17 21:34:55,999 [INFO] ApiDbMcu:508 - Load IP Config File for FREERTOS
2024-07-17 21:34:56,023 [INFO] ApiDbMcu:508 - Load IP Config File for TOUCHSENSING
2024-07-17 21:34:56,037 [INFO] ApiDbMcu:508 - Load IP Config File for USB_DEVICE
2024-07-17 21:34:56,050 [INFO] ApiDbMcu:508 - Load IP Config File for USB_HOST
2024-07-17 21:34:56,481 [INFO] LogOutputStream:77 - [STDOUT_REDIRECT] 
2024-07-17 21:34:57,682 [INFO] ProjectBuilder:5002 - Time for Generating toolchain IDE Files: 1815mS.
2024-07-17 21:34:57,683 [INFO] ProjectBuilder:3034 - Time for Copy CMSIS : 1mS.
2024-07-17 21:34:57,684 [INFO] ProjectBuilder:3034 - Time for Copy CMSIS : 0mS.
2024-07-17 21:53:50,394 [INFO] Gpio:277 - dependency for GPIO [RCC]
2024-07-17 21:54:52,102 [INFO] UtilMem:75 - End SaveConfig() Used Memory: 771961784 Bytes (1073741824)
2024-07-17 21:54:53,381 [INFO] UtilMem:75 - End SaveConfig() Used Memory: 712376968 Bytes (1073741824)
2024-07-17 21:54:55,450 [INFO] UtilMem:75 - End SaveConfig() Used Memory: 838208752 Bytes (1073741824)
2024-07-17 21:54:55,575 [INFO] BlockDiagram:2759 - set Specific Code input for plugin: SYS
2024-07-17 21:54:55,575 [INFO] BlockDiagram:2759 - set Specific Code input for plugin: RCC
2024-07-17 21:54:55,575 [INFO] BlockDiagram:2759 - set Specific Code input for plugin: NVIC
2024-07-17 21:54:55,575 [INFO] BlockDiagram:2759 - set Specific Code input for plugin: GPIO
2024-07-17 21:54:55,576 [INFO] CodeGenerator:807 - code generatio: config db path: C:\ST\STM32CubeIDE_1.15.0\STM32CubeIDE\plugins\com.st.stm32cube.common.mx_6.11.0.202403141607\\db\
2024-07-17 21:54:55,629 [INFO] CodeEngine:255 - oldGeneratedFile, C:\Users\musa\Desktop\STM_Projects\GPIO\MXTmpFiles\license.tmp_save
2024-07-17 21:54:55,710 [INFO] CodeEngine:279 - Generated code: C:\Users\musa\Desktop\STM_Projects\GPIO\MXTmpFiles\license.tmp
2024-07-17 21:54:55,725 [INFO] CodeEngine:255 - oldGeneratedFile, C:\Users\musa\Desktop\STM_Projects\GPIO\MXTmpFiles\gpio.tmp_save
2024-07-17 21:54:55,798 [INFO] CodeEngine:279 - Generated code: C:\Users\musa\Desktop\STM_Projects\GPIO\MXTmpFiles\gpio.tmp
2024-07-17 21:54:55,826 [INFO] CodeEngine:255 - oldGeneratedFile, C:\Users\musa\Desktop\STM_Projects\GPIO\Core\Src\stm32l4xx_it.c_save
2024-07-17 21:54:55,960 [INFO] CodeEngine:279 - Generated code: C:\Users\musa\Desktop\STM_Projects\GPIO\Core\Src\stm32l4xx_it.c
2024-07-17 21:54:55,970 [INFO] CodeEngine:255 - oldGeneratedFile, C:\Users\musa\Desktop\STM_Projects\GPIO\Core\Inc\stm32l4xx_it.h_save
2024-07-17 21:54:56,005 [INFO] CodeEngine:279 - Generated code: C:\Users\musa\Desktop\STM_Projects\GPIO\Core\Inc\stm32l4xx_it.h
2024-07-17 21:54:56,022 [INFO] CodeEngine:255 - oldGeneratedFile, C:\Users\musa\Desktop\STM_Projects\GPIO\Core\Src\stm32l4xx_hal_msp.c_save
2024-07-17 21:54:56,084 [INFO] CodeEngine:279 - Generated code: C:\Users\musa\Desktop\STM_Projects\GPIO\Core\Src\stm32l4xx_hal_msp.c
2024-07-17 21:54:56,087 [INFO] CodeEngine:255 - oldGeneratedFile, C:\Users\musa\Desktop\STM_Projects\GPIO\MXTmpFiles\system.tmp_save
2024-07-17 21:54:56,124 [INFO] CodeEngine:279 - Generated code: C:\Users\musa\Desktop\STM_Projects\GPIO\MXTmpFiles\system.tmp
2024-07-17 21:54:56,136 [INFO] CodeEngine:311 - oldGeneratedFile, C:\Users\musa\Desktop\STM_Projects\GPIO\Core\Inc\stm32l4xx_hal_conf.h_save
2024-07-17 21:54:56,189 [INFO] CodeEngine:335 - Generated code: C:\Users\musa\Desktop\STM_Projects\GPIO\Core\Inc\stm32l4xx_hal_conf.h
2024-07-17 21:54:56,215 [INFO] CodeEngine:255 - oldGeneratedFile, C:\Users\musa\Desktop\STM_Projects\GPIO\Core\Inc\main.h_save
2024-07-17 21:54:56,265 [INFO] CodeEngine:279 - Generated code: C:\Users\musa\Desktop\STM_Projects\GPIO\Core\Inc\main.h
2024-07-17 21:54:56,269 [INFO] CodeEngine:255 - oldGeneratedFile, C:\Users\musa\Desktop\STM_Projects\GPIO\Core\Src\main.c_save
2024-07-17 21:54:56,347 [INFO] CodeEngine:279 - Generated code: C:\Users\musa\Desktop\STM_Projects\GPIO\Core\Src\main.c
2024-07-17 21:54:56,576 [INFO] ProjectBuilder:3163 - Time for Copy HAL[1] : 154mS.
2024-07-17 21:54:56,579 [INFO] ProjectBuilder:4736 - Project Generator version: 4.3.0-B58
2024-07-17 21:54:56,627 [INFO] ConfigFileManager:1503 - The Die is : DIE470
2024-07-17 21:54:57,220 [INFO] ProjectBuilder:5002 - Time for Generating toolchain IDE Files: 641mS.
2024-07-17 21:54:57,221 [INFO] ProjectBuilder:3034 - Time for Copy CMSIS : 1mS.
2024-07-17 21:54:57,224 [INFO] ProjectBuilder:3034 - Time for Copy CMSIS : 0mS.
2024-07-17 21:59:51,979 [ERROR] LogOutputStream:75 - [STDERR_REDIRECT] Exception in thread "AWT-EventQueue-0" java.awt.IllegalComponentStateException: Native resources unavailable
2024-07-17 21:59:51,980 [ERROR] LogOutputStream:75 - [STDERR_REDIRECT] 	at java.desktop/sun.awt.windows.WWindowPeer.getScreenImOn(Native Method)
2024-07-17 21:59:51,980 [ERROR] LogOutputStream:75 - [STDERR_REDIRECT] 	at java.desktop/sun.awt.windows.WWindowPeer.updateGC(WWindowPeer.java:566)
2024-07-17 21:59:51,981 [ERROR] LogOutputStream:75 - [STDERR_REDIRECT] 	at java.desktop/java.awt.event.InvocationEvent.dispatch(InvocationEvent.java:318)
2024-07-17 21:59:51,981 [ERROR] LogOutputStream:75 - [STDERR_REDIRECT] 	at java.desktop/java.awt.EventQueue.dispatchEventImpl(EventQueue.java:773)
2024-07-17 21:59:51,982 [ERROR] LogOutputStream:75 - [STDERR_REDIRECT] 	at java.desktop/java.awt.EventQueue$4.run(EventQueue.java:720)
2024-07-17 21:59:51,982 [ERROR] LogOutputStream:75 - [STDERR_REDIRECT] 	at java.desktop/java.awt.EventQueue$4.run(EventQueue.java:714)
2024-07-17 21:59:51,983 [ERROR] LogOutputStream:75 - [STDERR_REDIRECT] 	at java.base/java.security.AccessController.doPrivileged(AccessController.java:399)
2024-07-17 21:59:51,984 [ERROR] LogOutputStream:75 - [STDERR_REDIRECT] 	at java.base/java.security.ProtectionDomain$JavaSecurityAccessImpl.doIntersectionPrivilege(ProtectionDomain.java:86)
2024-07-17 21:59:51,984 [ERROR] LogOutputStream:75 - [STDERR_REDIRECT] 	at java.base/java.security.ProtectionDomain$JavaSecurityAccessImpl.doIntersectionPrivilege(ProtectionDomain.java:97)
2024-07-17 21:59:51,985 [ERROR] LogOutputStream:75 - [STDERR_REDIRECT] 	at java.desktop/java.awt.EventQueue$5.run(EventQueue.java:747)
2024-07-17 21:59:51,985 [ERROR] LogOutputStream:75 - [STDERR_REDIRECT] 	at java.desktop/java.awt.EventQueue$5.run(EventQueue.java:745)
2024-07-17 21:59:51,986 [ERROR] LogOutputStream:75 - [STDERR_REDIRECT] 	at java.base/java.security.AccessController.doPrivileged(AccessController.java:399)
2024-07-17 21:59:51,987 [ERROR] LogOutputStream:75 - [STDERR_REDIRECT] 	at java.base/java.security.ProtectionDomain$JavaSecurityAccessImpl.doIntersectionPrivilege(ProtectionDomain.java:86)
2024-07-17 21:59:51,987 [ERROR] LogOutputStream:75 - [STDERR_REDIRECT] 	at java.desktop/java.awt.EventQueue.dispatchEvent(EventQueue.java:744)
2024-07-17 21:59:51,988 [ERROR] LogOutputStream:75 - [STDERR_REDIRECT] 	at java.desktop/java.awt.EventDispatchThread.pumpOneEventForFilters(EventDispatchThread.java:203)
2024-07-17 21:59:51,989 [ERROR] LogOutputStream:75 - [STDERR_REDIRECT] 	at java.desktop/java.awt.EventDispatchThread.pumpEventsForFilter(EventDispatchThread.java:124)
2024-07-17 21:59:51,990 [ERROR] LogOutputStream:75 - [STDERR_REDIRECT] 	at java.desktop/java.awt.EventDispatchThread.pumpEventsForHierarchy(EventDispatchThread.java:113)
2024-07-17 21:59:51,990 [ERROR] LogOutputStream:75 - [STDERR_REDIRECT] 	at java.desktop/java.awt.EventDispatchThread.pumpEvents(EventDispatchThread.java:109)
2024-07-17 21:59:51,991 [ERROR] LogOutputStream:75 - [STDERR_REDIRECT] 	at java.desktop/java.awt.EventDispatchThread.pumpEvents(EventDispatchThread.java:101)
2024-07-17 21:59:51,993 [ERROR] LogOutputStream:75 - [STDERR_REDIRECT] 	at java.desktop/java.awt.EventDispatchThread.run(EventDispatchThread.java:90)
2024-07-17 21:59:54,261 [ERROR] LogOutputStream:75 - [STDERR_REDIRECT] 
2024-07-17 21:59:54,262 [ERROR] LogOutputStream:75 - [STDERR_REDIRECT] 
