2024-07-28 21:11:00,056 [INFO] Activator:176 - 


2024-07-28 21:11:00,060 [INFO] Activator:177 - !SESSION log4j initialized
2024-07-28 21:11:04,723 [INFO] LogOutputStream:77 - [STDOUT_REDIRECT] 
2024-07-28 21:11:06,316 [INFO] ApplicationProperties:184 - Using Application install path: C:\ST\STM32CubeIDE_1.15.0\STM32CubeIDE\plugins\com.st.stm32cube.common.mx_6.11.0.202403141607
2024-07-28 21:11:06,332 [INFO] DbMcusXml:78 - Set database path to: C:\ST\STM32CubeIDE_1.15.0\STM32CubeIDE\plugins\com.st.stm32cube.common.mx_6.11.0.202403141607\\db\/mcu/
2024-07-28 21:11:06,332 [INFO] ApiDb:274 - Set plugin database path to: C:\ST\STM32CubeIDE_1.15.0\STM32CubeIDE\plugins\com.st.stm32cube.common.mx_6.11.0.202403141607\\db\/plugins/boardmanager/
2024-07-28 21:11:06,333 [WARN] ApiDb:259 - Overriding images path with different value:  => C:\ST\STM32CubeIDE_1.15.0\STM32CubeIDE\plugins\com.st.stm32cube.common.mx_6.11.0.202403141607\\db\/plugins/mcufinder/images/
2024-07-28 21:11:06,345 [INFO] ApiDb:250 - Set database path to: C:\Users\musa\.stmcufinder\plugins\mcufinder//mcu/
2024-07-28 21:11:06,346 [INFO] DbMcusAds:125 - Set database path to: C:\Users\musa\.stmcufinder\plugins\mcufinder//mcu/
2024-07-28 21:11:06,348 [INFO] CrossReferenceDbSqlite:203 - Set database path to: C:\Users\musa\.stmcufinder\plugins\mcufinder//mcu/cs/
2024-07-28 21:11:06,433 [INFO] RulesReader:64 - Compatibility file has been processed (297 Rules)
2024-07-28 21:11:06,502 [INFO] DbMcusXml:78 - Set database path to: C:\ST\STM32CubeIDE_1.15.0\STM32CubeIDE\plugins\com.st.stm32cube.common.mx_6.11.0.202403141607\\db\/mcu/
2024-07-28 21:11:06,502 [INFO] ApiDb:274 - Set plugin database path to: C:\ST\STM32CubeIDE_1.15.0\STM32CubeIDE\plugins\com.st.stm32cube.common.mx_6.11.0.202403141607\\db\/plugins/boardmanager/
2024-07-28 21:11:06,502 [INFO] ApiDb:261 - Set plugin images path to: C:\ST\STM32CubeIDE_1.15.0\STM32CubeIDE\plugins\com.st.stm32cube.common.mx_6.11.0.202403141607\\db\/plugins/mcufinder/images/
2024-07-28 21:11:06,502 [WARN] DbFile:41 - Overriding database path with different value: C:\Users\musa\.stmcufinder\plugins\mcufinder/ => C:\Users\musa\.stmcufinder\plugins\mcufinder
2024-07-28 21:11:06,502 [INFO] ApiDb:250 - Set database path to: C:\Users\musa\.stmcufinder\plugins\mcufinder//mcu/
2024-07-28 21:11:06,502 [WARN] DbFile:41 - Overriding database path with different value: C:\Users\musa\.stmcufinder\plugins\mcufinder/ => C:\Users\musa\.stmcufinder\plugins\mcufinder
2024-07-28 21:11:06,502 [INFO] DbMcusAds:125 - Set database path to: C:\Users\musa\.stmcufinder\plugins\mcufinder//mcu/
2024-07-28 21:11:06,502 [WARN] DbFile:41 - Overriding database path with different value: C:\Users\musa\.stmcufinder\plugins\mcufinder/ => C:\Users\musa\.stmcufinder\plugins\mcufinder
2024-07-28 21:11:06,502 [WARN] DbFile:41 - Overriding database path with different value: C:\Users\musa\.stmcufinder\plugins\mcufinder/ => C:\Users\musa\.stmcufinder\plugins\mcufinder
2024-07-28 21:11:06,502 [INFO] CrossReferenceDbSqlite:203 - Set database path to: C:\Users\musa\.stmcufinder\plugins\mcufinder//mcu/cs/
2024-07-28 21:11:06,567 [INFO] MainPanel:264 - HeapMemory: 268435456
2024-07-28 21:11:06,647 [INFO] DbMcusXml:78 - Set database path to: C:\ST\STM32CubeIDE_1.15.0\STM32CubeIDE\plugins\com.st.stm32cube.common.mx_6.11.0.202403141607\\db\/mcu/
2024-07-28 21:11:06,647 [INFO] ApiDb:274 - Set plugin database path to: C:\ST\STM32CubeIDE_1.15.0\STM32CubeIDE\plugins\com.st.stm32cube.common.mx_6.11.0.202403141607\\db\/plugins/boardmanager/
2024-07-28 21:11:06,647 [INFO] ApiDb:261 - Set plugin images path to: C:\ST\STM32CubeIDE_1.15.0\STM32CubeIDE\plugins\com.st.stm32cube.common.mx_6.11.0.202403141607\\db\/plugins/mcufinder/images/
2024-07-28 21:11:06,648 [WARN] DbFile:41 - Overriding database path with different value: C:\Users\musa\.stmcufinder\plugins\mcufinder/ => C:\Users\musa\.stmcufinder\plugins\mcufinder
2024-07-28 21:11:06,648 [INFO] ApiDb:250 - Set database path to: C:\Users\musa\.stmcufinder\plugins\mcufinder//mcu/
2024-07-28 21:11:06,648 [WARN] DbFile:41 - Overriding database path with different value: C:\Users\musa\.stmcufinder\plugins\mcufinder/ => C:\Users\musa\.stmcufinder\plugins\mcufinder
2024-07-28 21:11:06,648 [INFO] DbMcusAds:125 - Set database path to: C:\Users\musa\.stmcufinder\plugins\mcufinder//mcu/
2024-07-28 21:11:06,648 [WARN] DbFile:41 - Overriding database path with different value: C:\Users\musa\.stmcufinder\plugins\mcufinder/ => C:\Users\musa\.stmcufinder\plugins\mcufinder
2024-07-28 21:11:06,648 [WARN] DbFile:41 - Overriding database path with different value: C:\Users\musa\.stmcufinder\plugins\mcufinder/ => C:\Users\musa\.stmcufinder\plugins\mcufinder
2024-07-28 21:11:06,648 [INFO] CrossReferenceDbSqlite:203 - Set database path to: C:\Users\musa\.stmcufinder\plugins\mcufinder//mcu/cs/
2024-07-28 21:11:06,662 [INFO] ApplicationProperties:184 - Using Application install path: C:\ST\STM32CubeIDE_1.15.0\STM32CubeIDE\plugins\com.st.stm32cube.common.mx_6.11.0.202403141607
2024-07-28 21:11:06,664 [INFO] PluginManage:196 - Search for loadable plugins [exclusion list=, ]
2024-07-28 21:11:06,665 [INFO] PluginManage:310 - Check plugin analytics
2024-07-28 21:11:06,812 [INFO] AnalyticsPlugin:253 - Accepted Software Licenses: STM32CubeMX.6.11.0
2024-07-28 21:11:06,812 [INFO] AnalyticsPlugin:255 - Accepted CMSIS Pack Licenses: 
2024-07-28 21:11:06,813 [INFO] AnalyticsPlugin:257 - Accepted Firmware Licenses: FW.WB.1.19.0,FW.WB.1.18.0,FW.L4.1.18.0
2024-07-28 21:11:06,815 [INFO] PluginManage:359 - Loaded plugin analytics (category:tool,tabindex:-1)
2024-07-28 21:11:06,815 [INFO] PluginManage:310 - Check plugin cadmodel
2024-07-28 21:11:06,831 [INFO] CADModel:105 - Init CAD model plugin
2024-07-28 21:11:06,831 [INFO] PluginManage:359 - Loaded plugin cadmodel (category:power,tabindex:5)
2024-07-28 21:11:06,831 [INFO] PluginManage:310 - Check plugin clock
2024-07-28 21:11:06,851 [INFO] PluginManage:359 - Loaded plugin clock (category:base,tabindex:2)
2024-07-28 21:11:06,852 [INFO] PluginManage:310 - Check plugin ddr
2024-07-28 21:11:06,853 [INFO] PluginManage:359 - Loaded plugin ddr (category:tool,tabindex:6)
2024-07-28 21:11:06,854 [INFO] PluginManage:310 - Check plugin filemanager
2024-07-28 21:11:06,985 [INFO] PluginManage:359 - Loaded plugin filemanager (category:base,tabindex:10)
2024-07-28 21:11:06,985 [INFO] PluginManage:310 - Check plugin ipmanager
2024-07-28 21:11:06,990 [INFO] PluginManage:359 - Loaded plugin ipmanager (category:base,tabindex:5)
2024-07-28 21:11:06,991 [INFO] PluginManage:310 - Check plugin lpbam
2024-07-28 21:11:07,005 [INFO] PluginManage:359 - Loaded plugin lpbam (category:base,tabindex:0)
2024-07-28 21:11:07,005 [INFO] PluginManage:310 - Check plugin memorymap
2024-07-28 21:11:07,025 [INFO] PluginManage:359 - Loaded plugin memorymap (category:base,tabindex:4)
2024-07-28 21:11:07,026 [INFO] PluginManage:310 - Check plugin pinoutandconfiguration
2024-07-28 21:11:07,038 [INFO] PluginManage:359 - Loaded plugin pinoutandconfiguration (category:base,tabindex:1)
2024-07-28 21:11:07,038 [INFO] PluginManage:310 - Check plugin pinoutconfig
2024-07-28 21:11:07,109 [WARN] SupportedApi:132 - Cannot load RTOS API schema: s4s-elt-must-match.1: The content of 'definitions' must match (annotation?, (simpleType | complexType)?, (unique | key | keyref)*)). A problem was found starting at: attribute.
2024-07-28 21:11:07,213 [INFO] PluginManage:359 - Loaded plugin pinoutconfig (category:base,tabindex:0)
2024-07-28 21:11:07,213 [INFO] PluginManage:310 - Check plugin power
2024-07-28 21:11:07,231 [INFO] PluginManage:359 - Loaded plugin power (category:power,tabindex:4)
2024-07-28 21:11:07,232 [INFO] PluginManage:310 - Check plugin projectmanager
2024-07-28 21:11:07,246 [INFO] PluginManage:359 - Loaded plugin projectmanager (category:projectmanager,tabindex:3)
2024-07-28 21:11:07,246 [INFO] PluginManage:310 - Check plugin thirdparty
2024-07-28 21:11:07,459 [INFO] PluginManage:359 - Loaded plugin thirdparty (category:base,tabindex:-1)
2024-07-28 21:11:07,459 [INFO] PluginManage:310 - Check plugin tools
2024-07-28 21:11:07,459 [WARN] IntegrityCheckThread:84 - waiting for thirdparty lock release [integrity check]
2024-07-28 21:11:07,459 [INFO] IntegrityCheckThread:86 - entering critical section [integrity check]
2024-07-28 21:11:07,459 [INFO] ThirdPartyUpdaterWithRetryManager:70 - Updater plugin not ready yet. [1/15]
2024-07-28 21:11:07,487 [INFO] PluginManage:359 - Loaded plugin tools (category:base,tabindex:7)
2024-07-28 21:11:07,487 [INFO] PluginManage:310 - Check plugin tutovideos
2024-07-28 21:11:07,638 [INFO] PluginManage:359 - Loaded plugin tutovideos (category:base,tabindex:-1)
2024-07-28 21:11:07,638 [INFO] PluginManage:310 - Check plugin updater
2024-07-28 21:11:07,649 [INFO] PluginManage:359 - Loaded plugin updater (category:base,tabindex:12)
2024-07-28 21:11:07,649 [INFO] PluginManage:310 - Check plugin userauth
2024-07-28 21:11:07,654 [INFO] UserAuth:114 - Init User Auth plugin
2024-07-28 21:11:07,654 [INFO] PluginManage:359 - Loaded plugin userauth (category:base,tabindex:14)
2024-07-28 21:11:07,654 [INFO] PluginManage:283 - PluginManage : Loaded plugins [17]
2024-07-28 21:11:07,840 [INFO] PinOutPanel:1561 - setPackage(No Configuration,No Configuration)
2024-07-28 21:11:07,906 [INFO] CADModel:165 - CPN selected for project level
2024-07-28 21:11:07,906 [INFO] CADModel:114 - Register for checkConnection events
2024-07-28 21:11:07,930 [INFO] IPUIPlugin:80 - create IPUIPlugin
2024-07-28 21:11:07,930 [INFO] PluginManager:220 - loadIPPluginJar : add adc
2024-07-28 21:11:07,958 [INFO] IPUIPlugin:80 - create IPUIPlugin
2024-07-28 21:11:07,958 [INFO] PluginManager:220 - loadIPPluginJar : add aes
2024-07-28 21:11:07,989 [INFO] IPUIPlugin:80 - create IPUIPlugin
2024-07-28 21:11:07,989 [INFO] PluginManager:220 - loadIPPluginJar : add can
2024-07-28 21:11:08,007 [INFO] IPUIPlugin:80 - create IPUIPlugin
2024-07-28 21:11:08,007 [INFO] PluginManager:220 - loadIPPluginJar : add comp
2024-07-28 21:11:08,031 [INFO] IPUIPlugin:80 - create IPUIPlugin
2024-07-28 21:11:08,032 [INFO] PluginManager:220 - loadIPPluginJar : add cryp
2024-07-28 21:11:08,055 [INFO] IPUIPlugin:80 - create IPUIPlugin
2024-07-28 21:11:08,055 [INFO] PluginManager:220 - loadIPPluginJar : add dfsdm
2024-07-28 21:11:08,067 [INFO] IPUIPlugin:80 - create IPUIPlugin
2024-07-28 21:11:08,067 [INFO] PluginManager:220 - loadIPPluginJar : add dma
2024-07-28 21:11:08,101 [INFO] IPUIPlugin:80 - create IPUIPlugin
2024-07-28 21:11:08,101 [INFO] PluginManager:220 - loadIPPluginJar : add dma3
2024-07-28 21:11:08,134 [INFO] IPUIPlugin:80 - create IPUIPlugin
2024-07-28 21:11:08,135 [INFO] PluginManager:220 - loadIPPluginJar : add extmemmanager
2024-07-28 21:11:08,152 [INFO] IPUIPlugin:80 - create IPUIPlugin
2024-07-28 21:11:08,152 [INFO] PluginManager:220 - loadIPPluginJar : add fatfs
2024-07-28 21:11:08,188 [INFO] IPUIPlugin:80 - create IPUIPlugin
2024-07-28 21:11:08,189 [INFO] PluginManager:220 - loadIPPluginJar : add fmc
2024-07-28 21:11:08,201 [INFO] IPUIPlugin:80 - create IPUIPlugin
2024-07-28 21:11:08,201 [INFO] PluginManager:220 - loadIPPluginJar : add freertos
2024-07-28 21:11:08,218 [INFO] IPUIPlugin:80 - create IPUIPlugin
2024-07-28 21:11:08,218 [INFO] PluginManager:220 - loadIPPluginJar : add genericplugin
2024-07-28 21:11:08,285 [INFO] IPUIPlugin:80 - create IPUIPlugin
2024-07-28 21:11:08,285 [INFO] PluginManager:220 - loadIPPluginJar : add gfxmmu
2024-07-28 21:11:08,383 [INFO] IPUIPlugin:80 - create IPUIPlugin
2024-07-28 21:11:08,384 [INFO] PluginManager:220 - loadIPPluginJar : add gic
2024-07-28 21:11:08,394 [INFO] IPUIPlugin:80 - create IPUIPlugin
2024-07-28 21:11:08,394 [INFO] PluginManager:220 - loadIPPluginJar : add gpio
2024-07-28 21:11:08,459 [INFO] IPUIPlugin:80 - create IPUIPlugin
2024-07-28 21:11:08,459 [INFO] PluginManager:220 - loadIPPluginJar : add gtzc
2024-07-28 21:11:08,484 [INFO] IPUIPlugin:80 - create IPUIPlugin
2024-07-28 21:11:08,484 [INFO] PluginManager:220 - loadIPPluginJar : add hash
2024-07-28 21:11:08,520 [INFO] IPUIPlugin:80 - create IPUIPlugin
2024-07-28 21:11:08,520 [INFO] PluginManager:220 - loadIPPluginJar : add i2c
2024-07-28 21:11:08,548 [INFO] IPUIPlugin:80 - create IPUIPlugin
2024-07-28 21:11:08,548 [INFO] PluginManager:220 - loadIPPluginJar : add i2s
2024-07-28 21:11:08,577 [INFO] IPUIPlugin:80 - create IPUIPlugin
2024-07-28 21:11:08,577 [INFO] PluginManager:220 - loadIPPluginJar : add i3c
2024-07-28 21:11:08,651 [INFO] IPUIPlugin:80 - create IPUIPlugin
2024-07-28 21:11:08,651 [INFO] PluginManager:220 - loadIPPluginJar : add ipddr
2024-07-28 21:11:08,721 [INFO] IPUIPlugin:80 - create IPUIPlugin
2024-07-28 21:11:08,721 [INFO] PluginManager:220 - loadIPPluginJar : add linkedlist
2024-07-28 21:11:08,749 [INFO] IPUIPlugin:80 - create IPUIPlugin
2024-07-28 21:11:08,749 [INFO] PluginManager:220 - loadIPPluginJar : add lorawan
2024-07-28 21:11:08,780 [INFO] IPUIPlugin:80 - create IPUIPlugin
2024-07-28 21:11:08,780 [INFO] PluginManager:220 - loadIPPluginJar : add ltdc
2024-07-28 21:11:08,793 [INFO] IPUIPlugin:80 - create IPUIPlugin
2024-07-28 21:11:08,793 [INFO] PluginManager:220 - loadIPPluginJar : add mdma
2024-07-28 21:11:08,803 [INFO] IPUIPlugin:80 - create IPUIPlugin
2024-07-28 21:11:08,803 [INFO] PluginManager:220 - loadIPPluginJar : add nvic
2024-07-28 21:11:08,829 [INFO] IPUIPlugin:80 - create IPUIPlugin
2024-07-28 21:11:08,829 [INFO] PluginManager:220 - loadIPPluginJar : add opamp
2024-07-28 21:11:08,884 [INFO] IPUIPlugin:80 - create IPUIPlugin
2024-07-28 21:11:08,884 [INFO] PluginManager:220 - loadIPPluginJar : add openamp
2024-07-28 21:11:08,920 [INFO] IPUIPlugin:80 - create IPUIPlugin
2024-07-28 21:11:08,921 [INFO] PluginManager:220 - loadIPPluginJar : add pdm2pcm
2024-07-28 21:11:08,932 [INFO] IPUIPlugin:80 - create IPUIPlugin
2024-07-28 21:11:08,934 [INFO] PluginManager:220 - loadIPPluginJar : add plateformsettings
2024-07-28 21:11:08,951 [INFO] IPUIPlugin:80 - create IPUIPlugin
2024-07-28 21:11:08,951 [INFO] PluginManager:220 - loadIPPluginJar : add quadspi
2024-07-28 21:11:08,961 [INFO] IPUIPlugin:80 - create IPUIPlugin
2024-07-28 21:11:08,961 [INFO] PluginManager:220 - loadIPPluginJar : add resmgrutility
2024-07-28 21:11:08,997 [INFO] IPUIPlugin:80 - create IPUIPlugin
2024-07-28 21:11:08,997 [INFO] PluginManager:220 - loadIPPluginJar : add sai
2024-07-28 21:11:09,026 [INFO] IPUIPlugin:80 - create IPUIPlugin
2024-07-28 21:11:09,026 [INFO] PluginManager:220 - loadIPPluginJar : add spi
2024-07-28 21:11:09,075 [INFO] IPUIPlugin:80 - create IPUIPlugin
2024-07-28 21:11:09,075 [INFO] PluginManager:220 - loadIPPluginJar : add stm32_wpan
2024-07-28 21:11:09,093 [INFO] IPUIPlugin:80 - create IPUIPlugin
2024-07-28 21:11:09,093 [INFO] PluginManager:220 - loadIPPluginJar : add tim
2024-07-28 21:11:09,137 [INFO] IPUIPlugin:80 - create IPUIPlugin
2024-07-28 21:11:09,137 [INFO] PluginManager:220 - loadIPPluginJar : add touchsensing
2024-07-28 21:11:09,155 [INFO] IPUIPlugin:80 - create IPUIPlugin
2024-07-28 21:11:09,155 [INFO] PluginManager:220 - loadIPPluginJar : add tracer_emb
2024-07-28 21:11:09,173 [INFO] IPUIPlugin:80 - create IPUIPlugin
2024-07-28 21:11:09,173 [INFO] PluginManager:220 - loadIPPluginJar : add ts
2024-07-28 21:11:09,190 [INFO] IPUIPlugin:80 - create IPUIPlugin
2024-07-28 21:11:09,190 [INFO] PluginManager:220 - loadIPPluginJar : add tsc
2024-07-28 21:11:09,207 [INFO] IPUIPlugin:80 - create IPUIPlugin
2024-07-28 21:11:09,207 [INFO] PluginManager:220 - loadIPPluginJar : add ucpd
2024-07-28 21:11:09,240 [INFO] IPUIPlugin:80 - create IPUIPlugin
2024-07-28 21:11:09,240 [INFO] PluginManager:220 - loadIPPluginJar : add usart
2024-07-28 21:11:09,274 [INFO] IPUIPlugin:80 - create IPUIPlugin
2024-07-28 21:11:09,274 [INFO] PluginManager:220 - loadIPPluginJar : add usbx
2024-07-28 21:11:09,392 [INFO] CADModel:165 - CPN selected for project level
2024-07-28 21:11:09,392 [INFO] CADModel:114 - Register for checkConnection events
2024-07-28 21:11:09,392 [FATAL] Updater:308 - Updater called before beeing initialized
2024-07-28 21:11:09,392 [ERROR] CADModel:125 - Updater not yet initialized, retry later 
2024-07-28 21:11:09,505 [INFO] CADModel:165 - CPN selected for project level
2024-07-28 21:11:09,505 [INFO] CADModel:114 - Register for checkConnection events
2024-07-28 21:11:09,505 [FATAL] Updater:308 - Updater called before beeing initialized
2024-07-28 21:11:09,505 [ERROR] CADModel:125 - Updater not yet initialized, retry later 
2024-07-28 21:11:09,508 [FATAL] Updater:308 - Updater called before beeing initialized
2024-07-28 21:11:09,586 [FATAL] Updater:308 - Updater called before beeing initialized
2024-07-28 21:11:09,595 [INFO] DbMcusAds:53 - JSON generation date=Thu May 16 12:22:00 TRT 2024 (1715851320667)
2024-07-28 21:11:09,595 [FATAL] Updater:308 - Updater called before beeing initialized
2024-07-28 21:11:09,626 [WARN] DetailPanel:346 - Failed to get advertising image, set to default
2024-07-28 21:11:09,722 [FATAL] Updater:308 - Updater called before beeing initialized
2024-07-28 21:11:09,724 [FATAL] Updater:308 - Updater called before beeing initialized
2024-07-28 21:11:09,724 [FATAL] Updater:308 - Updater called before beeing initialized
2024-07-28 21:11:09,724 [WARN] DetailPanel:346 - Failed to get advertising image, set to default
2024-07-28 21:11:09,725 [FATAL] Updater:308 - Updater called before beeing initialized
2024-07-28 21:11:09,776 [ERROR] Updater:1120 - MainUpdater not yet initialized. External WinMGr cannot be set.
2024-07-28 21:11:09,785 [INFO] Updater:1056 - Updater Version found : 6.11.0
2024-07-28 21:11:09,800 [INFO] ApplicationProperties:184 - Using Application install path: C:\ST\STM32CubeIDE_1.15.0\STM32CubeIDE\plugins\com.st.stm32cube.common.mx_6.11.0.202403141607
2024-07-28 21:11:10,461 [INFO] ThirdPartyUpdaterWithRetryManager:70 - Updater plugin not ready yet. [2/15]
2024-07-28 21:11:11,377 [ERROR] LogOutputStream:75 - [STDERR_REDIRECT] Jul 28, 2024 9:11:11 PM java.util.prefs.WindowsPreferences <init>
2024-07-28 21:11:11,378 [ERROR] LogOutputStream:75 - [STDERR_REDIRECT] WARNING: Could not open/create prefs root node Software\JavaSoft\Prefs at root 0xffffffff80000002. Windows RegCreateKeyEx(...) returned error code 5.
2024-07-28 21:11:11,378 [ERROR] LogOutputStream:75 - [STDERR_REDIRECT] 
2024-07-28 21:11:11,676 [INFO] MainUpdater:2873 - connection check result : 10
2024-07-28 21:11:11,676 [INFO] MainUpdater:3567 - Updater definition file requires update
2024-07-28 21:11:11,677 [INFO] MainUpdater:290 - Updater Check For Update Now.
2024-07-28 21:11:11,678 [INFO] MicroXplorer:498 - Change Database Version : DB.6.0.110
2024-07-28 21:11:11,696 [INFO] McuFinderGlobals:63 - Set McuFinder mode to 2 (CubeIDE integrated)
2024-07-28 21:11:11,706 [INFO] UserAuth:415 - Internet connection configuration mode: 1
2024-07-28 21:11:11,729 [INFO] JxBrowserEngine:152 - Initiate JxBrowser Engine with user profile folder
2024-07-28 21:11:11,788 [INFO] ServerAccessManage:473 - Download File updaters.zip
2024-07-28 21:11:11,885 [INFO] FileExtend:240 - Unzip File : updaters.zip
2024-07-28 21:11:11,885 [INFO] FileExtend:255 - Standard Zip Deflate
2024-07-28 21:11:12,339 [INFO] ServerAccessManage:473 - Download File PacksControlFlags.xml
2024-07-28 21:11:12,409 [INFO] ServerAccessManage:473 - Download File cubemx.pidx
2024-07-28 21:11:13,131 [INFO] ServerAccessManage:473 - Download File STMicroelectronics.X-CUBE-TOF1.pdsc
2024-07-28 21:11:13,464 [WARN] MainUpdater:1194 - Updater busy. Cannot search thirdparties
2024-07-28 21:11:13,464 [INFO] ThirdPartyUpdaterWithRetryManager:96 - Updater plugin is busy. [1/15]
2024-07-28 21:11:13,660 [INFO] McuFinderGlobals:63 - Set McuFinder mode to 2 (CubeIDE integrated)
2024-07-28 21:11:14,597 [ERROR] ServerAccessManage:1089 - Problem, file not found on Server
2024-07-28 21:11:15,099 [INFO] WebApp:161 - Instantiating new browser for Auth
2024-07-28 21:11:15,318 [WARN] PackLoader:240 - Cannot read IP mode file for STMicroelectronics.X-CUBE-TOF1.3.4.2
2024-07-28 21:11:15,337 [INFO] PopulateThirdPartyThread:66 - Ending populate Thread
2024-07-28 21:11:15,340 [INFO] ThirdParty:1030 - CMSIS Pack Vendor :STMicroelectronics X-CUBE-TOF1 3.4.2
2024-07-28 21:11:15,341 [INFO] LoadServerUpdatesThread:375 - End of LoadServerUpdate Thread
2024-07-28 21:11:15,416 [INFO] CheckServerUpdateThread:120 - End of CheckServer Thread
2024-07-28 21:11:15,492 [INFO] MainUpdater:2873 - connection check result : 10
2024-07-28 21:11:15,497 [INFO] MainUpdater:2873 - connection check result : 10
2024-07-28 21:11:15,655 [INFO] MicroXplorer:468 - Change Database Path : 
2024-07-28 21:11:15,655 [INFO] MicroXplorer:498 - Change Database Version : DB.6.0.110
2024-07-28 21:11:15,664 [WARN] ThirdParty:871 - waiting for thirdparty lock release [close project]
2024-07-28 21:11:15,806 [INFO] WebApp:779 - Register for checkConnection events
2024-07-28 21:11:15,806 [INFO] WebApp:414 - Apply proxy settings
2024-07-28 21:11:15,806 [INFO] WebApp:499 - Chromium requires no authentication
2024-07-28 21:11:15,814 [INFO] WebApp:442 - Direct internet connection detected
2024-07-28 21:11:15,988 [INFO] WebApp:192 - Starting web application
2024-07-28 21:11:15,989 [INFO] WebApp:544 - Web application path used C:\ST\STM32CubeIDE_1.15.0\STM32CubeIDE\plugins\com.st.stm32cube.common.mx_6.11.0.202403141607\db\plugins\mcufinder\reactClient1\index.html
2024-07-28 21:11:16,571 [WARN] PackLoader:240 - Cannot read IP mode file for STMicroelectronics.FP-SNS-MOTENVWB1.1.4.0
2024-07-28 21:11:16,583 [WARN] PackLoader:240 - Cannot read IP mode file for STMicroelectronics.X-CUBE-SMBUS.2.1.0
2024-07-28 21:11:16,600 [WARN] PackLoader:240 - Cannot read IP mode file for STMicroelectronics.X-CUBE-TOUCHGFX.4.23.1
2024-07-28 21:11:16,616 [WARN] PackLoader:240 - Cannot read IP mode file for STMicroelectronics.X-CUBE-TOUCHGFX.4.23.0
2024-07-28 21:11:16,635 [WARN] PackLoader:240 - Cannot read IP mode file for STMicroelectronics.X-CUBE-TOUCHGFX.4.23.2
2024-07-28 21:11:16,654 [WARN] PackLoader:240 - Cannot read IP mode file for STMicroelectronics.X-CUBE-AZRTOS-F7.1.1.0
2024-07-28 21:11:16,670 [WARN] PackLoader:240 - Cannot read IP mode file for STMicroelectronics.FP-SNS-MOTENV1.4.3.2
2024-07-28 21:11:16,675 [WARN] PackLoader:240 - Cannot read IP mode file for STMicroelectronics.FP-SNS-FLIGHT1.5.0.2
2024-07-28 21:11:16,687 [WARN] PackLoader:240 - Cannot read IP mode file for STMicroelectronics.X-CUBE-DISPLAY.3.0.0
2024-07-28 21:11:16,703 [WARN] PackLoader:240 - Cannot read IP mode file for STMicroelectronics.X-CUBE-BLE1.7.0.0
2024-07-28 21:11:16,714 [WARN] PackLoader:240 - Cannot read IP mode file for emotas.I-CUBE-CANOPEN.1.3.0
2024-07-28 21:11:16,731 [WARN] PackLoader:240 - Cannot read IP mode file for STMicroelectronics.X-CUBE-BLEMGR.3.1.0
2024-07-28 21:11:16,744 [WARN] PackLoader:240 - Cannot read IP mode file for STMicroelectronics.FP-SNS-SMARTAG2.1.2.0
2024-07-28 21:11:16,759 [INFO] LogOutputStream:77 - [STDOUT_REDIRECT] 1 : Invalid condition id : UX_CORESTACK_Condition cause : null
2024-07-28 21:11:16,760 [INFO] LogOutputStream:77 - [STDOUT_REDIRECT] 1 : Invalid condition id : UX_CORESTACK_Condition cause : null
2024-07-28 21:11:16,761 [INFO] LogOutputStream:77 - [STDOUT_REDIRECT] 1 : Invalid condition id : UX_CORESTACK_Condition cause : null
2024-07-28 21:11:16,761 [INFO] LogOutputStream:77 - [STDOUT_REDIRECT] 1 : Invalid condition id : UX_CORESTACK_Condition cause : null
2024-07-28 21:11:16,762 [INFO] LogOutputStream:77 - [STDOUT_REDIRECT] 1 : Invalid condition id : UX_CORESTACK_Condition cause : null
2024-07-28 21:11:16,764 [WARN] PackLoader:240 - Cannot read IP mode file for STMicroelectronics.X-CUBE-AZRTOS-WL.2.0.0
2024-07-28 21:11:16,774 [WARN] PackLoader:240 - Cannot read IP mode file for STMicroelectronics.FP-SNS-MOTENV1.5.0.0
2024-07-28 21:11:16,778 [WARN] PackLoader:240 - Cannot read IP mode file for wolfSSL.I-CUBE-wolfMQTT.1.19.0
2024-07-28 21:11:16,789 [WARN] PackLoader:240 - Cannot read IP mode file for WES.I-CUBE-Cesium.1.3.0
2024-07-28 21:11:16,799 [WARN] PackLoader:240 - Cannot read IP mode file for STMicroelectronics.X-CUBE-BLE2.3.3.0
2024-07-28 21:11:16,809 [WARN] PackLoader:240 - Cannot read IP mode file for STMicroelectronics.X-CUBE-TCPP.4.1.0
2024-07-28 21:11:16,819 [WARN] PackLoader:240 - Cannot read IP mode file for STMicroelectronics.X-CUBE-ALGOBUILD.1.3.0
2024-07-28 21:11:16,839 [WARN] PackLoader:240 - Cannot read IP mode file for STMicroelectronics.X-CUBE-AZRTOS-G0.1.1.0
2024-07-28 21:11:16,850 [WARN] PackLoader:240 - Cannot read IP mode file for STMicroelectronics.X-CUBE-SAFEA1.1.2.2
2024-07-28 21:11:16,861 [WARN] PackLoader:240 - Cannot read IP mode file for STMicroelectronics.X-CUBE-NFC4.3.0.0
2024-07-28 21:11:16,869 [WARN] PackLoader:240 - Cannot read IP mode file for wolfSSL.I-CUBE-wolfMQTT.1.18.0
2024-07-28 21:11:16,881 [WARN] PackLoader:240 - Cannot read IP mode file for EmbeddedOffice.I-CUBE-FS-RTOS.1.0.1
2024-07-28 21:11:16,882 [ERROR] ConditionMgr:805 - Attr not supported : Dmpu
2024-07-28 21:11:16,882 [ERROR] ConditionMgr:805 - Attr not supported : Dmpu
2024-07-28 21:11:16,882 [ERROR] ConditionMgr:805 - Attr not supported : Dmpu
2024-07-28 21:11:16,882 [ERROR] ConditionMgr:805 - Attr not supported : Dmpu
2024-07-28 21:11:16,882 [ERROR] ConditionMgr:805 - Attr not supported : Dmpu
2024-07-28 21:11:16,882 [ERROR] ConditionMgr:805 - Attr not supported : Dmpu
2024-07-28 21:11:16,882 [ERROR] ConditionMgr:805 - Attr not supported : Dmpu
2024-07-28 21:11:16,882 [ERROR] ConditionMgr:805 - Attr not supported : Dmpu
2024-07-28 21:11:16,882 [ERROR] ConditionMgr:805 - Attr not supported : Dmpu
2024-07-28 21:11:16,882 [ERROR] ConditionMgr:805 - Attr not supported : Dmpu
2024-07-28 21:11:16,882 [ERROR] ConditionMgr:805 - Attr not supported : Dmpu
2024-07-28 21:11:16,882 [ERROR] ConditionMgr:805 - Attr not supported : Dmpu
2024-07-28 21:11:16,882 [ERROR] ConditionMgr:805 - Attr not supported : Dmpu
2024-07-28 21:11:16,882 [ERROR] ConditionMgr:805 - Attr not supported : Dmpu
2024-07-28 21:11:16,882 [ERROR] ConditionMgr:805 - Attr not supported : Dmpu
2024-07-28 21:11:16,882 [ERROR] ConditionMgr:805 - Attr not supported : Dmpu
2024-07-28 21:11:16,882 [ERROR] ConditionMgr:805 - Attr not supported : Dmpu
2024-07-28 21:11:16,882 [ERROR] ConditionMgr:805 - Attr not supported : Dmpu
2024-07-28 21:11:16,882 [ERROR] ConditionMgr:805 - Attr not supported : Dmpu
2024-07-28 21:11:16,882 [ERROR] ConditionMgr:805 - Attr not supported : Dmpu
2024-07-28 21:11:16,882 [ERROR] ConditionMgr:805 - Attr not supported : Dmpu
2024-07-28 21:11:16,882 [ERROR] ConditionMgr:805 - Attr not supported : Dmpu
2024-07-28 21:11:16,882 [ERROR] ConditionMgr:805 - Attr not supported : Dmpu
2024-07-28 21:11:16,882 [ERROR] ConditionMgr:805 - Attr not supported : Dmpu
2024-07-28 21:11:16,882 [ERROR] ConditionMgr:805 - Attr not supported : Dmpu
2024-07-28 21:11:16,883 [ERROR] ConditionMgr:805 - Attr not supported : Dmpu
2024-07-28 21:11:16,883 [ERROR] ConditionMgr:805 - Attr not supported : Dmpu
2024-07-28 21:11:16,883 [ERROR] ConditionMgr:805 - Attr not supported : Dmpu
2024-07-28 21:11:16,883 [ERROR] ConditionMgr:805 - Attr not supported : Dmpu
2024-07-28 21:11:16,883 [ERROR] ConditionMgr:805 - Attr not supported : Dmpu
2024-07-28 21:11:16,883 [ERROR] ConditionMgr:805 - Attr not supported : Dmpu
2024-07-28 21:11:16,883 [ERROR] ConditionMgr:805 - Attr not supported : Dmpu
2024-07-28 21:11:16,883 [ERROR] ConditionMgr:805 - Attr not supported : Dmpu
2024-07-28 21:11:16,883 [ERROR] ConditionMgr:805 - Attr not supported : Dmpu
2024-07-28 21:11:16,883 [ERROR] ConditionMgr:805 - Attr not supported : Dmpu
2024-07-28 21:11:16,883 [ERROR] ConditionMgr:805 - Attr not supported : Dmpu
2024-07-28 21:11:16,883 [ERROR] ConditionMgr:805 - Attr not supported : Dmpu
2024-07-28 21:11:16,883 [ERROR] ConditionMgr:805 - Attr not supported : Dmpu
2024-07-28 21:11:16,883 [ERROR] ConditionMgr:805 - Attr not supported : Dmpu
2024-07-28 21:11:16,883 [ERROR] ConditionMgr:805 - Attr not supported : Dmpu
2024-07-28 21:11:16,883 [ERROR] ConditionMgr:805 - Attr not supported : Dmpu
2024-07-28 21:11:16,883 [ERROR] ConditionMgr:805 - Attr not supported : Dmpu
2024-07-28 21:11:16,883 [ERROR] ConditionMgr:805 - Attr not supported : Dmpu
2024-07-28 21:11:16,883 [ERROR] ConditionMgr:805 - Attr not supported : Dmpu
2024-07-28 21:11:16,883 [ERROR] ConditionMgr:805 - Attr not supported : Dmpu
2024-07-28 21:11:16,883 [ERROR] ConditionMgr:805 - Attr not supported : Dmpu
2024-07-28 21:11:16,883 [ERROR] ConditionMgr:805 - Attr not supported : Dmpu
2024-07-28 21:11:16,883 [ERROR] ConditionMgr:805 - Attr not supported : Dmpu
2024-07-28 21:11:16,883 [ERROR] ConditionMgr:805 - Attr not supported : Dmpu
2024-07-28 21:11:16,883 [ERROR] ConditionMgr:805 - Attr not supported : Dmpu
2024-07-28 21:11:16,883 [ERROR] ConditionMgr:805 - Attr not supported : Dmpu
2024-07-28 21:11:16,883 [ERROR] ConditionMgr:805 - Attr not supported : Dmpu
2024-07-28 21:11:16,883 [ERROR] ConditionMgr:805 - Attr not supported : Dmpu
2024-07-28 21:11:16,883 [ERROR] ConditionMgr:805 - Attr not supported : Dmpu
2024-07-28 21:11:16,883 [ERROR] ConditionMgr:805 - Attr not supported : Dmpu
2024-07-28 21:11:16,883 [ERROR] ConditionMgr:805 - Attr not supported : Dmpu
2024-07-28 21:11:16,883 [ERROR] ConditionMgr:805 - Attr not supported : Dmpu
2024-07-28 21:11:16,883 [ERROR] ConditionMgr:805 - Attr not supported : Dmpu
2024-07-28 21:11:16,884 [ERROR] ConditionMgr:805 - Attr not supported : Dmpu
2024-07-28 21:11:16,884 [ERROR] ConditionMgr:805 - Attr not supported : Dmpu
2024-07-28 21:11:16,884 [ERROR] ConditionMgr:805 - Attr not supported : Dmpu
2024-07-28 21:11:16,884 [ERROR] ConditionMgr:805 - Attr not supported : Dmpu
2024-07-28 21:11:16,884 [ERROR] ConditionMgr:805 - Attr not supported : Dmpu
2024-07-28 21:11:16,884 [ERROR] ConditionMgr:805 - Attr not supported : Dmpu
2024-07-28 21:11:16,895 [WARN] PackLoader:240 - Cannot read IP mode file for RealThread.X-CUBE-RT-Thread_Nano.4.1.1
2024-07-28 21:11:16,899 [WARN] PackLoader:240 - Cannot read IP mode file for STMicroelectronics.FP-ATR-SIGFOX1.3.2.0
2024-07-28 21:11:16,910 [WARN] PackLoader:240 - Cannot read IP mode file for STMicroelectronics.X-CUBE-EEPRMA1.5.1.0
2024-07-28 21:11:16,933 [WARN] PackLoader:240 - Cannot read IP mode file for SEGGER.I-CUBE-embOS.1.3.1
2024-07-28 21:11:16,965 [WARN] PackLoader:240 - Cannot read IP mode file for STMicroelectronics.X-CUBE-ALGOBUILD.1.4.0
2024-07-28 21:11:16,980 [WARN] PackLoader:240 - Cannot read IP mode file for STMicroelectronics.X-CUBE-GNSS1.6.0.0
2024-07-28 21:11:17,004 [WARN] PackLoader:240 - Cannot read IP mode file for STMicroelectronics.X-CUBE-AZRTOS-F4.1.1.0
2024-07-28 21:11:17,019 [WARN] PackLoader:240 - Cannot read IP mode file for STMicroelectronics.X-CUBE-FREERTOS.1.2.0
2024-07-28 21:11:17,032 [WARN] PackLoader:240 - Cannot read IP mode file for wolfSSL.I-CUBE-wolfSSL.5.6.6
2024-07-28 21:11:17,053 [WARN] PackLoader:240 - Cannot read IP mode file for STMicroelectronics.X-CUBE-AZRTOS-L5.2.0.0
2024-07-28 21:11:17,068 [WARN] PackLoader:240 - Cannot read IP mode file for STMicroelectronics.X-CUBE-NFC6.3.1.0
2024-07-28 21:11:17,080 [WARN] PackLoader:240 - Cannot read IP mode file for ITTIA_DB.I-CUBE-ITTIADB.8.8.0
2024-07-28 21:11:17,091 [WARN] PackLoader:240 - Cannot read IP mode file for STMicroelectronics.X-CUBE-DPower.1.2.0
2024-07-28 21:11:17,103 [WARN] PackLoader:240 - Cannot read IP mode file for STMicroelectronics.X-CUBE-AI.9.0.0
2024-07-28 21:11:17,115 [WARN] PackLoader:240 - Cannot read IP mode file for STMicroelectronics.X-CUBE-NFC7.1.0.1
2024-07-28 21:11:17,120 [WARN] PackLoader:240 - Cannot read IP mode file for wolfSSL.I-CUBE-wolfTPM.3.2.0
2024-07-28 21:11:17,133 [WARN] PackLoader:240 - Cannot read IP mode file for STMicroelectronics.X-CUBE-AI.8.1.0
2024-07-28 21:11:17,156 [WARN] ConditionMgr:438 - getConditionDescription Invalid condition id : LAN8742 Phy interface Condition cause : null
2024-07-28 21:11:17,156 [WARN] PackLoader:240 - Cannot read IP mode file for STMicroelectronics.X-CUBE-AZRTOS-L4.2.0.0
2024-07-28 21:11:17,157 [WARN] ConditionMgr:1039 - genDependencies : Invalid condition id : LAN8742 Phy interface Condition cause : null
2024-07-28 21:11:17,157 [WARN] ConditionMgr:1039 - genDependencies : Invalid condition id : LAN8742 Phy interface Condition cause : null
2024-07-28 21:11:17,157 [WARN] ConditionMgr:1039 - genDependencies : Invalid condition id : LAN8742 Phy interface Condition cause : null
2024-07-28 21:11:17,172 [WARN] PackLoader:240 - Cannot read IP mode file for STMicroelectronics.X-CUBE-SFXS2LP1.4.0.0
2024-07-28 21:11:17,193 [WARN] ConditionMgr:438 - getConditionDescription Invalid condition id : UX DEVICE CLASS RTOS Condition cause : null
2024-07-28 21:11:17,194 [WARN] ConditionMgr:438 - getConditionDescription Invalid condition id : UX DEVICE CLASS RTOS Condition cause : null
2024-07-28 21:11:17,195 [WARN] PackLoader:240 - Cannot read IP mode file for STMicroelectronics.X-CUBE-AZRTOS-WB.2.0.0
2024-07-28 21:11:17,195 [WARN] ConditionMgr:1039 - genDependencies : Invalid condition id : UX DEVICE CLASS RTOS Condition cause : null
2024-07-28 21:11:17,195 [WARN] ConditionMgr:1039 - genDependencies : Invalid condition id : UX DEVICE CLASS RTOS Condition cause : null
2024-07-28 21:11:17,196 [WARN] ConditionMgr:1039 - genDependencies : Invalid condition id : UX DEVICE CLASS RTOS Condition cause : null
2024-07-28 21:11:17,196 [WARN] ConditionMgr:1039 - genDependencies : Invalid condition id : UX DEVICE CLASS RTOS Condition cause : null
2024-07-28 21:11:17,196 [WARN] ConditionMgr:1039 - genDependencies : Invalid condition id : UX DEVICE CLASS RTOS Condition cause : null
2024-07-28 21:11:17,208 [WARN] PackLoader:240 - Cannot read IP mode file for STMicroelectronics.FP-SNS-STBOX1.2.0.0
2024-07-28 21:11:17,229 [WARN] PackLoader:240 - Cannot read IP mode file for STMicroelectronics.X-CUBE-SUBG2.5.0.0
2024-07-28 21:11:17,252 [WARN] PackLoader:240 - Cannot read IP mode file for STMicroelectronics.X-CUBE-AZRTOS-G4.2.0.0
2024-07-28 21:11:17,271 [WARN] PackLoader:240 - Cannot read IP mode file for Infineon.AIROC-Wi-Fi-Bluetooth-STM32.1.5.1
2024-07-28 21:11:17,288 [WARN] PackLoader:240 - Cannot read IP mode file for STMicroelectronics.FP-SNS-MOTENVWB1.1.3.1
2024-07-28 21:11:17,302 [WARN] PackLoader:240 - Cannot read IP mode file for STMicroelectronics.X-CUBE-ISPU.2.0.0
2024-07-28 21:11:17,317 [WARN] PackLoader:240 - Cannot read IP mode file for STMicroelectronics.X-CUBE-ALS.1.0.2
2024-07-28 21:11:17,361 [WARN] PackLoader:240 - Cannot read IP mode file for STMicroelectronics.X-CUBE-MEMS1.10.0.0
2024-07-28 21:11:17,475 [WARN] PackLoader:240 - Cannot read IP mode file for STMicroelectronics.X-CUBE-FREERTOS.1.1.0
2024-07-28 21:11:17,489 [WARN] PackLoader:240 - Cannot read IP mode file for STMicroelectronics.X-CUBE-TOUCHGFX.4.24.0
2024-07-28 21:11:17,504 [WARN] PackLoader:240 - Cannot read IP mode file for portGmbH.I-Cube-SoM-uGOAL.1.1.0
2024-07-28 21:11:17,516 [WARN] PackLoader:240 - Cannot read IP mode file for STMicroelectronics.X-CUBE-ALS.1.0.1
2024-07-28 21:11:17,541 [WARN] PackLoader:240 - Cannot read IP mode file for STMicroelectronics.X-CUBE-AZRTOS-H7RS.1.0.0
2024-07-28 21:11:17,547 [WARN] PackLoader:240 - Cannot read IP mode file for STMicroelectronics.FP-ATR-ASTRA1.2.0.0
2024-07-28 21:11:17,553 [WARN] PackLoader:240 - Cannot read IP mode file for STMicroelectronics.X-CUBE-TOF1.3.4.2
2024-07-28 21:11:17,572 [WARN] PackLoader:240 - Cannot read IP mode file for STMicroelectronics.X-CUBE-TOF1.3.4.1
2024-07-28 21:11:17,603 [WARN] PackLoader:240 - Cannot read IP mode file for STMicroelectronics.X-CUBE-AZRTOS-H7.3.2.0
2024-07-28 21:11:17,610 [WARN] PackLoader:240 - Cannot read IP mode file for wolfSSL.I-CUBE-wolfSSH.1.4.17
2024-07-28 21:11:17,611 [INFO] ThirdParty:978 - Integrity check success = true
2024-07-28 21:11:17,611 [INFO] IntegrityCheckThread:100 - exiting critical section [integrity check]
2024-07-28 21:11:17,611 [INFO] IntegrityCheckThread:103 - End integrity checks thread
2024-07-28 21:11:17,611 [INFO] ThirdParty:873 - entering critical section [close project]
2024-07-28 21:11:17,612 [INFO] ThirdParty:883 - exiting critical section [close project]
2024-07-28 21:11:17,614 [INFO] PinOutPanel:1561 - setPackage(No Configuration,No Configuration)
2024-07-28 21:11:17,619 [INFO] UtilMem:75 - Begin LoadConfig() Used Memory: 236435072 Bytes (379584512)
2024-07-28 21:11:17,620 [INFO] MicroXplorer:468 - Change Database Path : 
2024-07-28 21:11:17,620 [INFO] MicroXplorer:498 - Change Database Version : DB.6.0.110
2024-07-28 21:11:17,621 [INFO] OpenFileManager:312 - Change cursor
2024-07-28 21:11:17,658 [INFO] Mcu:2021 - Initializing MCU STM32L4R5ZITxP STM32L4R5ZITxP STM32L4R5ZIT6P
2024-07-28 21:11:19,822 [INFO] Context:663 - Trying to add GPIOservice into a context  which must be forbidden
2024-07-28 21:11:20,403 [INFO] RtosManager:555 - Registered RTOS mode: class=CMSIS, group=RTOS, mode=CMSIS_V1, owner=FREERTOS
2024-07-28 21:11:20,403 [INFO] RtosManager:555 - Registered RTOS mode: class=CMSIS, group=RTOS2, mode=CMSIS_V2, owner=FREERTOS
2024-07-28 21:11:20,403 [INFO] RtosManager:555 - Registered RTOS mode: class=RTOS, group=Core, mode=CMSIS_V1, owner=FREERTOS
2024-07-28 21:11:20,404 [INFO] RtosManager:555 - Registered RTOS mode: class=RTOS, group=Core, mode=CMSIS_V2, owner=FREERTOS
2024-07-28 21:11:20,404 [WARN] ModelIntegratedComponent:184 - Missing modes for component STMicroelectronics:FreeRTOS:0.0.1:STMicroelectronics:RTOS:FreeRTOS:Core:::10.2.0:
2024-07-28 21:11:20,418 [WARN] ModelIntegratedComponent:63 - No mode defined for component null
2024-07-28 21:11:20,418 [WARN] ModelIntegratedComponent:63 - No mode defined for component null
2024-07-28 21:11:20,418 [WARN] ModelIntegratedComponent:63 - No mode defined for component null
2024-07-28 21:11:20,418 [WARN] ModelIntegratedComponent:63 - No mode defined for component null
2024-07-28 21:11:20,418 [WARN] ModelIntegratedComponent:63 - No mode defined for component null
2024-07-28 21:11:20,418 [WARN] ModelIntegratedComponent:63 - No mode defined for component null
2024-07-28 21:11:20,418 [WARN] ModelIntegratedComponent:63 - No mode defined for component null
2024-07-28 21:11:20,418 [WARN] ModelIntegratedComponent:63 - No mode defined for component null
2024-07-28 21:11:20,418 [WARN] ModelIntegratedComponent:63 - No mode defined for component null
2024-07-28 21:11:20,418 [WARN] ModelIntegratedComponent:63 - No mode defined for component null
2024-07-28 21:11:20,418 [WARN] ModelIntegratedComponent:63 - No mode defined for component null
2024-07-28 21:11:20,418 [WARN] ModelIntegratedComponent:63 - No mode defined for component null
2024-07-28 21:11:20,419 [WARN] ModelIntegratedComponent:63 - No mode defined for component null
2024-07-28 21:11:20,419 [WARN] ModelIntegratedComponent:63 - No mode defined for component null
2024-07-28 21:11:20,419 [WARN] ModelIntegratedComponent:63 - No mode defined for component null
2024-07-28 21:11:20,419 [WARN] ModelIntegratedComponent:63 - No mode defined for component null
2024-07-28 21:11:20,419 [WARN] ModelIntegratedComponent:63 - No mode defined for component null
2024-07-28 21:11:20,419 [WARN] ModelIntegratedComponent:63 - No mode defined for component null
2024-07-28 21:11:20,419 [WARN] ModelIntegratedComponent:63 - No mode defined for component null
2024-07-28 21:11:20,419 [WARN] ModelIntegratedComponent:63 - No mode defined for component null
2024-07-28 21:11:20,419 [WARN] ModelIntegratedComponent:63 - No mode defined for component null
2024-07-28 21:11:20,419 [WARN] ModelIntegratedComponent:63 - No mode defined for component null
2024-07-28 21:11:20,419 [WARN] ModelIntegratedComponent:63 - No mode defined for component null
2024-07-28 21:11:20,419 [WARN] ModelIntegratedComponent:63 - No mode defined for component null
2024-07-28 21:11:20,419 [WARN] ModelIntegratedComponent:63 - No mode defined for component null
2024-07-28 21:11:20,419 [WARN] ModelIntegratedComponent:63 - No mode defined for component null
2024-07-28 21:11:20,419 [WARN] ModelIntegratedComponent:63 - No mode defined for component null
2024-07-28 21:11:20,419 [WARN] ModelIntegratedComponent:63 - No mode defined for component null
2024-07-28 21:11:20,419 [WARN] ModelIntegratedComponent:63 - No mode defined for component null
2024-07-28 21:11:20,419 [WARN] ModelIntegratedComponent:63 - No mode defined for component null
2024-07-28 21:11:20,419 [WARN] ModelIntegratedComponent:63 - No mode defined for component null
2024-07-28 21:11:20,419 [WARN] ModelIntegratedComponent:63 - No mode defined for component null
2024-07-28 21:11:20,419 [WARN] ModelIntegratedComponent:63 - No mode defined for component null
2024-07-28 21:11:20,419 [WARN] ModelIntegratedComponent:63 - No mode defined for component null
2024-07-28 21:11:20,480 [INFO] ThirdPartyModel:298 - Start build external matchings
2024-07-28 21:11:20,657 [INFO] ThirdPartyModel:316 - End build external matchings
2024-07-28 21:11:20,667 [INFO] ImportTextPane:194 - (OptionalMessage_ERROR) IP (RCC) : Invalid parameter (FamilyName)
2024-07-28 21:11:20,667 [INFO] ImportTextPane:194 - (OptionalMessage_ERROR) IP (RCC) : Parameter (PLLDSIVCOFreq_Value) has invalid value (320000000)
2024-07-28 21:11:21,138 [INFO] ApiDb:581 - Connected to CubeFinder SQLite database (C:\Users\musa\.stmcufinder\plugins\mcufinder\mcu\cube-finder-db.db)
2024-07-28 21:11:21,192 [INFO] ApiDb:668 - CubeFinder database Data Model version=2.1
2024-07-28 21:11:21,193 [INFO] ApiDb:669 - CubeFinder database Configuration version=3.0.39
2024-07-28 21:11:21,193 [INFO] ApiDb:670 - CubeFinder database generation date=2024-06-20 (1718880634)
2024-07-28 21:11:21,193 [INFO] ApiDb:671 - CubeFinder database FW Pack versions=[FP-ATR-ASTRA1_V2.0.0, FP-SNS-FLIGHT1_V5.0.2, FP-SNS-MOTENV1_V5.0.0, FP-SNS-MOTENVWB1_V1.4.0, FP-SNS-SMARTAG2_V1.2.0, STM32Cube_FW_C0_V1.2.0, STM32Cube_FW_F4_V1.28.0, STM32Cube_FW_F7_V1.17.2, STM32Cube_FW_G0_V1.6.2, STM32Cube_FW_G4_V1.6.0, STM32Cube_FW_H5_V1.3.0, STM32Cube_FW_H7RS_V1.1.0, STM32Cube_FW_H7_V1.11.2, STM32Cube_FW_L0_V1.12.2, STM32Cube_FW_L5_V1.5.1, STM32Cube_FW_U0_V1.1.0, STM32Cube_FW_U5_V1.6.0, STM32Cube_FW_WB0_V1.0.0, STM32Cube_FW_WBA_V1.4.0, STM32Cube_FW_WB_V1.20.0, STM32Cube_FW_WL_V1.3.0, X-CUBE-ALGOBUILD_V1.4.0, X-CUBE-ALS_V1.0.2, X-CUBE-AZRTOS-F4_V1.1.0, X-CUBE-AZRTOS-F7_V1.1.0, X-CUBE-AZRTOS-G0_V1.1.0, X-CUBE-AZRTOS-G4_V2.0.0, X-CUBE-AZRTOS-H7RS_V1.0.0, X-CUBE-AZRTOS-H7_V3.2.0, X-CUBE-AZRTOS-L4_V2.0.0, X-CUBE-AZRTOS-L5_V1.1.0, X-CUBE-AZRTOS-WB_V2.0.0, X-CUBE-AZRTOS-WL_V2.0.0, X-CUBE-BLE1_V7.0.0, X-CUBE-BLE2_V3.3.0, X-CUBE-BLEMGR_V3.1.0, X-CUBE-EEPRMA1_V5.1.0, X-CUBE-FREERTOS_V1.2.0, X-CUBE-GNSS1_V6.0.0, X-CUBE-MEMS1_V10.0.0, X-CUBE-NFC4_V3.0.0, X-CUBE-NFC7_V1.0.1, X-CUBE-SFXS2LP1_V4.0.0, X-CUBE-SUBG2_V5.0.0, X-CUBE-TOF1_V3.4.1]
2024-07-28 21:11:21,310 [INFO] DbBoardsSqlite:226 - include board P-NUCLEO-WB55-NUCLEO as a kit item of type 'Nucleo-64'
2024-07-28 21:11:21,311 [INFO] DbBoardsSqlite:226 - include board P-NUCLEO-WB55-USBDONGLE as a kit item of type 'Nucleo USB Dongle'
2024-07-28 21:11:21,312 [INFO] DbBoardsSqlite:226 - include board STEVAL-IDP005V1 as a kit item of type 'Evaluation Board'
2024-07-28 21:11:21,312 [INFO] DbBoardsSqlite:226 - include board STEVAL-IDP005V2 as a kit item of type 'Evaluation Board'
2024-07-28 21:11:21,541 [INFO] ApiDb:240 - Found 483 in-development CPN: [B-G473E-ZEST1S, B-WB1M-WPAN1, B-WL5M-SUBG1, NUCLEO-C031C6, NUCLEO-H503RB, NUCLEO-H533RE, NUCLEO-H563ZI, NUCLEO-H7S3L8, NUCLEO-U031R8, NUCLEO-U083RC, NUCLEO-U545RE-Q, NUCLEO-U5A5ZJ-Q, NUCLEO-WBA52CG, NUCLEO-WBA55CG, STEVAL-PROTEUS1, STEVAL-SMARTAG2, STEVAL-STWINBX1, STM320518-EVAL, STM32C0116-DK, STM32C011D6Y3TR, STM32C011D6Y6TR, STM32C011F4P3, STM32C011F4P6, STM32C011F4U3, STM32C011F4U6TR, STM32C011F6P3, STM32C011F6P6, STM32C011F6U3, STM32C011F6U6TR, STM32C011J4M3, STM32C011J4M6, STM32C011J6M3, STM32C011J6M6, STM32C0316-DK, STM32C031C4T3, STM32C031C4T6, STM32C031C4U3, STM32C031C4U6, STM32C031C6T3, STM32C031C6T6, STM32C031C6U3, STM32C031C6U6, STM32C031F4P3, STM32C031F4P6, STM32C031F6P3, STM32C031F6P6, STM32C031G4U3, STM32C031G4U6, STM32C031G6U3, STM32C031G6U6, STM32C031K4T3, STM32C031K4T6, STM32C031K4U3, STM32C031K4U6, STM32C031K6T3, STM32C031K6T6, STM32C031K6U3, STM32C031K6U6, STM32G071K8TXN, STM32G071K8UXN, STM32G081GBU6N, STM32G081KBT6N, STM32G081KBUXN, STM32G0B1CCT6N, STM32G0B1KCT6, STM32G0B1NEY6TR, STM32G0B1RCT6N, STM32G0C1CCT6, STM32G0C1CCT6N, STM32G0C1CCU6N, STM32G0C1CET6N, STM32G0C1CEU6N, STM32G0C1KCT6, STM32G0C1NEY6TR, STM32G0C1RCI6N, STM32G0C1RCT6N, STM32G0C1REI6N, STM32G0C1RET6N, STM32G0C1VCI6, STM32G0C1VEI6, STM32G471CCT6, STM32G471CCU6, STM32G471CET3, STM32G471CET6, STM32G471CEU3, STM32G471CEU6, STM32G471MCT6, STM32G471MET3, STM32G471MET6, STM32G471MEY6TR, STM32G471QCT6, STM32G471QET3, STM32G471RCT6, STM32G471RET3, STM32G471RET6, STM32G471VCH6, STM32G471VCI6, STM32G471VCT6, STM32G471VEH3, STM32G471VEH6, STM32G471VEI3, STM32G471VEI6, STM32G471VET3, STM32G471VET6, STM32G474CCT6, STM32H503CBT6, STM32H503CBU6, STM32H503EBY6TR, STM32H503KBU6, STM32H503RBT6, STM32H523CCT6, STM32H523CCU6, STM32H523CET6, STM32H523CEU6, STM32H523HEY6TR, STM32H523RCT6, STM32H523RET6, STM32H523VCI6, STM32H523VCT6, STM32H523VEI6, STM32H523VET6, STM32H523ZCJ6, STM32H523ZCT6, STM32H523ZEJ6, STM32H523ZET6, STM32H533CET6, STM32H533CEU6, STM32H533HEY6TR, STM32H533RET6, STM32H533VEI6, STM32H533VET6, STM32H533ZEJ6, STM32H533ZET6, STM32H562AGI6, STM32H562AII6, STM32H562IGK6, STM32H562IGT6, STM32H562IIK6, STM32H562IIT6, STM32H562RGT6, STM32H562RGV6, STM32H562RIT6, STM32H562RIV6, STM32H562VGT6, STM32H562VIT6, STM32H562ZGT6, STM32H562ZIT6, STM32H563AGI6, STM32H563AII3Q, STM32H563AII6, STM32H563IGK6, STM32H563IGT6, STM32H563IIK3Q, STM32H563IIK6, STM32H563IIT3Q, STM32H563IIT6, STM32H563MIY3QTR, STM32H563RGT6, STM32H563RGV6, STM32H563RIT6, STM32H563RIV6, STM32H563VGT6, STM32H563VIT3Q, STM32H563VIT6, STM32H563ZGT6, STM32H563ZIT3Q, STM32H563ZIT6, STM32H573AII3Q, STM32H573AII6, STM32H573I-DK, STM32H573IIK3Q, STM32H573IIK6, STM32H573IIT3Q, STM32H573IIT6, STM32H573MIY3QTR, STM32H573RIT6, STM32H573RIV6, STM32H573VIT3Q, STM32H573VIT6, STM32H573ZIT3Q, STM32H573ZIT6, STM32H7R3A8I6, STM32H7R3I8K6, STM32H7R3I8T6, STM32H7R3L8H6, STM32H7R3L8H6H, STM32H7R3R8V6, STM32H7R3V8H6, STM32H7R3V8T6, STM32H7R3V8Y6, STM32H7R3Z8J6, STM32H7R3Z8T6, STM32H7R7A8I6, STM32H7R7I8K6, STM32H7R7I8T6, STM32H7R7L8H6, STM32H7R7L8H6H, STM32H7R7Z8J6, STM32H7S3A8I6, STM32H7S3I8K6, STM32H7S3I8T6, STM32H7S3L8H6, STM32H7S3L8H6H, STM32H7S3R8V6, STM32H7S3V8H6, STM32H7S3V8T6, STM32H7S3V8Y6, STM32H7S3Z8J6, STM32H7S3Z8T6, STM32H7S78-DK, STM32H7S7A8I6, STM32H7S7I8K6, STM32H7S7I8T6, STM32H7S7L8H6, STM32H7S7L8H6H, STM32H7S7Z8J6, STM32L4R5QGI6STR, STM32MP131AAE3, STM32MP131AAF3, STM32MP131AAG3, STM32MP131CAE3, STM32MP131CAF3, STM32MP131CAG3, STM32MP131DAE7, STM32MP131DAF7, STM32MP131DAG7, STM32MP131FAE7, STM32MP131FAF7, STM32MP131FAG7, STM32MP133AAE3, STM32MP133AAF3, STM32MP133AAG3, STM32MP133CAE3, STM32MP133CAF3, STM32MP133CAG3, STM32MP133DAE7, STM32MP133DAF7, STM32MP133DAG7, STM32MP133FAE7, STM32MP133FAF7, STM32MP133FAG7, STM32MP135AAE3, STM32MP135AAF3, STM32MP135AAG3, STM32MP135CAE3, STM32MP135CAF3, STM32MP135CAG3, STM32MP135DAE7, STM32MP135DAF7, STM32MP135DAG7, STM32MP135F-DK, STM32MP135FAE7, STM32MP135FAF7, STM32MP135FAF7T, STM32MP135FAF7U, STM32MP135FAG7, STM32U031C6T6, STM32U031C6U6, STM32U031C8T6, STM32U031C8U6, STM32U031F4P6, STM32U031F6P6, STM32U031F8P6, STM32U031G6Y6TR, STM32U031G8Y6TR, STM32U031K4U6, STM32U031K6U6, STM32U031K8U6, STM32U031R6I6, STM32U031R6T6, STM32U031R8I6, STM32U031R8T6, STM32U073C8T6, STM32U073C8U6, STM32U073CBT6, STM32U073CBU6, STM32U073CCT6, STM32U073CCU6, STM32U073H8Y6TR, STM32U073HBY6TR, STM32U073HCY6TR, STM32U073K8U6, STM32U073KBU6, STM32U073KCU6, STM32U073M8I6, STM32U073M8T6, STM32U073MBI6, STM32U073MBT6, STM32U073MCI6, STM32U073MCT6, STM32U073R8I6, STM32U073R8T6, STM32U073RBI6, STM32U073RBT6, STM32U073RCI6, STM32U073RCT6, STM32U083C-DK, STM32U083CCT6, STM32U083CCU6, STM32U083HCY6TR, STM32U083KCU6, STM32U083MCI6, STM32U083MCT6, STM32U083RCI6, STM32U083RCT6, STM32U535CBT6, STM32U535CBT6Q, STM32U535CBU6, STM32U535CBU6Q, STM32U535CCT6, STM32U535CCT6Q, STM32U535CCU6, STM32U535CCU6Q, STM32U535CET6, STM32U535CET6Q, STM32U535CEU6, STM32U535CEU6Q, STM32U535JEY6QTR, STM32U535NCY6QTR, STM32U535NEY6QTR, STM32U535RBI6, STM32U535RBI6Q, STM32U535RBT6, STM32U535RBT6Q, STM32U535RCI6, STM32U535RCI6Q, STM32U535RCT6, STM32U535RCT6Q, STM32U535REI6, STM32U535REI6Q, STM32U535RET6, STM32U535RET6Q, STM32U535VCI6, STM32U535VCI6Q, STM32U535VCT6, STM32U535VCT6Q, STM32U535VEI6, STM32U535VEI6Q, STM32U535VET6, STM32U535VET6Q, STM32U545CET6, STM32U545CET6Q, STM32U545CEU6, STM32U545CEU6Q, STM32U545JEY6QTR, STM32U545NEY6QTR, STM32U545REI6, STM32U545REI6Q, STM32U545RET6, STM32U545RET6Q, STM32U545VEI6, STM32U545VEI6Q, STM32U545VET6, STM32U545VET6Q, STM32U595AIH6, STM32U595AIH6Q, STM32U595AJH6, STM32U595AJH6Q, STM32U595QII6, STM32U595QII6Q, STM32U595QJI6, STM32U595QJI6Q, STM32U595RIT6, STM32U595RIT6Q, STM32U595RJT6, STM32U595RJT6Q, STM32U595VIT6, STM32U595VIT6Q, STM32U595VJT6, STM32U595VJT6Q, STM32U595ZIT6, STM32U595ZIT6Q, STM32U595ZIY6QTR, STM32U595ZJT6, STM32U595ZJT6Q, STM32U595ZJY6QTR, STM32U599BJY6QTR, STM32U599NIH6Q, STM32U599NJH6Q, STM32U599VIT6Q, STM32U599VJT6, STM32U599VJT6Q, STM32U599ZIT6Q, STM32U599ZIY6QTR, STM32U599ZJT6Q, STM32U599ZJY6QTR, STM32U5A5AJH6, STM32U5A5AJH6Q, STM32U5A5QII3Q , STM32U5A5QJI6, STM32U5A5QJI6Q, STM32U5A5RJT6, STM32U5A5RJT6Q, STM32U5A5VJT6, STM32U5A5VJT6Q, STM32U5A5ZJT6, STM32U5A5ZJT6Q, STM32U5A5ZJY6QTR, STM32U5A9BJY6QTR, STM32U5A9J-DK, STM32U5A9NJH6Q, STM32U5A9VJT6Q, STM32U5A9ZJT6Q, STM32U5A9ZJY6QTR, STM32U5F7VIT6, STM32U5F7VIT6Q, STM32U5F7VJT6, STM32U5F7VJT6Q, STM32U5F9BJY6QTR, STM32U5F9NJH6Q, STM32U5F9VIT6Q, STM32U5F9VJT6Q, STM32U5F9ZIJ6QTR, STM32U5F9ZIT6Q, STM32U5F9ZJJ6QTR, STM32U5F9ZJT6Q, STM32U5G7VJT6, STM32U5G7VJT6Q, STM32U5G9BJY6QTR, STM32U5G9J-DK1, STM32U5G9J-DK2, STM32U5G9NJH6Q, STM32U5G9VJT6Q, STM32U5G9ZJJ6QTR, STM32U5G9ZJT6Q, STM32WB1MMCH6, STM32WBA50KEU6, STM32WBA50KEU6TR, STM32WBA50KGU6, STM32WBA50KGU6TR, STM32WBA52CEU6, STM32WBA52CEU6TR, STM32WBA52CEU7, STM32WBA52CEU7TR, STM32WBA52CGU6, STM32WBA52CGU6TR, STM32WBA52CGU6U, STM32WBA52CGU7, STM32WBA52CGU7TR, STM32WBA52KEU6, STM32WBA52KEU6TR, STM32WBA52KGU6, STM32WBA52KGU6TR, STM32WBA54CEU6, STM32WBA54CEU6TR, STM32WBA54CEU7, STM32WBA54CEU7TR, STM32WBA54CGU6, STM32WBA54CGU6TR, STM32WBA54CGU7, STM32WBA54CGU7TR, STM32WBA54KEU6, STM32WBA54KEU6TR, STM32WBA54KEU7, STM32WBA54KEU7TR, STM32WBA54KGU6, STM32WBA54KGU6TR, STM32WBA54KGU7, STM32WBA54KGU7TR, STM32WBA55CEU6, STM32WBA55CEU6TR, STM32WBA55CEU7, STM32WBA55CEU7TR, STM32WBA55CGU6, STM32WBA55CGU6TR, STM32WBA55CGU6U, STM32WBA55CGU7, STM32WBA55CGU7TR, STM32WBA55G-DK1, STM32WBA55HEF6, STM32WBA55HEF7, STM32WBA55HGF6, STM32WBA55HGF7, STM32WBA55UEI6, STM32WBA55UEI6TR, STM32WBA55UEI7, STM32WBA55UEI7TR, STM32WBA55UGI6, STM32WBA55UGI6TR, STM32WBA55UGI7, STM32WBA55UGI7TR, STM32WL5MOCH6, STM32WL5MOCH6TR]
2024-07-28 21:11:21,544 [INFO] ApiDb:668 - CubeFinder database Data Model version=2.1
2024-07-28 21:11:21,544 [INFO] ApiDb:669 - CubeFinder database Configuration version=3.0.39
2024-07-28 21:11:21,544 [INFO] ApiDb:670 - CubeFinder database generation date=2024-06-20 (1718880634)
2024-07-28 21:11:21,544 [INFO] ApiDb:671 - CubeFinder database FW Pack versions=[FP-ATR-ASTRA1_V2.0.0, FP-SNS-FLIGHT1_V5.0.2, FP-SNS-MOTENV1_V5.0.0, FP-SNS-MOTENVWB1_V1.4.0, FP-SNS-SMARTAG2_V1.2.0, STM32Cube_FW_C0_V1.2.0, STM32Cube_FW_F4_V1.28.0, STM32Cube_FW_F7_V1.17.2, STM32Cube_FW_G0_V1.6.2, STM32Cube_FW_G4_V1.6.0, STM32Cube_FW_H5_V1.3.0, STM32Cube_FW_H7RS_V1.1.0, STM32Cube_FW_H7_V1.11.2, STM32Cube_FW_L0_V1.12.2, STM32Cube_FW_L5_V1.5.1, STM32Cube_FW_U0_V1.1.0, STM32Cube_FW_U5_V1.6.0, STM32Cube_FW_WB0_V1.0.0, STM32Cube_FW_WBA_V1.4.0, STM32Cube_FW_WB_V1.20.0, STM32Cube_FW_WL_V1.3.0, X-CUBE-ALGOBUILD_V1.4.0, X-CUBE-ALS_V1.0.2, X-CUBE-AZRTOS-F4_V1.1.0, X-CUBE-AZRTOS-F7_V1.1.0, X-CUBE-AZRTOS-G0_V1.1.0, X-CUBE-AZRTOS-G4_V2.0.0, X-CUBE-AZRTOS-H7RS_V1.0.0, X-CUBE-AZRTOS-H7_V3.2.0, X-CUBE-AZRTOS-L4_V2.0.0, X-CUBE-AZRTOS-L5_V1.1.0, X-CUBE-AZRTOS-WB_V2.0.0, X-CUBE-AZRTOS-WL_V2.0.0, X-CUBE-BLE1_V7.0.0, X-CUBE-BLE2_V3.3.0, X-CUBE-BLEMGR_V3.1.0, X-CUBE-EEPRMA1_V5.1.0, X-CUBE-FREERTOS_V1.2.0, X-CUBE-GNSS1_V6.0.0, X-CUBE-MEMS1_V10.0.0, X-CUBE-NFC4_V3.0.0, X-CUBE-NFC7_V1.0.1, X-CUBE-SFXS2LP1_V4.0.0, X-CUBE-SUBG2_V5.0.0, X-CUBE-TOF1_V3.4.1]
2024-07-28 21:11:22,735 [INFO] ApiDb:240 - Found 483 in-development CPN: [B-G473E-ZEST1S, B-WB1M-WPAN1, B-WL5M-SUBG1, NUCLEO-C031C6, NUCLEO-H503RB, NUCLEO-H533RE, NUCLEO-H563ZI, NUCLEO-H7S3L8, NUCLEO-U031R8, NUCLEO-U083RC, NUCLEO-U545RE-Q, NUCLEO-U5A5ZJ-Q, NUCLEO-WBA52CG, NUCLEO-WBA55CG, STEVAL-PROTEUS1, STEVAL-SMARTAG2, STEVAL-STWINBX1, STM320518-EVAL, STM32C0116-DK, STM32C011D6Y3TR, STM32C011D6Y6TR, STM32C011F4P3, STM32C011F4P6, STM32C011F4U3, STM32C011F4U6TR, STM32C011F6P3, STM32C011F6P6, STM32C011F6U3, STM32C011F6U6TR, STM32C011J4M3, STM32C011J4M6, STM32C011J6M3, STM32C011J6M6, STM32C0316-DK, STM32C031C4T3, STM32C031C4T6, STM32C031C4U3, STM32C031C4U6, STM32C031C6T3, STM32C031C6T6, STM32C031C6U3, STM32C031C6U6, STM32C031F4P3, STM32C031F4P6, STM32C031F6P3, STM32C031F6P6, STM32C031G4U3, STM32C031G4U6, STM32C031G6U3, STM32C031G6U6, STM32C031K4T3, STM32C031K4T6, STM32C031K4U3, STM32C031K4U6, STM32C031K6T3, STM32C031K6T6, STM32C031K6U3, STM32C031K6U6, STM32G071K8TXN, STM32G071K8UXN, STM32G081GBU6N, STM32G081KBT6N, STM32G081KBUXN, STM32G0B1CCT6N, STM32G0B1KCT6, STM32G0B1NEY6TR, STM32G0B1RCT6N, STM32G0C1CCT6, STM32G0C1CCT6N, STM32G0C1CCU6N, STM32G0C1CET6N, STM32G0C1CEU6N, STM32G0C1KCT6, STM32G0C1NEY6TR, STM32G0C1RCI6N, STM32G0C1RCT6N, STM32G0C1REI6N, STM32G0C1RET6N, STM32G0C1VCI6, STM32G0C1VEI6, STM32G471CCT6, STM32G471CCU6, STM32G471CET3, STM32G471CET6, STM32G471CEU3, STM32G471CEU6, STM32G471MCT6, STM32G471MET3, STM32G471MET6, STM32G471MEY6TR, STM32G471QCT6, STM32G471QET3, STM32G471RCT6, STM32G471RET3, STM32G471RET6, STM32G471VCH6, STM32G471VCI6, STM32G471VCT6, STM32G471VEH3, STM32G471VEH6, STM32G471VEI3, STM32G471VEI6, STM32G471VET3, STM32G471VET6, STM32G474CCT6, STM32H503CBT6, STM32H503CBU6, STM32H503EBY6TR, STM32H503KBU6, STM32H503RBT6, STM32H523CCT6, STM32H523CCU6, STM32H523CET6, STM32H523CEU6, STM32H523HEY6TR, STM32H523RCT6, STM32H523RET6, STM32H523VCI6, STM32H523VCT6, STM32H523VEI6, STM32H523VET6, STM32H523ZCJ6, STM32H523ZCT6, STM32H523ZEJ6, STM32H523ZET6, STM32H533CET6, STM32H533CEU6, STM32H533HEY6TR, STM32H533RET6, STM32H533VEI6, STM32H533VET6, STM32H533ZEJ6, STM32H533ZET6, STM32H562AGI6, STM32H562AII6, STM32H562IGK6, STM32H562IGT6, STM32H562IIK6, STM32H562IIT6, STM32H562RGT6, STM32H562RGV6, STM32H562RIT6, STM32H562RIV6, STM32H562VGT6, STM32H562VIT6, STM32H562ZGT6, STM32H562ZIT6, STM32H563AGI6, STM32H563AII3Q, STM32H563AII6, STM32H563IGK6, STM32H563IGT6, STM32H563IIK3Q, STM32H563IIK6, STM32H563IIT3Q, STM32H563IIT6, STM32H563MIY3QTR, STM32H563RGT6, STM32H563RGV6, STM32H563RIT6, STM32H563RIV6, STM32H563VGT6, STM32H563VIT3Q, STM32H563VIT6, STM32H563ZGT6, STM32H563ZIT3Q, STM32H563ZIT6, STM32H573AII3Q, STM32H573AII6, STM32H573I-DK, STM32H573IIK3Q, STM32H573IIK6, STM32H573IIT3Q, STM32H573IIT6, STM32H573MIY3QTR, STM32H573RIT6, STM32H573RIV6, STM32H573VIT3Q, STM32H573VIT6, STM32H573ZIT3Q, STM32H573ZIT6, STM32H7R3A8I6, STM32H7R3I8K6, STM32H7R3I8T6, STM32H7R3L8H6, STM32H7R3L8H6H, STM32H7R3R8V6, STM32H7R3V8H6, STM32H7R3V8T6, STM32H7R3V8Y6, STM32H7R3Z8J6, STM32H7R3Z8T6, STM32H7R7A8I6, STM32H7R7I8K6, STM32H7R7I8T6, STM32H7R7L8H6, STM32H7R7L8H6H, STM32H7R7Z8J6, STM32H7S3A8I6, STM32H7S3I8K6, STM32H7S3I8T6, STM32H7S3L8H6, STM32H7S3L8H6H, STM32H7S3R8V6, STM32H7S3V8H6, STM32H7S3V8T6, STM32H7S3V8Y6, STM32H7S3Z8J6, STM32H7S3Z8T6, STM32H7S78-DK, STM32H7S7A8I6, STM32H7S7I8K6, STM32H7S7I8T6, STM32H7S7L8H6, STM32H7S7L8H6H, STM32H7S7Z8J6, STM32L4R5QGI6STR, STM32MP131AAE3, STM32MP131AAF3, STM32MP131AAG3, STM32MP131CAE3, STM32MP131CAF3, STM32MP131CAG3, STM32MP131DAE7, STM32MP131DAF7, STM32MP131DAG7, STM32MP131FAE7, STM32MP131FAF7, STM32MP131FAG7, STM32MP133AAE3, STM32MP133AAF3, STM32MP133AAG3, STM32MP133CAE3, STM32MP133CAF3, STM32MP133CAG3, STM32MP133DAE7, STM32MP133DAF7, STM32MP133DAG7, STM32MP133FAE7, STM32MP133FAF7, STM32MP133FAG7, STM32MP135AAE3, STM32MP135AAF3, STM32MP135AAG3, STM32MP135CAE3, STM32MP135CAF3, STM32MP135CAG3, STM32MP135DAE7, STM32MP135DAF7, STM32MP135DAG7, STM32MP135F-DK, STM32MP135FAE7, STM32MP135FAF7, STM32MP135FAF7T, STM32MP135FAF7U, STM32MP135FAG7, STM32U031C6T6, STM32U031C6U6, STM32U031C8T6, STM32U031C8U6, STM32U031F4P6, STM32U031F6P6, STM32U031F8P6, STM32U031G6Y6TR, STM32U031G8Y6TR, STM32U031K4U6, STM32U031K6U6, STM32U031K8U6, STM32U031R6I6, STM32U031R6T6, STM32U031R8I6, STM32U031R8T6, STM32U073C8T6, STM32U073C8U6, STM32U073CBT6, STM32U073CBU6, STM32U073CCT6, STM32U073CCU6, STM32U073H8Y6TR, STM32U073HBY6TR, STM32U073HCY6TR, STM32U073K8U6, STM32U073KBU6, STM32U073KCU6, STM32U073M8I6, STM32U073M8T6, STM32U073MBI6, STM32U073MBT6, STM32U073MCI6, STM32U073MCT6, STM32U073R8I6, STM32U073R8T6, STM32U073RBI6, STM32U073RBT6, STM32U073RCI6, STM32U073RCT6, STM32U083C-DK, STM32U083CCT6, STM32U083CCU6, STM32U083HCY6TR, STM32U083KCU6, STM32U083MCI6, STM32U083MCT6, STM32U083RCI6, STM32U083RCT6, STM32U535CBT6, STM32U535CBT6Q, STM32U535CBU6, STM32U535CBU6Q, STM32U535CCT6, STM32U535CCT6Q, STM32U535CCU6, STM32U535CCU6Q, STM32U535CET6, STM32U535CET6Q, STM32U535CEU6, STM32U535CEU6Q, STM32U535JEY6QTR, STM32U535NCY6QTR, STM32U535NEY6QTR, STM32U535RBI6, STM32U535RBI6Q, STM32U535RBT6, STM32U535RBT6Q, STM32U535RCI6, STM32U535RCI6Q, STM32U535RCT6, STM32U535RCT6Q, STM32U535REI6, STM32U535REI6Q, STM32U535RET6, STM32U535RET6Q, STM32U535VCI6, STM32U535VCI6Q, STM32U535VCT6, STM32U535VCT6Q, STM32U535VEI6, STM32U535VEI6Q, STM32U535VET6, STM32U535VET6Q, STM32U545CET6, STM32U545CET6Q, STM32U545CEU6, STM32U545CEU6Q, STM32U545JEY6QTR, STM32U545NEY6QTR, STM32U545REI6, STM32U545REI6Q, STM32U545RET6, STM32U545RET6Q, STM32U545VEI6, STM32U545VEI6Q, STM32U545VET6, STM32U545VET6Q, STM32U595AIH6, STM32U595AIH6Q, STM32U595AJH6, STM32U595AJH6Q, STM32U595QII6, STM32U595QII6Q, STM32U595QJI6, STM32U595QJI6Q, STM32U595RIT6, STM32U595RIT6Q, STM32U595RJT6, STM32U595RJT6Q, STM32U595VIT6, STM32U595VIT6Q, STM32U595VJT6, STM32U595VJT6Q, STM32U595ZIT6, STM32U595ZIT6Q, STM32U595ZIY6QTR, STM32U595ZJT6, STM32U595ZJT6Q, STM32U595ZJY6QTR, STM32U599BJY6QTR, STM32U599NIH6Q, STM32U599NJH6Q, STM32U599VIT6Q, STM32U599VJT6, STM32U599VJT6Q, STM32U599ZIT6Q, STM32U599ZIY6QTR, STM32U599ZJT6Q, STM32U599ZJY6QTR, STM32U5A5AJH6, STM32U5A5AJH6Q, STM32U5A5QII3Q , STM32U5A5QJI6, STM32U5A5QJI6Q, STM32U5A5RJT6, STM32U5A5RJT6Q, STM32U5A5VJT6, STM32U5A5VJT6Q, STM32U5A5ZJT6, STM32U5A5ZJT6Q, STM32U5A5ZJY6QTR, STM32U5A9BJY6QTR, STM32U5A9J-DK, STM32U5A9NJH6Q, STM32U5A9VJT6Q, STM32U5A9ZJT6Q, STM32U5A9ZJY6QTR, STM32U5F7VIT6, STM32U5F7VIT6Q, STM32U5F7VJT6, STM32U5F7VJT6Q, STM32U5F9BJY6QTR, STM32U5F9NJH6Q, STM32U5F9VIT6Q, STM32U5F9VJT6Q, STM32U5F9ZIJ6QTR, STM32U5F9ZIT6Q, STM32U5F9ZJJ6QTR, STM32U5F9ZJT6Q, STM32U5G7VJT6, STM32U5G7VJT6Q, STM32U5G9BJY6QTR, STM32U5G9J-DK1, STM32U5G9J-DK2, STM32U5G9NJH6Q, STM32U5G9VJT6Q, STM32U5G9ZJJ6QTR, STM32U5G9ZJT6Q, STM32WB1MMCH6, STM32WBA50KEU6, STM32WBA50KEU6TR, STM32WBA50KGU6, STM32WBA50KGU6TR, STM32WBA52CEU6, STM32WBA52CEU6TR, STM32WBA52CEU7, STM32WBA52CEU7TR, STM32WBA52CGU6, STM32WBA52CGU6TR, STM32WBA52CGU6U, STM32WBA52CGU7, STM32WBA52CGU7TR, STM32WBA52KEU6, STM32WBA52KEU6TR, STM32WBA52KGU6, STM32WBA52KGU6TR, STM32WBA54CEU6, STM32WBA54CEU6TR, STM32WBA54CEU7, STM32WBA54CEU7TR, STM32WBA54CGU6, STM32WBA54CGU6TR, STM32WBA54CGU7, STM32WBA54CGU7TR, STM32WBA54KEU6, STM32WBA54KEU6TR, STM32WBA54KEU7, STM32WBA54KEU7TR, STM32WBA54KGU6, STM32WBA54KGU6TR, STM32WBA54KGU7, STM32WBA54KGU7TR, STM32WBA55CEU6, STM32WBA55CEU6TR, STM32WBA55CEU7, STM32WBA55CEU7TR, STM32WBA55CGU6, STM32WBA55CGU6TR, STM32WBA55CGU6U, STM32WBA55CGU7, STM32WBA55CGU7TR, STM32WBA55G-DK1, STM32WBA55HEF6, STM32WBA55HEF7, STM32WBA55HGF6, STM32WBA55HGF7, STM32WBA55UEI6, STM32WBA55UEI6TR, STM32WBA55UEI7, STM32WBA55UEI7TR, STM32WBA55UGI6, STM32WBA55UGI6TR, STM32WBA55UGI7, STM32WBA55UGI7TR, STM32WL5MOCH6, STM32WL5MOCH6TR]
2024-07-28 21:11:22,738 [INFO] DbMcus:218 - Found 4203 MCUs, 4203 are supported
2024-07-28 21:11:22,739 [INFO] ApiDb:423 - Load user favorites file C:\Users\musa/.stm32cubeide/favorites.mcus.txt: 0 item(s)
2024-07-28 21:11:22,739 [INFO] ApiDb:427 - User favorites MCUs=[]
2024-07-28 21:11:22,739 [INFO] DbMcus:224 - Set 0 / 0 favorites MCUs
2024-07-28 21:11:22,986 [INFO] BoardInfo:889 - No configuration file found for board P-NUCLEO-WB55
2024-07-28 21:11:22,986 [INFO] DbBoards:161 - Kit is not supported: P-NUCLEO-WB55
2024-07-28 21:11:22,988 [INFO] BoardInfo:889 - No configuration file found for board STEVAL-BFA001V1B
2024-07-28 21:11:22,989 [INFO] DbBoards:161 - Kit is not supported: STEVAL-BFA001V1B
2024-07-28 21:11:22,989 [INFO] BoardInfo:889 - No configuration file found for board STEVAL-BFA001V2B
2024-07-28 21:11:22,989 [INFO] DbBoards:161 - Kit is not supported: STEVAL-BFA001V2B
2024-07-28 21:11:23,055 [INFO] DbBoards:168 - Found 195 boards, 192 are supported
2024-07-28 21:11:23,055 [INFO] DbBoards:169 - Found 195 boards, 8 of them is supported for  Bsp
2024-07-28 21:11:23,057 [INFO] ApiDb:423 - Load user favorites file C:\Users\musa/.stm32cubeide/favorites.boards.txt: 0 item(s)
2024-07-28 21:11:23,058 [INFO] ApiDb:427 - User favorites Boards=[]
2024-07-28 21:11:23,058 [INFO] DbBoards:198 - Set 0 / 0 favorites Boards
2024-07-28 21:11:23,118 [INFO] UtilMem:75 - End LoadConfig() Used Memory: 253076920 Bytes (416284672)
2024-07-28 21:11:23,227 [WARN] ThirdParty:833 - waiting for thirdparty lock release [change project]
2024-07-28 21:11:23,227 [INFO] ThirdParty:835 - entering critical section [change project]
2024-07-28 21:11:23,227 [INFO] ThirdParty:1030 - CMSIS Pack Vendor :STMicroelectronics USBPD 4.1
2024-07-28 21:11:23,227 [INFO] ThirdParty:1030 - CMSIS Pack Vendor :STMicroelectronics X-CUBE-GNSS1 6.0.0
2024-07-28 21:11:23,227 [INFO] ThirdParty:1030 - CMSIS Pack Vendor :STMicroelectronics USB_HOST 2.0.0
2024-07-28 21:11:23,227 [INFO] ThirdParty:1030 - CMSIS Pack Vendor :STMicroelectronics FP-SNS-MOTENVWB1 1.4.0
2024-07-28 21:11:23,227 [INFO] ThirdParty:1030 - CMSIS Pack Vendor :STMicroelectronics X-CUBE-AZRTOS-F4 1.1.0
2024-07-28 21:11:23,227 [INFO] ThirdParty:1030 - CMSIS Pack Vendor :STMicroelectronics LIBJPEG 8.0.0
2024-07-28 21:11:23,227 [INFO] ThirdParty:1030 - CMSIS Pack Vendor :STMicroelectronics X-CUBE-SMBUS 2.1.0
2024-07-28 21:11:23,227 [INFO] ThirdParty:1030 - CMSIS Pack Vendor :STMicroelectronics USB_DEVICE 3.0.0
2024-07-28 21:11:23,228 [INFO] ThirdParty:1030 - CMSIS Pack Vendor :STMicroelectronics X-CUBE-TCPP 4.1.0
2024-07-28 21:11:23,228 [INFO] ThirdParty:1030 - CMSIS Pack Vendor :STMicroelectronics X-CUBE-FREERTOS 1.2.0
2024-07-28 21:11:23,228 [INFO] ThirdParty:1030 - CMSIS Pack Vendor :STMicroelectronics X-CUBE-AZRTOS-WB 2.0.0
2024-07-28 21:11:23,228 [INFO] ThirdParty:1030 - CMSIS Pack Vendor :wolfSSL I-CUBE-wolfSSL 5.6.6
2024-07-28 21:11:23,228 [INFO] ThirdParty:1030 - CMSIS Pack Vendor :STMicroelectronics X-CUBE-TOUCHGFX 4.23.1
2024-07-28 21:11:23,228 [INFO] ThirdParty:1030 - CMSIS Pack Vendor :STMicroelectronics X-CUBE-TOUCHGFX 4.23.0
2024-07-28 21:11:23,228 [INFO] ThirdParty:1030 - CMSIS Pack Vendor :STMicroelectronics X-CUBE-TOUCHGFX 4.23.2
2024-07-28 21:11:23,228 [INFO] ThirdParty:1030 - CMSIS Pack Vendor :STMicroelectronics X-CUBE-AZRTOS-F7 1.1.0
2024-07-28 21:11:23,228 [INFO] ThirdParty:1030 - CMSIS Pack Vendor :STMicroelectronics X-CUBE-AZRTOS-L5 2.0.0
2024-07-28 21:11:23,228 [INFO] ThirdParty:1030 - CMSIS Pack Vendor :STMicroelectronics USB_DEVICE 2.0.0
2024-07-28 21:11:23,228 [INFO] ThirdParty:1030 - CMSIS Pack Vendor :STMicroelectronics X-CUBE-NFC6 3.1.0
2024-07-28 21:11:23,228 [INFO] ThirdParty:1030 - CMSIS Pack Vendor :ITTIA_DB I-CUBE-ITTIADB 8.8.0
2024-07-28 21:11:23,228 [INFO] ThirdParty:1030 - CMSIS Pack Vendor :STMicroelectronics FP-SNS-STBOX1 2.0.0
2024-07-28 21:11:23,228 [INFO] ThirdParty:1030 - CMSIS Pack Vendor :STMicroelectronics FP-SNS-MOTENV1 4.3.2
2024-07-28 21:11:23,228 [INFO] ThirdParty:1030 - CMSIS Pack Vendor :STMicroelectronics X-CUBE-ALGOBUILD 1.3.0
2024-07-28 21:11:23,228 [INFO] ThirdParty:1030 - CMSIS Pack Vendor :STMicroelectronics FreeRTOS 0.0.1
2024-07-28 21:11:23,228 [INFO] ThirdParty:1030 - CMSIS Pack Vendor :STMicroelectronics X-CUBE-AZRTOS-G0 1.1.0
2024-07-28 21:11:23,228 [INFO] ThirdParty:1030 - CMSIS Pack Vendor :STMicroelectronics X-CUBE-SAFEA1 1.2.2
2024-07-28 21:11:23,228 [INFO] ThirdParty:1030 - CMSIS Pack Vendor :STMicroelectronics X-CUBE-NFC4 3.0.0
2024-07-28 21:11:23,228 [INFO] ThirdParty:1030 - CMSIS Pack Vendor :STMicroelectronics X-CUBE-DPower 1.2.0
2024-07-28 21:11:23,228 [INFO] ThirdParty:1030 - CMSIS Pack Vendor :STMicroelectronics X-CUBE-SUBG2 5.0.0
2024-07-28 21:11:23,228 [INFO] ThirdParty:1030 - CMSIS Pack Vendor :STMicroelectronics STM32_WPAN 1.0.0
2024-07-28 21:11:23,228 [INFO] ThirdParty:1030 - CMSIS Pack Vendor :wolfSSL I-CUBE-wolfMQTT 1.18.0
2024-07-28 21:11:23,228 [INFO] ThirdParty:1030 - CMSIS Pack Vendor :EmbeddedOffice I-CUBE-FS-RTOS 1.0.1
2024-07-28 21:11:23,228 [INFO] ThirdParty:1030 - CMSIS Pack Vendor :STMicroelectronics lwIP 2.0.3
2024-07-28 21:11:23,228 [INFO] ThirdParty:1030 - CMSIS Pack Vendor :STMicroelectronics FP-SNS-FLIGHT1 5.0.2
2024-07-28 21:11:23,228 [INFO] ThirdParty:1030 - CMSIS Pack Vendor :STMicroelectronics USB_HOST 1.0.0
2024-07-28 21:11:23,228 [INFO] ThirdParty:1030 - CMSIS Pack Vendor :STMicroelectronics X-CUBE-AI 9.0.0
2024-07-28 21:11:23,228 [INFO] ThirdParty:1030 - CMSIS Pack Vendor :STMicroelectronics X-CUBE-AZRTOS-G4 2.0.0
2024-07-28 21:11:23,228 [INFO] ThirdParty:1030 - CMSIS Pack Vendor :STMicroelectronics PDM2PCM 3.1.0
2024-07-28 21:11:23,228 [INFO] ThirdParty:1030 - CMSIS Pack Vendor :Infineon AIROC-Wi-Fi-Bluetooth-STM32 1.5.1
2024-07-28 21:11:23,228 [INFO] ThirdParty:1030 - CMSIS Pack Vendor :STMicroelectronics PDM2PCM 3.3.0
2024-07-28 21:11:23,228 [INFO] ThirdParty:1030 - CMSIS Pack Vendor :STMicroelectronics X-CUBE-DISPLAY 3.0.0
2024-07-28 21:11:23,228 [INFO] ThirdParty:1030 - CMSIS Pack Vendor :RealThread X-CUBE-RT-Thread_Nano 4.1.1
2024-07-28 21:11:23,228 [INFO] ThirdParty:1030 - CMSIS Pack Vendor :STMicroelectronics FP-SNS-MOTENVWB1 1.3.1
2024-07-28 21:11:23,228 [INFO] ThirdParty:1030 - CMSIS Pack Vendor :STMicroelectronics X-CUBE-BLE1 7.0.0
2024-07-28 21:11:23,228 [INFO] ThirdParty:1030 - CMSIS Pack Vendor :STMicroelectronics FP-ATR-SIGFOX1 3.2.0
2024-07-28 21:11:23,228 [INFO] ThirdParty:1030 - CMSIS Pack Vendor :STMicroelectronics X-CUBE-ISPU 2.0.0
2024-07-28 21:11:23,228 [INFO] ThirdParty:1030 - CMSIS Pack Vendor :STMicroelectronics X-CUBE-EEPRMA1 5.1.0
2024-07-28 21:11:23,228 [INFO] ThirdParty:1030 - CMSIS Pack Vendor :STMicroelectronics HAL Drivers 0.0.0
2024-07-28 21:11:23,228 [INFO] ThirdParty:1030 - CMSIS Pack Vendor :STMicroelectronics MBEDTLS 2.16.2
2024-07-28 21:11:23,228 [INFO] ThirdParty:1030 - CMSIS Pack Vendor :STMicroelectronics X-CUBE-ALS 1.0.2
2024-07-28 21:11:23,228 [INFO] ThirdParty:1030 - CMSIS Pack Vendor :emotas I-CUBE-CANOPEN 1.3.0
2024-07-28 21:11:23,228 [INFO] ThirdParty:1030 - CMSIS Pack Vendor :STMicroelectronics X-CUBE-MEMS1 10.0.0
2024-07-28 21:11:23,228 [INFO] ThirdParty:1030 - CMSIS Pack Vendor :STMicroelectronics X-CUBE-FREERTOS 1.1.0
2024-07-28 21:11:23,228 [INFO] ThirdParty:1030 - CMSIS Pack Vendor :STMicroelectronics X-CUBE-NFC7 1.0.1
2024-07-28 21:11:23,228 [INFO] ThirdParty:1030 - CMSIS Pack Vendor :STMicroelectronics MBEDTLS 2.14.1
2024-07-28 21:11:23,228 [INFO] ThirdParty:1030 - CMSIS Pack Vendor :STMicroelectronics X-CUBE-TOUCHGFX 4.24.0
2024-07-28 21:11:23,228 [INFO] ThirdParty:1030 - CMSIS Pack Vendor :wolfSSL I-CUBE-wolfTPM 3.2.0
2024-07-28 21:11:23,228 [INFO] ThirdParty:1030 - CMSIS Pack Vendor :portGmbH I-Cube-SoM-uGOAL 1.1.0
2024-07-28 21:11:23,228 [INFO] ThirdParty:1030 - CMSIS Pack Vendor :STMicroelectronics X-CUBE-ALS 1.0.1
2024-07-28 21:11:23,228 [INFO] ThirdParty:1030 - CMSIS Pack Vendor :STMicroelectronics X-CUBE-BLEMGR 3.1.0
2024-07-28 21:11:23,228 [INFO] ThirdParty:1030 - CMSIS Pack Vendor :STMicroelectronics ThreadX 1.0.0
2024-07-28 21:11:23,228 [INFO] ThirdParty:1030 - CMSIS Pack Vendor :STMicroelectronics FP-SNS-SMARTAG2 1.2.0
2024-07-28 21:11:23,228 [INFO] ThirdParty:1030 - CMSIS Pack Vendor :STMicroelectronics X-CUBE-AZRTOS-WL 2.0.0
2024-07-28 21:11:23,228 [INFO] ThirdParty:1030 - CMSIS Pack Vendor :SEGGER I-CUBE-embOS 1.3.1
2024-07-28 21:11:23,228 [INFO] ThirdParty:1030 - CMSIS Pack Vendor :STMicroelectronics X-CUBE-ALGOBUILD 1.4.0
2024-07-28 21:11:23,228 [INFO] ThirdParty:1030 - CMSIS Pack Vendor :STMicroelectronics FP-SNS-MOTENV1 5.0.0
2024-07-28 21:11:23,228 [INFO] ThirdParty:1030 - CMSIS Pack Vendor :STMicroelectronics USB_DEVICE 1.0.0
2024-07-28 21:11:23,228 [INFO] ThirdParty:1030 - CMSIS Pack Vendor :STMicroelectronics X-CUBE-AI 8.1.0
2024-07-28 21:11:23,228 [INFO] ThirdParty:1030 - CMSIS Pack Vendor :STMicroelectronics X-CUBE-AZRTOS-H7RS 1.0.0
2024-07-28 21:11:23,228 [INFO] ThirdParty:1030 - CMSIS Pack Vendor :wolfSSL I-CUBE-wolfMQTT 1.19.0
2024-07-28 21:11:23,228 [INFO] ThirdParty:1030 - CMSIS Pack Vendor :STMicroelectronics X-CUBE-AZRTOS-L4 2.0.0
2024-07-28 21:11:23,229 [INFO] ThirdParty:1030 - CMSIS Pack Vendor :STMicroelectronics ThreadX 0.0.2
2024-07-28 21:11:23,229 [INFO] ThirdParty:1030 - CMSIS Pack Vendor :WES I-CUBE-Cesium 1.3.0
2024-07-28 21:11:23,229 [INFO] ThirdParty:1030 - CMSIS Pack Vendor :STMicroelectronics FP-ATR-ASTRA1 2.0.0
2024-07-28 21:11:23,229 [INFO] ThirdParty:1030 - CMSIS Pack Vendor :STMicroelectronics lwIP 2.1.2
2024-07-28 21:11:23,229 [INFO] ThirdParty:1030 - CMSIS Pack Vendor :STMicroelectronics X-CUBE-SFXS2LP1 4.0.0
2024-07-28 21:11:23,229 [INFO] ThirdParty:1030 - CMSIS Pack Vendor :STMicroelectronics X-CUBE-BLE2 3.3.0
2024-07-28 21:11:23,229 [INFO] ThirdParty:1030 - CMSIS Pack Vendor :STMicroelectronics X-CUBE-TOF1 3.4.2
2024-07-28 21:11:23,229 [INFO] ThirdParty:1030 - CMSIS Pack Vendor :STMicroelectronics X-CUBE-TOF1 3.4.1
2024-07-28 21:11:23,229 [INFO] ThirdParty:1030 - CMSIS Pack Vendor :STMicroelectronics X-CUBE-AZRTOS-H7 3.2.0
2024-07-28 21:11:23,229 [INFO] ThirdParty:1030 - CMSIS Pack Vendor :STMicroelectronics PDM2PCM 3.2.0
2024-07-28 21:11:23,229 [INFO] ThirdParty:1030 - CMSIS Pack Vendor :wolfSSL I-CUBE-wolfSSH 1.4.17
2024-07-28 21:11:23,229 [INFO] ThirdParty:841 - exiting critical section [change project]
2024-07-28 21:11:23,612 [INFO] PinOutPanel:1561 - setPackage(No Configuration,No Configuration)
2024-07-28 21:11:23,614 [INFO] PinOutPanel:1561 - setPackage(STM32L4R5ZITxP,LQFP144)
2024-07-28 21:11:24,084 [INFO] UtilMem:75 - Before build in PCC Used Memory: 310009952 Bytes (416284672)
2024-07-28 21:11:24,978 [INFO] UtilMem:75 - After build in PCC Used Memory: 306367392 Bytes (416284672)
2024-07-28 21:11:25,007 [INFO] IPUIPlugin:80 - create IPUIPlugin
2024-07-28 21:11:25,008 [INFO] IPUIPlugin:80 - create IPUIPlugin
2024-07-28 21:11:25,008 [INFO] IPUIPlugin:80 - create IPUIPlugin
2024-07-28 21:11:25,008 [INFO] IPUIPlugin:80 - create IPUIPlugin
2024-07-28 21:11:25,008 [INFO] IPUIPlugin:80 - create IPUIPlugin
2024-07-28 21:11:25,008 [INFO] IPUIPlugin:80 - create IPUIPlugin
2024-07-28 21:11:25,008 [INFO] IPUIPlugin:80 - create IPUIPlugin
2024-07-28 21:11:25,008 [INFO] IPUIPlugin:80 - create IPUIPlugin
2024-07-28 21:11:25,008 [INFO] IPUIPlugin:80 - create IPUIPlugin
2024-07-28 21:11:25,008 [INFO] IPUIPlugin:80 - create IPUIPlugin
2024-07-28 21:11:25,008 [INFO] IPUIPlugin:80 - create IPUIPlugin
2024-07-28 21:11:25,008 [INFO] IPUIPlugin:80 - create IPUIPlugin
2024-07-28 21:11:25,008 [INFO] IPUIPlugin:80 - create IPUIPlugin
2024-07-28 21:11:25,008 [INFO] IPUIPlugin:80 - create IPUIPlugin
2024-07-28 21:11:25,009 [INFO] IPUIPlugin:80 - create IPUIPlugin
2024-07-28 21:11:25,009 [INFO] IPUIPlugin:80 - create IPUIPlugin
2024-07-28 21:11:25,009 [INFO] IPUIPlugin:80 - create IPUIPlugin
2024-07-28 21:11:25,009 [INFO] IPUIPlugin:80 - create IPUIPlugin
2024-07-28 21:11:25,009 [INFO] IPUIPlugin:80 - create IPUIPlugin
2024-07-28 21:11:25,010 [INFO] IPUIPlugin:80 - create IPUIPlugin
2024-07-28 21:11:25,010 [INFO] IPUIPlugin:80 - create IPUIPlugin
2024-07-28 21:11:25,010 [INFO] IPUIPlugin:80 - create IPUIPlugin
2024-07-28 21:11:25,010 [INFO] IPUIPlugin:80 - create IPUIPlugin
2024-07-28 21:11:25,011 [INFO] IPUIPlugin:80 - create IPUIPlugin
2024-07-28 21:11:25,011 [INFO] IPUIPlugin:80 - create IPUIPlugin
2024-07-28 21:11:25,011 [INFO] IPUIPlugin:80 - create IPUIPlugin
2024-07-28 21:11:25,011 [INFO] IPUIPlugin:80 - create IPUIPlugin
2024-07-28 21:11:25,012 [INFO] IPUIPlugin:80 - create IPUIPlugin
2024-07-28 21:11:25,012 [INFO] IPUIPlugin:80 - create IPUIPlugin
2024-07-28 21:11:25,012 [INFO] IPUIPlugin:80 - create IPUIPlugin
2024-07-28 21:11:25,012 [INFO] IPUIPlugin:80 - create IPUIPlugin
2024-07-28 21:11:25,013 [INFO] IPUIPlugin:80 - create IPUIPlugin
2024-07-28 21:11:25,013 [INFO] IPUIPlugin:80 - create IPUIPlugin
2024-07-28 21:11:25,013 [INFO] IPUIPlugin:80 - create IPUIPlugin
2024-07-28 21:11:25,014 [INFO] IPUIPlugin:80 - create IPUIPlugin
2024-07-28 21:11:25,014 [INFO] IPUIPlugin:80 - create IPUIPlugin
2024-07-28 21:11:25,014 [INFO] IPUIPlugin:80 - create IPUIPlugin
2024-07-28 21:11:25,014 [INFO] IPUIPlugin:80 - create IPUIPlugin
2024-07-28 21:11:25,015 [INFO] IPUIPlugin:80 - create IPUIPlugin
2024-07-28 21:11:25,015 [INFO] IPUIPlugin:80 - create IPUIPlugin
2024-07-28 21:11:25,015 [INFO] IPUIPlugin:80 - create IPUIPlugin
2024-07-28 21:11:25,015 [INFO] IPUIPlugin:80 - create IPUIPlugin
2024-07-28 21:11:25,016 [INFO] IPUIPlugin:80 - create IPUIPlugin
2024-07-28 21:11:25,016 [INFO] IPUIPlugin:80 - create IPUIPlugin
2024-07-28 21:11:25,016 [INFO] IPUIPlugin:80 - create IPUIPlugin
2024-07-28 21:11:25,016 [INFO] IPUIPlugin:80 - create IPUIPlugin
2024-07-28 21:11:25,016 [INFO] IPUIPlugin:80 - create IPUIPlugin
2024-07-28 21:11:25,016 [INFO] IPUIPlugin:80 - create IPUIPlugin
2024-07-28 21:11:25,016 [INFO] IPUIPlugin:80 - create IPUIPlugin
2024-07-28 21:11:25,016 [INFO] IPUIPlugin:80 - create IPUIPlugin
2024-07-28 21:11:25,017 [INFO] IPUIPlugin:80 - create IPUIPlugin
2024-07-28 21:11:25,017 [INFO] IPUIPlugin:80 - create IPUIPlugin
2024-07-28 21:11:25,017 [INFO] IPUIPlugin:80 - create IPUIPlugin
2024-07-28 21:11:25,017 [INFO] IPUIPlugin:80 - create IPUIPlugin
2024-07-28 21:11:25,017 [INFO] IPUIPlugin:80 - create IPUIPlugin
2024-07-28 21:11:25,017 [INFO] IPUIPlugin:80 - create IPUIPlugin
2024-07-28 21:11:25,017 [INFO] IPUIPlugin:80 - create IPUIPlugin
2024-07-28 21:11:25,018 [INFO] IPUIPlugin:80 - create IPUIPlugin
2024-07-28 21:11:25,018 [INFO] IPUIPlugin:80 - create IPUIPlugin
2024-07-28 21:11:25,018 [INFO] IPUIPlugin:80 - create IPUIPlugin
2024-07-28 21:11:25,018 [INFO] IPUIPlugin:80 - create IPUIPlugin
2024-07-28 21:11:25,187 [INFO] CADModel:165 - CPN selected for project levelSTM32L4R5ZIT6P
2024-07-28 21:11:25,187 [INFO] CADModel:114 - Register for checkConnection events
2024-07-28 21:11:25,238 [INFO] OpenFileManager:343 - Restore cursor
2024-07-28 21:12:11,384 [INFO] UtilMem:75 - End SaveConfig() Used Memory: 688447896 Bytes (1073741824)
2024-07-28 21:12:13,057 [INFO] UtilMem:75 - End SaveConfig() Used Memory: 721944576 Bytes (1073741824)
2024-07-28 21:12:14,944 [INFO] UtilMem:75 - End SaveConfig() Used Memory: 830968832 Bytes (1073741824)
2024-07-28 21:12:15,435 [INFO] BlockDiagram:2759 - set Specific Code input for plugin: SYS
2024-07-28 21:12:15,435 [INFO] BlockDiagram:2759 - set Specific Code input for plugin: RCC
2024-07-28 21:12:15,435 [INFO] BlockDiagram:2759 - set Specific Code input for plugin: NVIC
2024-07-28 21:12:15,436 [INFO] BlockDiagram:2759 - set Specific Code input for plugin: GPIO
2024-07-28 21:12:15,437 [INFO] CodeGenerator:807 - code generatio: config db path: C:\ST\STM32CubeIDE_1.15.0\STM32CubeIDE\plugins\com.st.stm32cube.common.mx_6.11.0.202403141607\\db\
2024-07-28 21:12:15,615 [INFO] CodeEngine:255 - oldGeneratedFile, C:\Users\musa\Desktop\STM_Projects\GPIO\MXTmpFiles\license.tmp_save
2024-07-28 21:12:15,908 [INFO] CodeEngine:279 - Generated code: C:\Users\musa\Desktop\STM_Projects\GPIO\MXTmpFiles\license.tmp
2024-07-28 21:12:16,041 [INFO] CodeEngine:255 - oldGeneratedFile, C:\Users\musa\Desktop\STM_Projects\GPIO\MXTmpFiles\gpio.tmp_save
2024-07-28 21:12:16,191 [INFO] CodeEngine:279 - Generated code: C:\Users\musa\Desktop\STM_Projects\GPIO\MXTmpFiles\gpio.tmp
2024-07-28 21:12:16,300 [INFO] CodeEngine:255 - oldGeneratedFile, C:\Users\musa\Desktop\STM_Projects\GPIO\Core\Src\stm32l4xx_it.c_save
2024-07-28 21:12:16,460 [INFO] CodeEngine:279 - Generated code: C:\Users\musa\Desktop\STM_Projects\GPIO\Core\Src\stm32l4xx_it.c
2024-07-28 21:12:16,485 [INFO] CodeEngine:255 - oldGeneratedFile, C:\Users\musa\Desktop\STM_Projects\GPIO\Core\Inc\stm32l4xx_it.h_save
2024-07-28 21:12:16,556 [INFO] CodeEngine:279 - Generated code: C:\Users\musa\Desktop\STM_Projects\GPIO\Core\Inc\stm32l4xx_it.h
2024-07-28 21:12:16,586 [INFO] CodeEngine:255 - oldGeneratedFile, C:\Users\musa\Desktop\STM_Projects\GPIO\Core\Src\stm32l4xx_hal_msp.c_save
2024-07-28 21:12:16,671 [INFO] CodeEngine:279 - Generated code: C:\Users\musa\Desktop\STM_Projects\GPIO\Core\Src\stm32l4xx_hal_msp.c
2024-07-28 21:12:16,681 [INFO] CodeEngine:255 - oldGeneratedFile, C:\Users\musa\Desktop\STM_Projects\GPIO\MXTmpFiles\system.tmp_save
2024-07-28 21:12:16,731 [INFO] CodeEngine:279 - Generated code: C:\Users\musa\Desktop\STM_Projects\GPIO\MXTmpFiles\system.tmp
2024-07-28 21:12:16,753 [INFO] CodeEngine:311 - oldGeneratedFile, C:\Users\musa\Desktop\STM_Projects\GPIO\Core\Inc\stm32l4xx_hal_conf.h_save
2024-07-28 21:12:16,822 [INFO] CodeEngine:335 - Generated code: C:\Users\musa\Desktop\STM_Projects\GPIO\Core\Inc\stm32l4xx_hal_conf.h
2024-07-28 21:12:16,892 [INFO] CodeEngine:255 - oldGeneratedFile, C:\Users\musa\Desktop\STM_Projects\GPIO\Core\Inc\main.h_save
2024-07-28 21:12:16,982 [INFO] CodeEngine:279 - Generated code: C:\Users\musa\Desktop\STM_Projects\GPIO\Core\Inc\main.h
2024-07-28 21:12:16,996 [INFO] CodeEngine:255 - oldGeneratedFile, C:\Users\musa\Desktop\STM_Projects\GPIO\Core\Src\main.c_save
2024-07-28 21:12:17,159 [INFO] CodeEngine:279 - Generated code: C:\Users\musa\Desktop\STM_Projects\GPIO\Core\Src\main.c
2024-07-28 21:12:17,546 [INFO] ProjectBuilder:3163 - Time for Copy HAL[1] : 227mS.
2024-07-28 21:12:17,550 [INFO] ProjectBuilder:4736 - Project Generator version: 4.3.0-B58
2024-07-28 21:12:17,606 [INFO] ConfigFileManager:1503 - The Die is : DIE470
2024-07-28 21:12:17,628 [INFO] ApiDbMcu:508 - Load IP Config File for FATFS
2024-07-28 21:12:17,640 [INFO] ApiDbMcu:508 - Load IP Config File for FREERTOS
2024-07-28 21:12:17,655 [INFO] ApiDbMcu:508 - Load IP Config File for TOUCHSENSING
2024-07-28 21:12:17,669 [INFO] ApiDbMcu:508 - Load IP Config File for USB_DEVICE
2024-07-28 21:12:17,680 [INFO] ApiDbMcu:508 - Load IP Config File for USB_HOST
2024-07-28 21:12:18,112 [INFO] LogOutputStream:77 - [STDOUT_REDIRECT] 
2024-07-28 21:12:19,669 [INFO] ProjectBuilder:5002 - Time for Generating toolchain IDE Files: 2120mS.
2024-07-28 21:12:19,671 [INFO] ProjectBuilder:3034 - Time for Copy CMSIS : 1mS.
2024-07-28 21:12:19,674 [INFO] ProjectBuilder:3034 - Time for Copy CMSIS : 0mS.
2024-07-28 21:13:08,026 [INFO] Gpio:277 - dependency for GPIO [RCC]
2024-07-28 21:13:38,600 [INFO] Gpio:277 - dependency for GPIO [RCC]
2024-07-28 21:13:38,625 [INFO] NvicIntPanel:101 - NVIC parent = com.st.microxplorer.plugins.ip.nvic.MultiNvicIntPanel[,0,0,0x0,invalid,layout=javax.swing.BoxLayout,alignmentX=0.0,alignmentY=0.0,border=,flags=9,maximumSize=,minimumSize=,preferredSize=]
2024-07-28 21:14:34,850 [INFO] UtilMem:75 - End SaveConfig() Used Memory: 877350928 Bytes (1073741824)
2024-07-28 21:14:36,091 [INFO] UtilMem:75 - End SaveConfig() Used Memory: 926107664 Bytes (1073741824)
2024-07-28 21:14:37,716 [INFO] UtilMem:75 - End SaveConfig() Used Memory: 697819176 Bytes (1073741824)
2024-07-28 21:14:37,896 [INFO] BlockDiagram:2759 - set Specific Code input for plugin: SYS
2024-07-28 21:14:37,897 [INFO] BlockDiagram:2759 - set Specific Code input for plugin: RCC
2024-07-28 21:14:37,897 [INFO] BlockDiagram:2759 - set Specific Code input for plugin: NVIC
2024-07-28 21:14:37,897 [INFO] BlockDiagram:2759 - set Specific Code input for plugin: GPIO
2024-07-28 21:14:37,898 [INFO] CodeGenerator:807 - code generatio: config db path: C:\ST\STM32CubeIDE_1.15.0\STM32CubeIDE\plugins\com.st.stm32cube.common.mx_6.11.0.202403141607\\db\
2024-07-28 21:14:37,961 [INFO] CodeEngine:255 - oldGeneratedFile, C:\Users\musa\Desktop\STM_Projects\GPIO\MXTmpFiles\license.tmp_save
2024-07-28 21:14:38,032 [INFO] CodeEngine:279 - Generated code: C:\Users\musa\Desktop\STM_Projects\GPIO\MXTmpFiles\license.tmp
2024-07-28 21:14:38,054 [INFO] CodeEngine:255 - oldGeneratedFile, C:\Users\musa\Desktop\STM_Projects\GPIO\MXTmpFiles\gpio.tmp_save
2024-07-28 21:14:38,130 [INFO] CodeEngine:279 - Generated code: C:\Users\musa\Desktop\STM_Projects\GPIO\MXTmpFiles\gpio.tmp
2024-07-28 21:14:38,161 [INFO] CodeEngine:255 - oldGeneratedFile, C:\Users\musa\Desktop\STM_Projects\GPIO\Core\Src\stm32l4xx_it.c_save
2024-07-28 21:14:38,235 [INFO] CodeEngine:279 - Generated code: C:\Users\musa\Desktop\STM_Projects\GPIO\Core\Src\stm32l4xx_it.c
2024-07-28 21:14:38,239 [INFO] CodeEngine:255 - oldGeneratedFile, C:\Users\musa\Desktop\STM_Projects\GPIO\Core\Inc\stm32l4xx_it.h_save
2024-07-28 21:14:38,286 [INFO] CodeEngine:279 - Generated code: C:\Users\musa\Desktop\STM_Projects\GPIO\Core\Inc\stm32l4xx_it.h
2024-07-28 21:14:38,298 [INFO] CodeEngine:255 - oldGeneratedFile, C:\Users\musa\Desktop\STM_Projects\GPIO\Core\Src\stm32l4xx_hal_msp.c_save
2024-07-28 21:14:38,350 [INFO] CodeEngine:279 - Generated code: C:\Users\musa\Desktop\STM_Projects\GPIO\Core\Src\stm32l4xx_hal_msp.c
2024-07-28 21:14:38,352 [INFO] CodeEngine:255 - oldGeneratedFile, C:\Users\musa\Desktop\STM_Projects\GPIO\MXTmpFiles\system.tmp_save
2024-07-28 21:14:38,386 [INFO] CodeEngine:279 - Generated code: C:\Users\musa\Desktop\STM_Projects\GPIO\MXTmpFiles\system.tmp
2024-07-28 21:14:38,399 [INFO] CodeEngine:311 - oldGeneratedFile, C:\Users\musa\Desktop\STM_Projects\GPIO\Core\Inc\stm32l4xx_hal_conf.h_save
2024-07-28 21:14:38,454 [INFO] CodeEngine:335 - Generated code: C:\Users\musa\Desktop\STM_Projects\GPIO\Core\Inc\stm32l4xx_hal_conf.h
2024-07-28 21:14:38,481 [INFO] CodeEngine:255 - oldGeneratedFile, C:\Users\musa\Desktop\STM_Projects\GPIO\Core\Inc\main.h_save
2024-07-28 21:14:38,520 [INFO] CodeEngine:279 - Generated code: C:\Users\musa\Desktop\STM_Projects\GPIO\Core\Inc\main.h
2024-07-28 21:14:38,530 [INFO] CodeEngine:255 - oldGeneratedFile, C:\Users\musa\Desktop\STM_Projects\GPIO\Core\Src\main.c_save
2024-07-28 21:14:38,598 [INFO] CodeEngine:279 - Generated code: C:\Users\musa\Desktop\STM_Projects\GPIO\Core\Src\main.c
2024-07-28 21:14:38,780 [INFO] ProjectBuilder:3163 - Time for Copy HAL[1] : 105mS.
2024-07-28 21:14:38,782 [INFO] ProjectBuilder:4736 - Project Generator version: 4.3.0-B58
2024-07-28 21:14:38,816 [INFO] ConfigFileManager:1503 - The Die is : DIE470
2024-07-28 21:14:39,416 [INFO] ProjectBuilder:5002 - Time for Generating toolchain IDE Files: 634mS.
2024-07-28 21:14:39,417 [INFO] ProjectBuilder:3034 - Time for Copy CMSIS : 1mS.
2024-07-28 21:14:39,420 [INFO] ProjectBuilder:3034 - Time for Copy CMSIS : 0mS.
2024-07-28 21:29:44,231 [ERROR] LogOutputStream:75 - [STDERR_REDIRECT] 
2024-07-28 21:29:44,232 [ERROR] LogOutputStream:75 - [STDERR_REDIRECT] 
