2024-07-16 22:53:01,344 [INFO] Activator:176 - 


2024-07-16 22:53:01,349 [INFO] Activator:177 - !SESSION log4j initialized
2024-07-16 22:53:06,034 [INFO] LogOutputStream:77 - [STDOUT_REDIRECT] 
2024-07-16 22:53:07,708 [INFO] ApplicationProperties:184 - Using Application install path: C:\ST\STM32CubeIDE_1.15.0\STM32CubeIDE\plugins\com.st.stm32cube.common.mx_6.11.0.202403141607
2024-07-16 22:53:07,723 [INFO] DbMcusXml:78 - Set database path to: C:\ST\STM32CubeIDE_1.15.0\STM32CubeIDE\plugins\com.st.stm32cube.common.mx_6.11.0.202403141607\\db\/mcu/
2024-07-16 22:53:07,723 [INFO] ApiDb:274 - Set plugin database path to: C:\ST\STM32CubeIDE_1.15.0\STM32CubeIDE\plugins\com.st.stm32cube.common.mx_6.11.0.202403141607\\db\/plugins/boardmanager/
2024-07-16 22:53:07,723 [WARN] ApiDb:259 - Overriding images path with different value:  => C:\ST\STM32CubeIDE_1.15.0\STM32CubeIDE\plugins\com.st.stm32cube.common.mx_6.11.0.202403141607\\db\/plugins/mcufinder/images/
2024-07-16 22:53:07,735 [INFO] ApiDb:250 - Set database path to: C:\Users\musa\.stmcufinder\plugins\mcufinder//mcu/
2024-07-16 22:53:07,736 [INFO] DbMcusAds:125 - Set database path to: C:\Users\musa\.stmcufinder\plugins\mcufinder//mcu/
2024-07-16 22:53:07,737 [INFO] CrossReferenceDbSqlite:203 - Set database path to: C:\Users\musa\.stmcufinder\plugins\mcufinder//mcu/cs/
2024-07-16 22:53:07,820 [INFO] RulesReader:64 - Compatibility file has been processed (297 Rules)
2024-07-16 22:53:07,885 [INFO] DbMcusXml:78 - Set database path to: C:\ST\STM32CubeIDE_1.15.0\STM32CubeIDE\plugins\com.st.stm32cube.common.mx_6.11.0.202403141607\\db\/mcu/
2024-07-16 22:53:07,885 [INFO] ApiDb:274 - Set plugin database path to: C:\ST\STM32CubeIDE_1.15.0\STM32CubeIDE\plugins\com.st.stm32cube.common.mx_6.11.0.202403141607\\db\/plugins/boardmanager/
2024-07-16 22:53:07,885 [INFO] ApiDb:261 - Set plugin images path to: C:\ST\STM32CubeIDE_1.15.0\STM32CubeIDE\plugins\com.st.stm32cube.common.mx_6.11.0.202403141607\\db\/plugins/mcufinder/images/
2024-07-16 22:53:07,885 [WARN] DbFile:41 - Overriding database path with different value: C:\Users\musa\.stmcufinder\plugins\mcufinder/ => C:\Users\musa\.stmcufinder\plugins\mcufinder
2024-07-16 22:53:07,885 [INFO] ApiDb:250 - Set database path to: C:\Users\musa\.stmcufinder\plugins\mcufinder//mcu/
2024-07-16 22:53:07,885 [WARN] DbFile:41 - Overriding database path with different value: C:\Users\musa\.stmcufinder\plugins\mcufinder/ => C:\Users\musa\.stmcufinder\plugins\mcufinder
2024-07-16 22:53:07,885 [INFO] DbMcusAds:125 - Set database path to: C:\Users\musa\.stmcufinder\plugins\mcufinder//mcu/
2024-07-16 22:53:07,885 [WARN] DbFile:41 - Overriding database path with different value: C:\Users\musa\.stmcufinder\plugins\mcufinder/ => C:\Users\musa\.stmcufinder\plugins\mcufinder
2024-07-16 22:53:07,885 [WARN] DbFile:41 - Overriding database path with different value: C:\Users\musa\.stmcufinder\plugins\mcufinder/ => C:\Users\musa\.stmcufinder\plugins\mcufinder
2024-07-16 22:53:07,885 [INFO] CrossReferenceDbSqlite:203 - Set database path to: C:\Users\musa\.stmcufinder\plugins\mcufinder//mcu/cs/
2024-07-16 22:53:07,957 [INFO] MainPanel:264 - HeapMemory: 268435456
2024-07-16 22:53:08,036 [INFO] DbMcusXml:78 - Set database path to: C:\ST\STM32CubeIDE_1.15.0\STM32CubeIDE\plugins\com.st.stm32cube.common.mx_6.11.0.202403141607\\db\/mcu/
2024-07-16 22:53:08,037 [INFO] ApiDb:274 - Set plugin database path to: C:\ST\STM32CubeIDE_1.15.0\STM32CubeIDE\plugins\com.st.stm32cube.common.mx_6.11.0.202403141607\\db\/plugins/boardmanager/
2024-07-16 22:53:08,037 [INFO] ApiDb:261 - Set plugin images path to: C:\ST\STM32CubeIDE_1.15.0\STM32CubeIDE\plugins\com.st.stm32cube.common.mx_6.11.0.202403141607\\db\/plugins/mcufinder/images/
2024-07-16 22:53:08,037 [WARN] DbFile:41 - Overriding database path with different value: C:\Users\musa\.stmcufinder\plugins\mcufinder/ => C:\Users\musa\.stmcufinder\plugins\mcufinder
2024-07-16 22:53:08,037 [INFO] ApiDb:250 - Set database path to: C:\Users\musa\.stmcufinder\plugins\mcufinder//mcu/
2024-07-16 22:53:08,037 [WARN] DbFile:41 - Overriding database path with different value: C:\Users\musa\.stmcufinder\plugins\mcufinder/ => C:\Users\musa\.stmcufinder\plugins\mcufinder
2024-07-16 22:53:08,037 [INFO] DbMcusAds:125 - Set database path to: C:\Users\musa\.stmcufinder\plugins\mcufinder//mcu/
2024-07-16 22:53:08,037 [WARN] DbFile:41 - Overriding database path with different value: C:\Users\musa\.stmcufinder\plugins\mcufinder/ => C:\Users\musa\.stmcufinder\plugins\mcufinder
2024-07-16 22:53:08,037 [WARN] DbFile:41 - Overriding database path with different value: C:\Users\musa\.stmcufinder\plugins\mcufinder/ => C:\Users\musa\.stmcufinder\plugins\mcufinder
2024-07-16 22:53:08,037 [INFO] CrossReferenceDbSqlite:203 - Set database path to: C:\Users\musa\.stmcufinder\plugins\mcufinder//mcu/cs/
2024-07-16 22:53:08,054 [INFO] ApplicationProperties:184 - Using Application install path: C:\ST\STM32CubeIDE_1.15.0\STM32CubeIDE\plugins\com.st.stm32cube.common.mx_6.11.0.202403141607
2024-07-16 22:53:08,056 [INFO] PluginManage:196 - Search for loadable plugins [exclusion list=, ]
2024-07-16 22:53:08,057 [INFO] PluginManage:310 - Check plugin analytics
2024-07-16 22:53:08,210 [INFO] AnalyticsPlugin:253 - Accepted Software Licenses: STM32CubeMX.6.11.0
2024-07-16 22:53:08,210 [INFO] AnalyticsPlugin:255 - Accepted CMSIS Pack Licenses: 
2024-07-16 22:53:08,211 [INFO] AnalyticsPlugin:257 - Accepted Firmware Licenses: FW.WB.1.19.0,FW.WB.1.18.0,FW.L4.1.18.0
2024-07-16 22:53:08,213 [INFO] PluginManage:359 - Loaded plugin analytics (category:tool,tabindex:-1)
2024-07-16 22:53:08,213 [INFO] PluginManage:310 - Check plugin cadmodel
2024-07-16 22:53:08,228 [INFO] CADModel:105 - Init CAD model plugin
2024-07-16 22:53:08,228 [INFO] PluginManage:359 - Loaded plugin cadmodel (category:power,tabindex:5)
2024-07-16 22:53:08,228 [INFO] PluginManage:310 - Check plugin clock
2024-07-16 22:53:08,246 [INFO] PluginManage:359 - Loaded plugin clock (category:base,tabindex:2)
2024-07-16 22:53:08,246 [INFO] PluginManage:310 - Check plugin ddr
2024-07-16 22:53:08,248 [INFO] PluginManage:359 - Loaded plugin ddr (category:tool,tabindex:6)
2024-07-16 22:53:08,248 [INFO] PluginManage:310 - Check plugin filemanager
2024-07-16 22:53:08,368 [INFO] PluginManage:359 - Loaded plugin filemanager (category:base,tabindex:10)
2024-07-16 22:53:08,369 [INFO] PluginManage:310 - Check plugin ipmanager
2024-07-16 22:53:08,374 [INFO] PluginManage:359 - Loaded plugin ipmanager (category:base,tabindex:5)
2024-07-16 22:53:08,374 [INFO] PluginManage:310 - Check plugin lpbam
2024-07-16 22:53:08,388 [INFO] PluginManage:359 - Loaded plugin lpbam (category:base,tabindex:0)
2024-07-16 22:53:08,388 [INFO] PluginManage:310 - Check plugin memorymap
2024-07-16 22:53:08,406 [INFO] PluginManage:359 - Loaded plugin memorymap (category:base,tabindex:4)
2024-07-16 22:53:08,406 [INFO] PluginManage:310 - Check plugin pinoutandconfiguration
2024-07-16 22:53:08,418 [INFO] PluginManage:359 - Loaded plugin pinoutandconfiguration (category:base,tabindex:1)
2024-07-16 22:53:08,418 [INFO] PluginManage:310 - Check plugin pinoutconfig
2024-07-16 22:53:08,486 [WARN] SupportedApi:132 - Cannot load RTOS API schema: s4s-elt-must-match.1: The content of 'definitions' must match (annotation?, (simpleType | complexType)?, (unique | key | keyref)*)). A problem was found starting at: attribute.
2024-07-16 22:53:08,582 [INFO] PluginManage:359 - Loaded plugin pinoutconfig (category:base,tabindex:0)
2024-07-16 22:53:08,582 [INFO] PluginManage:310 - Check plugin power
2024-07-16 22:53:08,597 [INFO] PluginManage:359 - Loaded plugin power (category:power,tabindex:4)
2024-07-16 22:53:08,598 [INFO] PluginManage:310 - Check plugin projectmanager
2024-07-16 22:53:08,611 [INFO] PluginManage:359 - Loaded plugin projectmanager (category:projectmanager,tabindex:3)
2024-07-16 22:53:08,611 [INFO] PluginManage:310 - Check plugin thirdparty
2024-07-16 22:53:08,815 [INFO] PluginManage:359 - Loaded plugin thirdparty (category:base,tabindex:-1)
2024-07-16 22:53:08,815 [INFO] PluginManage:310 - Check plugin tools
2024-07-16 22:53:08,815 [WARN] IntegrityCheckThread:84 - waiting for thirdparty lock release [integrity check]
2024-07-16 22:53:08,816 [INFO] IntegrityCheckThread:86 - entering critical section [integrity check]
2024-07-16 22:53:08,816 [INFO] ThirdPartyUpdaterWithRetryManager:70 - Updater plugin not ready yet. [1/15]
2024-07-16 22:53:08,842 [INFO] PluginManage:359 - Loaded plugin tools (category:base,tabindex:7)
2024-07-16 22:53:08,843 [INFO] PluginManage:310 - Check plugin tutovideos
2024-07-16 22:53:08,980 [INFO] PluginManage:359 - Loaded plugin tutovideos (category:base,tabindex:-1)
2024-07-16 22:53:08,980 [INFO] PluginManage:310 - Check plugin updater
2024-07-16 22:53:08,989 [INFO] PluginManage:359 - Loaded plugin updater (category:base,tabindex:12)
2024-07-16 22:53:08,990 [INFO] PluginManage:310 - Check plugin userauth
2024-07-16 22:53:08,995 [INFO] UserAuth:114 - Init User Auth plugin
2024-07-16 22:53:08,995 [INFO] PluginManage:359 - Loaded plugin userauth (category:base,tabindex:14)
2024-07-16 22:53:08,995 [INFO] PluginManage:283 - PluginManage : Loaded plugins [17]
2024-07-16 22:53:09,155 [INFO] PinOutPanel:1561 - setPackage(No Configuration,No Configuration)
2024-07-16 22:53:09,209 [INFO] CADModel:165 - CPN selected for project level
2024-07-16 22:53:09,209 [INFO] CADModel:114 - Register for checkConnection events
2024-07-16 22:53:09,230 [INFO] IPUIPlugin:80 - create IPUIPlugin
2024-07-16 22:53:09,230 [INFO] PluginManager:220 - loadIPPluginJar : add adc
2024-07-16 22:53:09,254 [INFO] IPUIPlugin:80 - create IPUIPlugin
2024-07-16 22:53:09,254 [INFO] PluginManager:220 - loadIPPluginJar : add aes
2024-07-16 22:53:09,283 [INFO] IPUIPlugin:80 - create IPUIPlugin
2024-07-16 22:53:09,283 [INFO] PluginManager:220 - loadIPPluginJar : add can
2024-07-16 22:53:09,299 [INFO] IPUIPlugin:80 - create IPUIPlugin
2024-07-16 22:53:09,299 [INFO] PluginManager:220 - loadIPPluginJar : add comp
2024-07-16 22:53:09,321 [INFO] IPUIPlugin:80 - create IPUIPlugin
2024-07-16 22:53:09,321 [INFO] PluginManager:220 - loadIPPluginJar : add cryp
2024-07-16 22:53:09,341 [INFO] IPUIPlugin:80 - create IPUIPlugin
2024-07-16 22:53:09,342 [INFO] PluginManager:220 - loadIPPluginJar : add dfsdm
2024-07-16 22:53:09,352 [INFO] IPUIPlugin:80 - create IPUIPlugin
2024-07-16 22:53:09,352 [INFO] PluginManager:220 - loadIPPluginJar : add dma
2024-07-16 22:53:09,381 [INFO] IPUIPlugin:80 - create IPUIPlugin
2024-07-16 22:53:09,381 [INFO] PluginManager:220 - loadIPPluginJar : add dma3
2024-07-16 22:53:09,409 [INFO] IPUIPlugin:80 - create IPUIPlugin
2024-07-16 22:53:09,409 [INFO] PluginManager:220 - loadIPPluginJar : add extmemmanager
2024-07-16 22:53:09,423 [INFO] IPUIPlugin:80 - create IPUIPlugin
2024-07-16 22:53:09,423 [INFO] PluginManager:220 - loadIPPluginJar : add fatfs
2024-07-16 22:53:09,453 [INFO] IPUIPlugin:80 - create IPUIPlugin
2024-07-16 22:53:09,453 [INFO] PluginManager:220 - loadIPPluginJar : add fmc
2024-07-16 22:53:09,464 [INFO] IPUIPlugin:80 - create IPUIPlugin
2024-07-16 22:53:09,464 [INFO] PluginManager:220 - loadIPPluginJar : add freertos
2024-07-16 22:53:09,479 [INFO] IPUIPlugin:80 - create IPUIPlugin
2024-07-16 22:53:09,479 [INFO] PluginManager:220 - loadIPPluginJar : add genericplugin
2024-07-16 22:53:09,540 [INFO] IPUIPlugin:80 - create IPUIPlugin
2024-07-16 22:53:09,541 [INFO] PluginManager:220 - loadIPPluginJar : add gfxmmu
2024-07-16 22:53:09,626 [INFO] IPUIPlugin:80 - create IPUIPlugin
2024-07-16 22:53:09,627 [INFO] PluginManager:220 - loadIPPluginJar : add gic
2024-07-16 22:53:09,636 [INFO] IPUIPlugin:80 - create IPUIPlugin
2024-07-16 22:53:09,636 [INFO] PluginManager:220 - loadIPPluginJar : add gpio
2024-07-16 22:53:09,694 [INFO] IPUIPlugin:80 - create IPUIPlugin
2024-07-16 22:53:09,694 [INFO] PluginManager:220 - loadIPPluginJar : add gtzc
2024-07-16 22:53:09,716 [INFO] IPUIPlugin:80 - create IPUIPlugin
2024-07-16 22:53:09,716 [INFO] PluginManager:220 - loadIPPluginJar : add hash
2024-07-16 22:53:09,752 [INFO] IPUIPlugin:80 - create IPUIPlugin
2024-07-16 22:53:09,752 [INFO] PluginManager:220 - loadIPPluginJar : add i2c
2024-07-16 22:53:09,777 [INFO] IPUIPlugin:80 - create IPUIPlugin
2024-07-16 22:53:09,777 [INFO] PluginManager:220 - loadIPPluginJar : add i2s
2024-07-16 22:53:09,804 [INFO] IPUIPlugin:80 - create IPUIPlugin
2024-07-16 22:53:09,804 [INFO] PluginManager:220 - loadIPPluginJar : add i3c
2024-07-16 22:53:09,872 [INFO] IPUIPlugin:80 - create IPUIPlugin
2024-07-16 22:53:09,872 [INFO] PluginManager:220 - loadIPPluginJar : add ipddr
2024-07-16 22:53:09,932 [INFO] IPUIPlugin:80 - create IPUIPlugin
2024-07-16 22:53:09,932 [INFO] PluginManager:220 - loadIPPluginJar : add linkedlist
2024-07-16 22:53:09,956 [INFO] IPUIPlugin:80 - create IPUIPlugin
2024-07-16 22:53:09,956 [INFO] PluginManager:220 - loadIPPluginJar : add lorawan
2024-07-16 22:53:09,980 [INFO] IPUIPlugin:80 - create IPUIPlugin
2024-07-16 22:53:09,980 [INFO] PluginManager:220 - loadIPPluginJar : add ltdc
2024-07-16 22:53:09,991 [INFO] IPUIPlugin:80 - create IPUIPlugin
2024-07-16 22:53:09,991 [INFO] PluginManager:220 - loadIPPluginJar : add mdma
2024-07-16 22:53:10,001 [INFO] IPUIPlugin:80 - create IPUIPlugin
2024-07-16 22:53:10,001 [INFO] PluginManager:220 - loadIPPluginJar : add nvic
2024-07-16 22:53:10,029 [INFO] IPUIPlugin:80 - create IPUIPlugin
2024-07-16 22:53:10,029 [INFO] PluginManager:220 - loadIPPluginJar : add opamp
2024-07-16 22:53:10,073 [INFO] IPUIPlugin:80 - create IPUIPlugin
2024-07-16 22:53:10,073 [INFO] PluginManager:220 - loadIPPluginJar : add openamp
2024-07-16 22:53:10,102 [INFO] IPUIPlugin:80 - create IPUIPlugin
2024-07-16 22:53:10,102 [INFO] PluginManager:220 - loadIPPluginJar : add pdm2pcm
2024-07-16 22:53:10,112 [INFO] IPUIPlugin:80 - create IPUIPlugin
2024-07-16 22:53:10,114 [INFO] PluginManager:220 - loadIPPluginJar : add plateformsettings
2024-07-16 22:53:10,129 [INFO] IPUIPlugin:80 - create IPUIPlugin
2024-07-16 22:53:10,130 [INFO] PluginManager:220 - loadIPPluginJar : add quadspi
2024-07-16 22:53:10,138 [INFO] IPUIPlugin:80 - create IPUIPlugin
2024-07-16 22:53:10,138 [INFO] PluginManager:220 - loadIPPluginJar : add resmgrutility
2024-07-16 22:53:10,170 [INFO] IPUIPlugin:80 - create IPUIPlugin
2024-07-16 22:53:10,170 [INFO] PluginManager:220 - loadIPPluginJar : add sai
2024-07-16 22:53:10,194 [INFO] IPUIPlugin:80 - create IPUIPlugin
2024-07-16 22:53:10,194 [INFO] PluginManager:220 - loadIPPluginJar : add spi
2024-07-16 22:53:10,238 [INFO] IPUIPlugin:80 - create IPUIPlugin
2024-07-16 22:53:10,238 [INFO] PluginManager:220 - loadIPPluginJar : add stm32_wpan
2024-07-16 22:53:10,254 [INFO] IPUIPlugin:80 - create IPUIPlugin
2024-07-16 22:53:10,254 [INFO] PluginManager:220 - loadIPPluginJar : add tim
2024-07-16 22:53:10,303 [INFO] IPUIPlugin:80 - create IPUIPlugin
2024-07-16 22:53:10,303 [INFO] PluginManager:220 - loadIPPluginJar : add touchsensing
2024-07-16 22:53:10,320 [INFO] IPUIPlugin:80 - create IPUIPlugin
2024-07-16 22:53:10,320 [INFO] PluginManager:220 - loadIPPluginJar : add tracer_emb
2024-07-16 22:53:10,336 [INFO] IPUIPlugin:80 - create IPUIPlugin
2024-07-16 22:53:10,336 [INFO] PluginManager:220 - loadIPPluginJar : add ts
2024-07-16 22:53:10,351 [INFO] IPUIPlugin:80 - create IPUIPlugin
2024-07-16 22:53:10,351 [INFO] PluginManager:220 - loadIPPluginJar : add tsc
2024-07-16 22:53:10,366 [INFO] IPUIPlugin:80 - create IPUIPlugin
2024-07-16 22:53:10,366 [INFO] PluginManager:220 - loadIPPluginJar : add ucpd
2024-07-16 22:53:10,396 [INFO] IPUIPlugin:80 - create IPUIPlugin
2024-07-16 22:53:10,396 [INFO] PluginManager:220 - loadIPPluginJar : add usart
2024-07-16 22:53:10,424 [INFO] IPUIPlugin:80 - create IPUIPlugin
2024-07-16 22:53:10,424 [INFO] PluginManager:220 - loadIPPluginJar : add usbx
2024-07-16 22:53:10,534 [INFO] CADModel:165 - CPN selected for project level
2024-07-16 22:53:10,534 [INFO] CADModel:114 - Register for checkConnection events
2024-07-16 22:53:10,534 [FATAL] Updater:308 - Updater called before beeing initialized
2024-07-16 22:53:10,534 [ERROR] CADModel:125 - Updater not yet initialized, retry later 
2024-07-16 22:53:10,632 [INFO] CADModel:165 - CPN selected for project level
2024-07-16 22:53:10,632 [INFO] CADModel:114 - Register for checkConnection events
2024-07-16 22:53:10,632 [FATAL] Updater:308 - Updater called before beeing initialized
2024-07-16 22:53:10,632 [ERROR] CADModel:125 - Updater not yet initialized, retry later 
2024-07-16 22:53:10,635 [FATAL] Updater:308 - Updater called before beeing initialized
2024-07-16 22:53:10,700 [FATAL] Updater:308 - Updater called before beeing initialized
2024-07-16 22:53:10,708 [INFO] DbMcusAds:53 - JSON generation date=Thu May 16 12:22:00 TRT 2024 (1715851320667)
2024-07-16 22:53:10,708 [FATAL] Updater:308 - Updater called before beeing initialized
2024-07-16 22:53:10,734 [WARN] DetailPanel:346 - Failed to get advertising image, set to default
2024-07-16 22:53:10,787 [FATAL] Updater:308 - Updater called before beeing initialized
2024-07-16 22:53:10,789 [FATAL] Updater:308 - Updater called before beeing initialized
2024-07-16 22:53:10,789 [FATAL] Updater:308 - Updater called before beeing initialized
2024-07-16 22:53:10,789 [WARN] DetailPanel:346 - Failed to get advertising image, set to default
2024-07-16 22:53:10,789 [FATAL] Updater:308 - Updater called before beeing initialized
2024-07-16 22:53:10,829 [ERROR] Updater:1120 - MainUpdater not yet initialized. External WinMGr cannot be set.
2024-07-16 22:53:10,837 [INFO] Updater:1056 - Updater Version found : 6.11.0
2024-07-16 22:53:10,854 [INFO] ApplicationProperties:184 - Using Application install path: C:\ST\STM32CubeIDE_1.15.0\STM32CubeIDE\plugins\com.st.stm32cube.common.mx_6.11.0.202403141607
2024-07-16 22:53:11,817 [INFO] ThirdPartyUpdaterWithRetryManager:70 - Updater plugin not ready yet. [2/15]
2024-07-16 22:53:12,444 [ERROR] LogOutputStream:75 - [STDERR_REDIRECT] Jul 16, 2024 10:53:12 PM java.util.prefs.WindowsPreferences <init>
2024-07-16 22:53:12,447 [ERROR] LogOutputStream:75 - [STDERR_REDIRECT] WARNING: Could not open/create prefs root node Software\JavaSoft\Prefs at root 0xffffffff80000002. Windows RegCreateKeyEx(...) returned error code 5.
2024-07-16 22:53:12,447 [ERROR] LogOutputStream:75 - [STDERR_REDIRECT] 
2024-07-16 22:53:12,804 [INFO] MainUpdater:2873 - connection check result : 10
2024-07-16 22:53:12,805 [INFO] MainUpdater:290 - Updater Check For Update Now.
2024-07-16 22:53:12,805 [INFO] MicroXplorer:498 - Change Database Version : DB.6.0.110
2024-07-16 22:53:12,822 [INFO] McuFinderGlobals:63 - Set McuFinder mode to 2 (CubeIDE integrated)
2024-07-16 22:53:12,836 [INFO] UserAuth:415 - Internet connection configuration mode: 1
2024-07-16 22:53:12,868 [INFO] JxBrowserEngine:152 - Initiate JxBrowser Engine with user profile folder
2024-07-16 22:53:12,991 [INFO] CheckServerUpdateThread:120 - End of CheckServer Thread
2024-07-16 22:53:14,951 [WARN] PackLoader:240 - Cannot read IP mode file for STMicroelectronics.FP-SNS-MOTENVWB1.1.4.0
2024-07-16 22:53:14,965 [WARN] PackLoader:240 - Cannot read IP mode file for STMicroelectronics.X-CUBE-SMBUS.2.1.0
2024-07-16 22:53:14,974 [WARN] PackLoader:240 - Cannot read IP mode file for STMicroelectronics.X-CUBE-TOUCHGFX.4.23.1
2024-07-16 22:53:14,983 [WARN] PackLoader:240 - Cannot read IP mode file for STMicroelectronics.X-CUBE-TOUCHGFX.4.23.0
2024-07-16 22:53:14,993 [WARN] PackLoader:240 - Cannot read IP mode file for STMicroelectronics.X-CUBE-TOUCHGFX.4.23.2
2024-07-16 22:53:15,019 [WARN] PackLoader:240 - Cannot read IP mode file for STMicroelectronics.X-CUBE-AZRTOS-F7.1.1.0
2024-07-16 22:53:15,032 [WARN] PackLoader:240 - Cannot read IP mode file for STMicroelectronics.FP-SNS-MOTENV1.4.3.2
2024-07-16 22:53:15,044 [WARN] PackLoader:240 - Cannot read IP mode file for STMicroelectronics.FP-SNS-FLIGHT1.5.0.2
2024-07-16 22:53:15,055 [WARN] PackLoader:240 - Cannot read IP mode file for STMicroelectronics.X-CUBE-DISPLAY.3.0.0
2024-07-16 22:53:15,070 [WARN] PackLoader:240 - Cannot read IP mode file for STMicroelectronics.X-CUBE-BLE1.7.0.0
2024-07-16 22:53:15,080 [WARN] PackLoader:240 - Cannot read IP mode file for emotas.I-CUBE-CANOPEN.1.3.0
2024-07-16 22:53:15,093 [WARN] PackLoader:240 - Cannot read IP mode file for STMicroelectronics.X-CUBE-BLEMGR.3.1.0
2024-07-16 22:53:15,103 [WARN] PackLoader:240 - Cannot read IP mode file for STMicroelectronics.FP-SNS-SMARTAG2.1.2.0
2024-07-16 22:53:15,116 [INFO] LogOutputStream:77 - [STDOUT_REDIRECT] 1 : Invalid condition id : UX_CORESTACK_Condition cause : null
2024-07-16 22:53:15,117 [INFO] LogOutputStream:77 - [STDOUT_REDIRECT] 1 : Invalid condition id : UX_CORESTACK_Condition cause : null
2024-07-16 22:53:15,118 [INFO] LogOutputStream:77 - [STDOUT_REDIRECT] 1 : Invalid condition id : UX_CORESTACK_Condition cause : null
2024-07-16 22:53:15,119 [INFO] LogOutputStream:77 - [STDOUT_REDIRECT] 1 : Invalid condition id : UX_CORESTACK_Condition cause : null
2024-07-16 22:53:15,119 [INFO] LogOutputStream:77 - [STDOUT_REDIRECT] 1 : Invalid condition id : UX_CORESTACK_Condition cause : null
2024-07-16 22:53:15,121 [WARN] PackLoader:240 - Cannot read IP mode file for STMicroelectronics.X-CUBE-AZRTOS-WL.2.0.0
2024-07-16 22:53:15,130 [WARN] PackLoader:240 - Cannot read IP mode file for STMicroelectronics.FP-SNS-MOTENV1.5.0.0
2024-07-16 22:53:15,143 [WARN] PackLoader:240 - Cannot read IP mode file for wolfSSL.I-CUBE-wolfMQTT.1.19.0
2024-07-16 22:53:15,153 [WARN] PackLoader:240 - Cannot read IP mode file for WES.I-CUBE-Cesium.1.3.0
2024-07-16 22:53:15,161 [WARN] PackLoader:240 - Cannot read IP mode file for STMicroelectronics.X-CUBE-BLE2.3.3.0
2024-07-16 22:53:15,170 [WARN] PackLoader:240 - Cannot read IP mode file for STMicroelectronics.X-CUBE-TCPP.4.1.0
2024-07-16 22:53:15,179 [WARN] PackLoader:240 - Cannot read IP mode file for STMicroelectronics.X-CUBE-ALGOBUILD.1.3.0
2024-07-16 22:53:15,197 [WARN] PackLoader:240 - Cannot read IP mode file for STMicroelectronics.X-CUBE-AZRTOS-G0.1.1.0
2024-07-16 22:53:15,209 [WARN] PackLoader:240 - Cannot read IP mode file for STMicroelectronics.X-CUBE-SAFEA1.1.2.2
2024-07-16 22:53:15,221 [WARN] PackLoader:240 - Cannot read IP mode file for STMicroelectronics.X-CUBE-NFC4.3.0.0
2024-07-16 22:53:15,229 [WARN] PackLoader:240 - Cannot read IP mode file for wolfSSL.I-CUBE-wolfMQTT.1.18.0
2024-07-16 22:53:15,240 [WARN] PackLoader:240 - Cannot read IP mode file for EmbeddedOffice.I-CUBE-FS-RTOS.1.0.1
2024-07-16 22:53:15,241 [ERROR] ConditionMgr:805 - Attr not supported : Dmpu
2024-07-16 22:53:15,241 [ERROR] ConditionMgr:805 - Attr not supported : Dmpu
2024-07-16 22:53:15,241 [ERROR] ConditionMgr:805 - Attr not supported : Dmpu
2024-07-16 22:53:15,241 [ERROR] ConditionMgr:805 - Attr not supported : Dmpu
2024-07-16 22:53:15,241 [ERROR] ConditionMgr:805 - Attr not supported : Dmpu
2024-07-16 22:53:15,241 [ERROR] ConditionMgr:805 - Attr not supported : Dmpu
2024-07-16 22:53:15,241 [ERROR] ConditionMgr:805 - Attr not supported : Dmpu
2024-07-16 22:53:15,241 [ERROR] ConditionMgr:805 - Attr not supported : Dmpu
2024-07-16 22:53:15,241 [ERROR] ConditionMgr:805 - Attr not supported : Dmpu
2024-07-16 22:53:15,241 [ERROR] ConditionMgr:805 - Attr not supported : Dmpu
2024-07-16 22:53:15,241 [ERROR] ConditionMgr:805 - Attr not supported : Dmpu
2024-07-16 22:53:15,241 [ERROR] ConditionMgr:805 - Attr not supported : Dmpu
2024-07-16 22:53:15,241 [ERROR] ConditionMgr:805 - Attr not supported : Dmpu
2024-07-16 22:53:15,241 [ERROR] ConditionMgr:805 - Attr not supported : Dmpu
2024-07-16 22:53:15,241 [ERROR] ConditionMgr:805 - Attr not supported : Dmpu
2024-07-16 22:53:15,241 [ERROR] ConditionMgr:805 - Attr not supported : Dmpu
2024-07-16 22:53:15,241 [ERROR] ConditionMgr:805 - Attr not supported : Dmpu
2024-07-16 22:53:15,241 [ERROR] ConditionMgr:805 - Attr not supported : Dmpu
2024-07-16 22:53:15,241 [ERROR] ConditionMgr:805 - Attr not supported : Dmpu
2024-07-16 22:53:15,241 [ERROR] ConditionMgr:805 - Attr not supported : Dmpu
2024-07-16 22:53:15,241 [ERROR] ConditionMgr:805 - Attr not supported : Dmpu
2024-07-16 22:53:15,241 [ERROR] ConditionMgr:805 - Attr not supported : Dmpu
2024-07-16 22:53:15,241 [ERROR] ConditionMgr:805 - Attr not supported : Dmpu
2024-07-16 22:53:15,241 [ERROR] ConditionMgr:805 - Attr not supported : Dmpu
2024-07-16 22:53:15,242 [ERROR] ConditionMgr:805 - Attr not supported : Dmpu
2024-07-16 22:53:15,242 [ERROR] ConditionMgr:805 - Attr not supported : Dmpu
2024-07-16 22:53:15,242 [ERROR] ConditionMgr:805 - Attr not supported : Dmpu
2024-07-16 22:53:15,242 [ERROR] ConditionMgr:805 - Attr not supported : Dmpu
2024-07-16 22:53:15,242 [ERROR] ConditionMgr:805 - Attr not supported : Dmpu
2024-07-16 22:53:15,242 [ERROR] ConditionMgr:805 - Attr not supported : Dmpu
2024-07-16 22:53:15,242 [ERROR] ConditionMgr:805 - Attr not supported : Dmpu
2024-07-16 22:53:15,242 [ERROR] ConditionMgr:805 - Attr not supported : Dmpu
2024-07-16 22:53:15,242 [ERROR] ConditionMgr:805 - Attr not supported : Dmpu
2024-07-16 22:53:15,242 [ERROR] ConditionMgr:805 - Attr not supported : Dmpu
2024-07-16 22:53:15,242 [ERROR] ConditionMgr:805 - Attr not supported : Dmpu
2024-07-16 22:53:15,242 [ERROR] ConditionMgr:805 - Attr not supported : Dmpu
2024-07-16 22:53:15,242 [ERROR] ConditionMgr:805 - Attr not supported : Dmpu
2024-07-16 22:53:15,242 [ERROR] ConditionMgr:805 - Attr not supported : Dmpu
2024-07-16 22:53:15,242 [ERROR] ConditionMgr:805 - Attr not supported : Dmpu
2024-07-16 22:53:15,242 [ERROR] ConditionMgr:805 - Attr not supported : Dmpu
2024-07-16 22:53:15,242 [ERROR] ConditionMgr:805 - Attr not supported : Dmpu
2024-07-16 22:53:15,242 [ERROR] ConditionMgr:805 - Attr not supported : Dmpu
2024-07-16 22:53:15,242 [ERROR] ConditionMgr:805 - Attr not supported : Dmpu
2024-07-16 22:53:15,242 [ERROR] ConditionMgr:805 - Attr not supported : Dmpu
2024-07-16 22:53:15,242 [ERROR] ConditionMgr:805 - Attr not supported : Dmpu
2024-07-16 22:53:15,242 [ERROR] ConditionMgr:805 - Attr not supported : Dmpu
2024-07-16 22:53:15,242 [ERROR] ConditionMgr:805 - Attr not supported : Dmpu
2024-07-16 22:53:15,242 [ERROR] ConditionMgr:805 - Attr not supported : Dmpu
2024-07-16 22:53:15,242 [ERROR] ConditionMgr:805 - Attr not supported : Dmpu
2024-07-16 22:53:15,242 [ERROR] ConditionMgr:805 - Attr not supported : Dmpu
2024-07-16 22:53:15,242 [ERROR] ConditionMgr:805 - Attr not supported : Dmpu
2024-07-16 22:53:15,242 [ERROR] ConditionMgr:805 - Attr not supported : Dmpu
2024-07-16 22:53:15,242 [ERROR] ConditionMgr:805 - Attr not supported : Dmpu
2024-07-16 22:53:15,242 [ERROR] ConditionMgr:805 - Attr not supported : Dmpu
2024-07-16 22:53:15,243 [ERROR] ConditionMgr:805 - Attr not supported : Dmpu
2024-07-16 22:53:15,243 [ERROR] ConditionMgr:805 - Attr not supported : Dmpu
2024-07-16 22:53:15,243 [ERROR] ConditionMgr:805 - Attr not supported : Dmpu
2024-07-16 22:53:15,243 [ERROR] ConditionMgr:805 - Attr not supported : Dmpu
2024-07-16 22:53:15,243 [ERROR] ConditionMgr:805 - Attr not supported : Dmpu
2024-07-16 22:53:15,243 [ERROR] ConditionMgr:805 - Attr not supported : Dmpu
2024-07-16 22:53:15,243 [ERROR] ConditionMgr:805 - Attr not supported : Dmpu
2024-07-16 22:53:15,243 [ERROR] ConditionMgr:805 - Attr not supported : Dmpu
2024-07-16 22:53:15,243 [ERROR] ConditionMgr:805 - Attr not supported : Dmpu
2024-07-16 22:53:15,243 [ERROR] ConditionMgr:805 - Attr not supported : Dmpu
2024-07-16 22:53:15,252 [WARN] PackLoader:240 - Cannot read IP mode file for RealThread.X-CUBE-RT-Thread_Nano.4.1.1
2024-07-16 22:53:15,262 [WARN] PackLoader:240 - Cannot read IP mode file for STMicroelectronics.FP-ATR-SIGFOX1.3.2.0
2024-07-16 22:53:15,276 [WARN] PackLoader:240 - Cannot read IP mode file for STMicroelectronics.X-CUBE-EEPRMA1.5.1.0
2024-07-16 22:53:15,302 [WARN] PackLoader:240 - Cannot read IP mode file for SEGGER.I-CUBE-embOS.1.3.1
2024-07-16 22:53:15,333 [WARN] PackLoader:240 - Cannot read IP mode file for STMicroelectronics.X-CUBE-ALGOBUILD.1.4.0
2024-07-16 22:53:15,344 [WARN] PackLoader:240 - Cannot read IP mode file for STMicroelectronics.X-CUBE-GNSS1.6.0.0
2024-07-16 22:53:15,394 [WARN] PackLoader:240 - Cannot read IP mode file for STMicroelectronics.X-CUBE-AZRTOS-F4.1.1.0
2024-07-16 22:53:15,407 [WARN] PackLoader:240 - Cannot read IP mode file for STMicroelectronics.X-CUBE-FREERTOS.1.2.0
2024-07-16 22:53:15,418 [WARN] PackLoader:240 - Cannot read IP mode file for wolfSSL.I-CUBE-wolfSSL.5.6.6
2024-07-16 22:53:15,493 [WARN] PackLoader:240 - Cannot read IP mode file for STMicroelectronics.X-CUBE-AZRTOS-L5.2.0.0
2024-07-16 22:53:15,513 [WARN] PackLoader:240 - Cannot read IP mode file for STMicroelectronics.X-CUBE-NFC6.3.1.0
2024-07-16 22:53:15,539 [WARN] PackLoader:240 - Cannot read IP mode file for ITTIA_DB.I-CUBE-ITTIADB.8.8.0
2024-07-16 22:53:15,574 [WARN] PackLoader:240 - Cannot read IP mode file for STMicroelectronics.X-CUBE-DPower.1.2.0
2024-07-16 22:53:15,615 [WARN] PackLoader:240 - Cannot read IP mode file for STMicroelectronics.X-CUBE-AI.9.0.0
2024-07-16 22:53:15,651 [WARN] PackLoader:240 - Cannot read IP mode file for STMicroelectronics.X-CUBE-NFC7.1.0.1
2024-07-16 22:53:15,660 [WARN] PackLoader:240 - Cannot read IP mode file for wolfSSL.I-CUBE-wolfTPM.3.2.0
2024-07-16 22:53:15,671 [WARN] PackLoader:240 - Cannot read IP mode file for STMicroelectronics.X-CUBE-AI.8.1.0
2024-07-16 22:53:15,697 [WARN] ConditionMgr:438 - getConditionDescription Invalid condition id : LAN8742 Phy interface Condition cause : null
2024-07-16 22:53:15,697 [WARN] PackLoader:240 - Cannot read IP mode file for STMicroelectronics.X-CUBE-AZRTOS-L4.2.0.0
2024-07-16 22:53:15,698 [WARN] ConditionMgr:1039 - genDependencies : Invalid condition id : LAN8742 Phy interface Condition cause : null
2024-07-16 22:53:15,698 [WARN] ConditionMgr:1039 - genDependencies : Invalid condition id : LAN8742 Phy interface Condition cause : null
2024-07-16 22:53:15,698 [WARN] ConditionMgr:1039 - genDependencies : Invalid condition id : LAN8742 Phy interface Condition cause : null
2024-07-16 22:53:15,710 [WARN] PackLoader:240 - Cannot read IP mode file for STMicroelectronics.X-CUBE-SFXS2LP1.4.0.0
2024-07-16 22:53:15,728 [WARN] ConditionMgr:438 - getConditionDescription Invalid condition id : UX DEVICE CLASS RTOS Condition cause : null
2024-07-16 22:53:15,728 [WARN] ConditionMgr:438 - getConditionDescription Invalid condition id : UX DEVICE CLASS RTOS Condition cause : null
2024-07-16 22:53:15,729 [WARN] PackLoader:240 - Cannot read IP mode file for STMicroelectronics.X-CUBE-AZRTOS-WB.2.0.0
2024-07-16 22:53:15,730 [WARN] ConditionMgr:1039 - genDependencies : Invalid condition id : UX DEVICE CLASS RTOS Condition cause : null
2024-07-16 22:53:15,730 [WARN] ConditionMgr:1039 - genDependencies : Invalid condition id : UX DEVICE CLASS RTOS Condition cause : null
2024-07-16 22:53:15,730 [WARN] ConditionMgr:1039 - genDependencies : Invalid condition id : UX DEVICE CLASS RTOS Condition cause : null
2024-07-16 22:53:15,730 [WARN] ConditionMgr:1039 - genDependencies : Invalid condition id : UX DEVICE CLASS RTOS Condition cause : null
2024-07-16 22:53:15,730 [WARN] ConditionMgr:1039 - genDependencies : Invalid condition id : UX DEVICE CLASS RTOS Condition cause : null
2024-07-16 22:53:15,750 [WARN] PackLoader:240 - Cannot read IP mode file for STMicroelectronics.X-CUBE-SUBG2.5.0.0
2024-07-16 22:53:15,780 [WARN] PackLoader:240 - Cannot read IP mode file for STMicroelectronics.X-CUBE-AZRTOS-G4.2.0.0
2024-07-16 22:53:15,807 [WARN] PackLoader:240 - Cannot read IP mode file for Infineon.AIROC-Wi-Fi-Bluetooth-STM32.1.5.1
2024-07-16 22:53:15,824 [WARN] PackLoader:240 - Cannot read IP mode file for STMicroelectronics.FP-SNS-MOTENVWB1.1.3.1
2024-07-16 22:53:15,840 [WARN] PackLoader:240 - Cannot read IP mode file for STMicroelectronics.X-CUBE-ISPU.2.0.0
2024-07-16 22:53:15,852 [WARN] PackLoader:240 - Cannot read IP mode file for STMicroelectronics.X-CUBE-ALS.1.0.2
2024-07-16 22:53:15,889 [WARN] PackLoader:240 - Cannot read IP mode file for STMicroelectronics.X-CUBE-MEMS1.10.0.0
2024-07-16 22:53:15,967 [WARN] PackLoader:240 - Cannot read IP mode file for STMicroelectronics.X-CUBE-FREERTOS.1.1.0
2024-07-16 22:53:15,978 [WARN] PackLoader:240 - Cannot read IP mode file for STMicroelectronics.X-CUBE-TOUCHGFX.4.24.0
2024-07-16 22:53:15,989 [WARN] PackLoader:240 - Cannot read IP mode file for portGmbH.I-Cube-SoM-uGOAL.1.1.0
2024-07-16 22:53:16,001 [WARN] PackLoader:240 - Cannot read IP mode file for STMicroelectronics.X-CUBE-ALS.1.0.1
2024-07-16 22:53:16,020 [WARN] PackLoader:240 - Cannot read IP mode file for STMicroelectronics.X-CUBE-AZRTOS-H7RS.1.0.0
2024-07-16 22:53:16,032 [WARN] PackLoader:240 - Cannot read IP mode file for STMicroelectronics.FP-ATR-ASTRA1.2.0.0
2024-07-16 22:53:16,049 [WARN] PackLoader:240 - Cannot read IP mode file for STMicroelectronics.X-CUBE-TOF1.3.4.1
2024-07-16 22:53:16,084 [WARN] PackLoader:240 - Cannot read IP mode file for STMicroelectronics.X-CUBE-AZRTOS-H7.3.2.0
2024-07-16 22:53:16,100 [WARN] PackLoader:240 - Cannot read IP mode file for wolfSSL.I-CUBE-wolfSSH.1.4.17
2024-07-16 22:53:16,101 [INFO] ThirdParty:978 - Integrity check success = true
2024-07-16 22:53:16,101 [INFO] IntegrityCheckThread:100 - exiting critical section [integrity check]
2024-07-16 22:53:16,101 [INFO] IntegrityCheckThread:103 - End integrity checks thread
2024-07-16 22:53:16,160 [INFO] WebApp:161 - Instantiating new browser for Auth
2024-07-16 22:53:16,643 [INFO] WebApp:779 - Register for checkConnection events
2024-07-16 22:53:16,643 [INFO] WebApp:414 - Apply proxy settings
2024-07-16 22:53:16,644 [INFO] WebApp:499 - Chromium requires no authentication
2024-07-16 22:53:16,650 [INFO] WebApp:442 - Direct internet connection detected
2024-07-16 22:53:16,777 [INFO] WebApp:192 - Starting web application
2024-07-16 22:53:16,777 [INFO] WebApp:544 - Web application path used C:\ST\STM32CubeIDE_1.15.0\STM32CubeIDE\plugins\com.st.stm32cube.common.mx_6.11.0.202403141607\db\plugins\mcufinder\reactClient1\index.html
