2024-07-24 21:41:35,390 [INFO] Activator:176 - 


2024-07-24 21:41:35,394 [INFO] Activator:177 - !SESSION log4j initialized
2024-07-24 21:41:40,055 [INFO] LogOutputStream:77 - [STDOUT_REDIRECT] 
2024-07-24 21:41:41,779 [INFO] ApplicationProperties:184 - Using Application install path: C:\ST\STM32CubeIDE_1.15.0\STM32CubeIDE\plugins\com.st.stm32cube.common.mx_6.11.0.202403141607
2024-07-24 21:41:41,798 [INFO] DbMcusXml:78 - Set database path to: C:\ST\STM32CubeIDE_1.15.0\STM32CubeIDE\plugins\com.st.stm32cube.common.mx_6.11.0.202403141607\\db\/mcu/
2024-07-24 21:41:41,798 [INFO] ApiDb:274 - Set plugin database path to: C:\ST\STM32CubeIDE_1.15.0\STM32CubeIDE\plugins\com.st.stm32cube.common.mx_6.11.0.202403141607\\db\/plugins/boardmanager/
2024-07-24 21:41:41,798 [WARN] ApiDb:259 - Overriding images path with different value:  => C:\ST\STM32CubeIDE_1.15.0\STM32CubeIDE\plugins\com.st.stm32cube.common.mx_6.11.0.202403141607\\db\/plugins/mcufinder/images/
2024-07-24 21:41:41,814 [INFO] ApiDb:250 - Set database path to: C:\Users\musa\.stmcufinder\plugins\mcufinder//mcu/
2024-07-24 21:41:41,816 [INFO] DbMcusAds:125 - Set database path to: C:\Users\musa\.stmcufinder\plugins\mcufinder//mcu/
2024-07-24 21:41:41,817 [INFO] CrossReferenceDbSqlite:203 - Set database path to: C:\Users\musa\.stmcufinder\plugins\mcufinder//mcu/cs/
2024-07-24 21:41:41,924 [INFO] RulesReader:64 - Compatibility file has been processed (297 Rules)
2024-07-24 21:41:42,011 [INFO] DbMcusXml:78 - Set database path to: C:\ST\STM32CubeIDE_1.15.0\STM32CubeIDE\plugins\com.st.stm32cube.common.mx_6.11.0.202403141607\\db\/mcu/
2024-07-24 21:41:42,012 [INFO] ApiDb:274 - Set plugin database path to: C:\ST\STM32CubeIDE_1.15.0\STM32CubeIDE\plugins\com.st.stm32cube.common.mx_6.11.0.202403141607\\db\/plugins/boardmanager/
2024-07-24 21:41:42,012 [INFO] ApiDb:261 - Set plugin images path to: C:\ST\STM32CubeIDE_1.15.0\STM32CubeIDE\plugins\com.st.stm32cube.common.mx_6.11.0.202403141607\\db\/plugins/mcufinder/images/
2024-07-24 21:41:42,012 [WARN] DbFile:41 - Overriding database path with different value: C:\Users\musa\.stmcufinder\plugins\mcufinder/ => C:\Users\musa\.stmcufinder\plugins\mcufinder
2024-07-24 21:41:42,012 [INFO] ApiDb:250 - Set database path to: C:\Users\musa\.stmcufinder\plugins\mcufinder//mcu/
2024-07-24 21:41:42,012 [WARN] DbFile:41 - Overriding database path with different value: C:\Users\musa\.stmcufinder\plugins\mcufinder/ => C:\Users\musa\.stmcufinder\plugins\mcufinder
2024-07-24 21:41:42,012 [INFO] DbMcusAds:125 - Set database path to: C:\Users\musa\.stmcufinder\plugins\mcufinder//mcu/
2024-07-24 21:41:42,012 [WARN] DbFile:41 - Overriding database path with different value: C:\Users\musa\.stmcufinder\plugins\mcufinder/ => C:\Users\musa\.stmcufinder\plugins\mcufinder
2024-07-24 21:41:42,012 [WARN] DbFile:41 - Overriding database path with different value: C:\Users\musa\.stmcufinder\plugins\mcufinder/ => C:\Users\musa\.stmcufinder\plugins\mcufinder
2024-07-24 21:41:42,013 [INFO] CrossReferenceDbSqlite:203 - Set database path to: C:\Users\musa\.stmcufinder\plugins\mcufinder//mcu/cs/
2024-07-24 21:41:42,086 [INFO] MainPanel:264 - HeapMemory: 268435456
2024-07-24 21:41:42,177 [INFO] DbMcusXml:78 - Set database path to: C:\ST\STM32CubeIDE_1.15.0\STM32CubeIDE\plugins\com.st.stm32cube.common.mx_6.11.0.202403141607\\db\/mcu/
2024-07-24 21:41:42,178 [INFO] ApiDb:274 - Set plugin database path to: C:\ST\STM32CubeIDE_1.15.0\STM32CubeIDE\plugins\com.st.stm32cube.common.mx_6.11.0.202403141607\\db\/plugins/boardmanager/
2024-07-24 21:41:42,178 [INFO] ApiDb:261 - Set plugin images path to: C:\ST\STM32CubeIDE_1.15.0\STM32CubeIDE\plugins\com.st.stm32cube.common.mx_6.11.0.202403141607\\db\/plugins/mcufinder/images/
2024-07-24 21:41:42,178 [WARN] DbFile:41 - Overriding database path with different value: C:\Users\musa\.stmcufinder\plugins\mcufinder/ => C:\Users\musa\.stmcufinder\plugins\mcufinder
2024-07-24 21:41:42,178 [INFO] ApiDb:250 - Set database path to: C:\Users\musa\.stmcufinder\plugins\mcufinder//mcu/
2024-07-24 21:41:42,178 [WARN] DbFile:41 - Overriding database path with different value: C:\Users\musa\.stmcufinder\plugins\mcufinder/ => C:\Users\musa\.stmcufinder\plugins\mcufinder
2024-07-24 21:41:42,178 [INFO] DbMcusAds:125 - Set database path to: C:\Users\musa\.stmcufinder\plugins\mcufinder//mcu/
2024-07-24 21:41:42,178 [WARN] DbFile:41 - Overriding database path with different value: C:\Users\musa\.stmcufinder\plugins\mcufinder/ => C:\Users\musa\.stmcufinder\plugins\mcufinder
2024-07-24 21:41:42,178 [WARN] DbFile:41 - Overriding database path with different value: C:\Users\musa\.stmcufinder\plugins\mcufinder/ => C:\Users\musa\.stmcufinder\plugins\mcufinder
2024-07-24 21:41:42,178 [INFO] CrossReferenceDbSqlite:203 - Set database path to: C:\Users\musa\.stmcufinder\plugins\mcufinder//mcu/cs/
2024-07-24 21:41:42,194 [INFO] ApplicationProperties:184 - Using Application install path: C:\ST\STM32CubeIDE_1.15.0\STM32CubeIDE\plugins\com.st.stm32cube.common.mx_6.11.0.202403141607
2024-07-24 21:41:42,196 [INFO] PluginManage:196 - Search for loadable plugins [exclusion list=, ]
2024-07-24 21:41:42,197 [INFO] PluginManage:310 - Check plugin analytics
2024-07-24 21:41:42,388 [INFO] AnalyticsPlugin:253 - Accepted Software Licenses: STM32CubeMX.6.11.0
2024-07-24 21:41:42,388 [INFO] AnalyticsPlugin:255 - Accepted CMSIS Pack Licenses: 
2024-07-24 21:41:42,388 [INFO] AnalyticsPlugin:257 - Accepted Firmware Licenses: FW.WB.1.19.0,FW.WB.1.18.0,FW.L4.1.18.0
2024-07-24 21:41:42,391 [INFO] PluginManage:359 - Loaded plugin analytics (category:tool,tabindex:-1)
2024-07-24 21:41:42,391 [INFO] PluginManage:310 - Check plugin cadmodel
2024-07-24 21:41:42,410 [INFO] CADModel:105 - Init CAD model plugin
2024-07-24 21:41:42,411 [INFO] PluginManage:359 - Loaded plugin cadmodel (category:power,tabindex:5)
2024-07-24 21:41:42,411 [INFO] PluginManage:310 - Check plugin clock
2024-07-24 21:41:42,439 [INFO] PluginManage:359 - Loaded plugin clock (category:base,tabindex:2)
2024-07-24 21:41:42,439 [INFO] PluginManage:310 - Check plugin ddr
2024-07-24 21:41:42,443 [INFO] PluginManage:359 - Loaded plugin ddr (category:tool,tabindex:6)
2024-07-24 21:41:42,444 [INFO] PluginManage:310 - Check plugin filemanager
2024-07-24 21:41:42,606 [INFO] PluginManage:359 - Loaded plugin filemanager (category:base,tabindex:10)
2024-07-24 21:41:42,606 [INFO] PluginManage:310 - Check plugin ipmanager
2024-07-24 21:41:42,613 [INFO] PluginManage:359 - Loaded plugin ipmanager (category:base,tabindex:5)
2024-07-24 21:41:42,613 [INFO] PluginManage:310 - Check plugin lpbam
2024-07-24 21:41:42,630 [INFO] PluginManage:359 - Loaded plugin lpbam (category:base,tabindex:0)
2024-07-24 21:41:42,631 [INFO] PluginManage:310 - Check plugin memorymap
2024-07-24 21:41:42,651 [INFO] PluginManage:359 - Loaded plugin memorymap (category:base,tabindex:4)
2024-07-24 21:41:42,651 [INFO] PluginManage:310 - Check plugin pinoutandconfiguration
2024-07-24 21:41:42,665 [INFO] PluginManage:359 - Loaded plugin pinoutandconfiguration (category:base,tabindex:1)
2024-07-24 21:41:42,665 [INFO] PluginManage:310 - Check plugin pinoutconfig
2024-07-24 21:41:42,739 [WARN] SupportedApi:132 - Cannot load RTOS API schema: s4s-elt-must-match.1: The content of 'definitions' must match (annotation?, (simpleType | complexType)?, (unique | key | keyref)*)). A problem was found starting at: attribute.
2024-07-24 21:41:42,845 [INFO] PluginManage:359 - Loaded plugin pinoutconfig (category:base,tabindex:0)
2024-07-24 21:41:42,845 [INFO] PluginManage:310 - Check plugin power
2024-07-24 21:41:42,862 [INFO] PluginManage:359 - Loaded plugin power (category:power,tabindex:4)
2024-07-24 21:41:42,862 [INFO] PluginManage:310 - Check plugin projectmanager
2024-07-24 21:41:42,874 [INFO] PluginManage:359 - Loaded plugin projectmanager (category:projectmanager,tabindex:3)
2024-07-24 21:41:42,874 [INFO] PluginManage:310 - Check plugin thirdparty
2024-07-24 21:41:43,090 [INFO] PluginManage:359 - Loaded plugin thirdparty (category:base,tabindex:-1)
2024-07-24 21:41:43,091 [INFO] PluginManage:310 - Check plugin tools
2024-07-24 21:41:43,091 [WARN] IntegrityCheckThread:84 - waiting for thirdparty lock release [integrity check]
2024-07-24 21:41:43,091 [INFO] IntegrityCheckThread:86 - entering critical section [integrity check]
2024-07-24 21:41:43,092 [INFO] ThirdPartyUpdaterWithRetryManager:70 - Updater plugin not ready yet. [1/15]
2024-07-24 21:41:43,121 [INFO] PluginManage:359 - Loaded plugin tools (category:base,tabindex:7)
2024-07-24 21:41:43,121 [INFO] PluginManage:310 - Check plugin tutovideos
2024-07-24 21:41:43,273 [INFO] PluginManage:359 - Loaded plugin tutovideos (category:base,tabindex:-1)
2024-07-24 21:41:43,273 [INFO] PluginManage:310 - Check plugin updater
2024-07-24 21:41:43,283 [INFO] PluginManage:359 - Loaded plugin updater (category:base,tabindex:12)
2024-07-24 21:41:43,283 [INFO] PluginManage:310 - Check plugin userauth
2024-07-24 21:41:43,289 [INFO] UserAuth:114 - Init User Auth plugin
2024-07-24 21:41:43,289 [INFO] PluginManage:359 - Loaded plugin userauth (category:base,tabindex:14)
2024-07-24 21:41:43,289 [INFO] PluginManage:283 - PluginManage : Loaded plugins [17]
2024-07-24 21:41:43,462 [INFO] PinOutPanel:1561 - setPackage(No Configuration,No Configuration)
2024-07-24 21:41:43,533 [INFO] CADModel:165 - CPN selected for project level
2024-07-24 21:41:43,533 [INFO] CADModel:114 - Register for checkConnection events
2024-07-24 21:41:43,562 [INFO] IPUIPlugin:80 - create IPUIPlugin
2024-07-24 21:41:43,562 [INFO] PluginManager:220 - loadIPPluginJar : add adc
2024-07-24 21:41:43,591 [INFO] IPUIPlugin:80 - create IPUIPlugin
2024-07-24 21:41:43,592 [INFO] PluginManager:220 - loadIPPluginJar : add aes
2024-07-24 21:41:43,624 [INFO] IPUIPlugin:80 - create IPUIPlugin
2024-07-24 21:41:43,624 [INFO] PluginManager:220 - loadIPPluginJar : add can
2024-07-24 21:41:43,641 [INFO] IPUIPlugin:80 - create IPUIPlugin
2024-07-24 21:41:43,641 [INFO] PluginManager:220 - loadIPPluginJar : add comp
2024-07-24 21:41:43,669 [INFO] IPUIPlugin:80 - create IPUIPlugin
2024-07-24 21:41:43,669 [INFO] PluginManager:220 - loadIPPluginJar : add cryp
2024-07-24 21:41:43,690 [INFO] IPUIPlugin:80 - create IPUIPlugin
2024-07-24 21:41:43,691 [INFO] PluginManager:220 - loadIPPluginJar : add dfsdm
2024-07-24 21:41:43,702 [INFO] IPUIPlugin:80 - create IPUIPlugin
2024-07-24 21:41:43,702 [INFO] PluginManager:220 - loadIPPluginJar : add dma
2024-07-24 21:41:43,738 [INFO] IPUIPlugin:80 - create IPUIPlugin
2024-07-24 21:41:43,738 [INFO] PluginManager:220 - loadIPPluginJar : add dma3
2024-07-24 21:41:43,774 [INFO] IPUIPlugin:80 - create IPUIPlugin
2024-07-24 21:41:43,774 [INFO] PluginManager:220 - loadIPPluginJar : add extmemmanager
2024-07-24 21:41:43,792 [INFO] IPUIPlugin:80 - create IPUIPlugin
2024-07-24 21:41:43,792 [INFO] PluginManager:220 - loadIPPluginJar : add fatfs
2024-07-24 21:41:43,826 [INFO] IPUIPlugin:80 - create IPUIPlugin
2024-07-24 21:41:43,826 [INFO] PluginManager:220 - loadIPPluginJar : add fmc
2024-07-24 21:41:43,837 [INFO] IPUIPlugin:80 - create IPUIPlugin
2024-07-24 21:41:43,838 [INFO] PluginManager:220 - loadIPPluginJar : add freertos
2024-07-24 21:41:43,853 [INFO] IPUIPlugin:80 - create IPUIPlugin
2024-07-24 21:41:43,853 [INFO] PluginManager:220 - loadIPPluginJar : add genericplugin
2024-07-24 21:41:43,919 [INFO] IPUIPlugin:80 - create IPUIPlugin
2024-07-24 21:41:43,919 [INFO] PluginManager:220 - loadIPPluginJar : add gfxmmu
2024-07-24 21:41:44,006 [INFO] IPUIPlugin:80 - create IPUIPlugin
2024-07-24 21:41:44,007 [INFO] PluginManager:220 - loadIPPluginJar : add gic
2024-07-24 21:41:44,016 [INFO] IPUIPlugin:80 - create IPUIPlugin
2024-07-24 21:41:44,017 [INFO] PluginManager:220 - loadIPPluginJar : add gpio
2024-07-24 21:41:44,078 [INFO] IPUIPlugin:80 - create IPUIPlugin
2024-07-24 21:41:44,078 [INFO] PluginManager:220 - loadIPPluginJar : add gtzc
2024-07-24 21:41:44,105 [INFO] IPUIPlugin:80 - create IPUIPlugin
2024-07-24 21:41:44,105 [INFO] PluginManager:220 - loadIPPluginJar : add hash
2024-07-24 21:41:44,144 [INFO] IPUIPlugin:80 - create IPUIPlugin
2024-07-24 21:41:44,144 [INFO] PluginManager:220 - loadIPPluginJar : add i2c
2024-07-24 21:41:44,171 [INFO] IPUIPlugin:80 - create IPUIPlugin
2024-07-24 21:41:44,171 [INFO] PluginManager:220 - loadIPPluginJar : add i2s
2024-07-24 21:41:44,204 [INFO] IPUIPlugin:80 - create IPUIPlugin
2024-07-24 21:41:44,205 [INFO] PluginManager:220 - loadIPPluginJar : add i3c
2024-07-24 21:41:44,273 [INFO] IPUIPlugin:80 - create IPUIPlugin
2024-07-24 21:41:44,273 [INFO] PluginManager:220 - loadIPPluginJar : add ipddr
2024-07-24 21:41:44,337 [INFO] IPUIPlugin:80 - create IPUIPlugin
2024-07-24 21:41:44,337 [INFO] PluginManager:220 - loadIPPluginJar : add linkedlist
2024-07-24 21:41:44,363 [INFO] IPUIPlugin:80 - create IPUIPlugin
2024-07-24 21:41:44,363 [INFO] PluginManager:220 - loadIPPluginJar : add lorawan
2024-07-24 21:41:44,391 [INFO] IPUIPlugin:80 - create IPUIPlugin
2024-07-24 21:41:44,391 [INFO] PluginManager:220 - loadIPPluginJar : add ltdc
2024-07-24 21:41:44,403 [INFO] IPUIPlugin:80 - create IPUIPlugin
2024-07-24 21:41:44,403 [INFO] PluginManager:220 - loadIPPluginJar : add mdma
2024-07-24 21:41:44,414 [INFO] IPUIPlugin:80 - create IPUIPlugin
2024-07-24 21:41:44,414 [INFO] PluginManager:220 - loadIPPluginJar : add nvic
2024-07-24 21:41:44,441 [INFO] IPUIPlugin:80 - create IPUIPlugin
2024-07-24 21:41:44,441 [INFO] PluginManager:220 - loadIPPluginJar : add opamp
2024-07-24 21:41:44,490 [INFO] IPUIPlugin:80 - create IPUIPlugin
2024-07-24 21:41:44,490 [INFO] PluginManager:220 - loadIPPluginJar : add openamp
2024-07-24 21:41:44,521 [INFO] IPUIPlugin:80 - create IPUIPlugin
2024-07-24 21:41:44,521 [INFO] PluginManager:220 - loadIPPluginJar : add pdm2pcm
2024-07-24 21:41:44,532 [INFO] IPUIPlugin:80 - create IPUIPlugin
2024-07-24 21:41:44,534 [INFO] PluginManager:220 - loadIPPluginJar : add plateformsettings
2024-07-24 21:41:44,551 [INFO] IPUIPlugin:80 - create IPUIPlugin
2024-07-24 21:41:44,551 [INFO] PluginManager:220 - loadIPPluginJar : add quadspi
2024-07-24 21:41:44,561 [INFO] IPUIPlugin:80 - create IPUIPlugin
2024-07-24 21:41:44,561 [INFO] PluginManager:220 - loadIPPluginJar : add resmgrutility
2024-07-24 21:41:44,595 [INFO] IPUIPlugin:80 - create IPUIPlugin
2024-07-24 21:41:44,595 [INFO] PluginManager:220 - loadIPPluginJar : add sai
2024-07-24 21:41:44,621 [INFO] IPUIPlugin:80 - create IPUIPlugin
2024-07-24 21:41:44,621 [INFO] PluginManager:220 - loadIPPluginJar : add spi
2024-07-24 21:41:44,671 [INFO] IPUIPlugin:80 - create IPUIPlugin
2024-07-24 21:41:44,671 [INFO] PluginManager:220 - loadIPPluginJar : add stm32_wpan
2024-07-24 21:41:44,689 [INFO] IPUIPlugin:80 - create IPUIPlugin
2024-07-24 21:41:44,689 [INFO] PluginManager:220 - loadIPPluginJar : add tim
2024-07-24 21:41:44,731 [INFO] IPUIPlugin:80 - create IPUIPlugin
2024-07-24 21:41:44,732 [INFO] PluginManager:220 - loadIPPluginJar : add touchsensing
2024-07-24 21:41:44,750 [INFO] IPUIPlugin:80 - create IPUIPlugin
2024-07-24 21:41:44,750 [INFO] PluginManager:220 - loadIPPluginJar : add tracer_emb
2024-07-24 21:41:44,773 [INFO] IPUIPlugin:80 - create IPUIPlugin
2024-07-24 21:41:44,773 [INFO] PluginManager:220 - loadIPPluginJar : add ts
2024-07-24 21:41:44,790 [INFO] IPUIPlugin:80 - create IPUIPlugin
2024-07-24 21:41:44,790 [INFO] PluginManager:220 - loadIPPluginJar : add tsc
2024-07-24 21:41:44,810 [INFO] IPUIPlugin:80 - create IPUIPlugin
2024-07-24 21:41:44,810 [INFO] PluginManager:220 - loadIPPluginJar : add ucpd
2024-07-24 21:41:44,841 [INFO] IPUIPlugin:80 - create IPUIPlugin
2024-07-24 21:41:44,842 [INFO] PluginManager:220 - loadIPPluginJar : add usart
2024-07-24 21:41:44,876 [INFO] IPUIPlugin:80 - create IPUIPlugin
2024-07-24 21:41:44,877 [INFO] PluginManager:220 - loadIPPluginJar : add usbx
2024-07-24 21:41:44,987 [INFO] CADModel:165 - CPN selected for project level
2024-07-24 21:41:44,987 [INFO] CADModel:114 - Register for checkConnection events
2024-07-24 21:41:44,987 [FATAL] Updater:308 - Updater called before beeing initialized
2024-07-24 21:41:44,988 [ERROR] CADModel:125 - Updater not yet initialized, retry later 
2024-07-24 21:41:45,104 [INFO] CADModel:165 - CPN selected for project level
2024-07-24 21:41:45,104 [INFO] CADModel:114 - Register for checkConnection events
2024-07-24 21:41:45,104 [FATAL] Updater:308 - Updater called before beeing initialized
2024-07-24 21:41:45,104 [ERROR] CADModel:125 - Updater not yet initialized, retry later 
2024-07-24 21:41:45,108 [FATAL] Updater:308 - Updater called before beeing initialized
2024-07-24 21:41:45,184 [FATAL] Updater:308 - Updater called before beeing initialized
2024-07-24 21:41:45,192 [INFO] DbMcusAds:53 - JSON generation date=Thu May 16 12:22:00 TRT 2024 (1715851320667)
2024-07-24 21:41:45,192 [FATAL] Updater:308 - Updater called before beeing initialized
2024-07-24 21:41:45,220 [WARN] DetailPanel:346 - Failed to get advertising image, set to default
2024-07-24 21:41:45,278 [FATAL] Updater:308 - Updater called before beeing initialized
2024-07-24 21:41:45,280 [FATAL] Updater:308 - Updater called before beeing initialized
2024-07-24 21:41:45,280 [FATAL] Updater:308 - Updater called before beeing initialized
2024-07-24 21:41:45,280 [WARN] DetailPanel:346 - Failed to get advertising image, set to default
2024-07-24 21:41:45,281 [FATAL] Updater:308 - Updater called before beeing initialized
2024-07-24 21:41:45,323 [ERROR] Updater:1120 - MainUpdater not yet initialized. External WinMGr cannot be set.
2024-07-24 21:41:45,331 [INFO] Updater:1056 - Updater Version found : 6.11.0
2024-07-24 21:41:45,349 [INFO] ApplicationProperties:184 - Using Application install path: C:\ST\STM32CubeIDE_1.15.0\STM32CubeIDE\plugins\com.st.stm32cube.common.mx_6.11.0.202403141607
2024-07-24 21:41:46,093 [INFO] ThirdPartyUpdaterWithRetryManager:70 - Updater plugin not ready yet. [2/15]
2024-07-24 21:41:46,932 [ERROR] LogOutputStream:75 - [STDERR_REDIRECT] Jul 24, 2024 9:41:46 PM java.util.prefs.WindowsPreferences <init>
2024-07-24 21:41:46,934 [ERROR] LogOutputStream:75 - [STDERR_REDIRECT] WARNING: Could not open/create prefs root node Software\JavaSoft\Prefs at root 0xffffffff80000002. Windows RegCreateKeyEx(...) returned error code 5.
2024-07-24 21:41:46,934 [ERROR] LogOutputStream:75 - [STDERR_REDIRECT] 
2024-07-24 21:41:47,227 [INFO] MainUpdater:2873 - connection check result : 10
2024-07-24 21:41:47,228 [INFO] MainUpdater:290 - Updater Check For Update Now.
2024-07-24 21:41:47,228 [INFO] MicroXplorer:498 - Change Database Version : DB.6.0.110
2024-07-24 21:41:47,246 [INFO] McuFinderGlobals:63 - Set McuFinder mode to 2 (CubeIDE integrated)
2024-07-24 21:41:47,258 [INFO] UserAuth:415 - Internet connection configuration mode: 1
2024-07-24 21:41:47,286 [INFO] JxBrowserEngine:152 - Initiate JxBrowser Engine with user profile folder
2024-07-24 21:41:47,414 [INFO] CheckServerUpdateThread:120 - End of CheckServer Thread
2024-07-24 21:41:49,247 [WARN] PackLoader:240 - Cannot read IP mode file for STMicroelectronics.FP-SNS-MOTENVWB1.1.4.0
2024-07-24 21:41:49,260 [WARN] PackLoader:240 - Cannot read IP mode file for STMicroelectronics.X-CUBE-SMBUS.2.1.0
2024-07-24 21:41:49,269 [WARN] PackLoader:240 - Cannot read IP mode file for STMicroelectronics.X-CUBE-TOUCHGFX.4.23.1
2024-07-24 21:41:49,277 [WARN] PackLoader:240 - Cannot read IP mode file for STMicroelectronics.X-CUBE-TOUCHGFX.4.23.0
2024-07-24 21:41:49,284 [WARN] PackLoader:240 - Cannot read IP mode file for STMicroelectronics.X-CUBE-TOUCHGFX.4.23.2
2024-07-24 21:41:49,312 [WARN] PackLoader:240 - Cannot read IP mode file for STMicroelectronics.X-CUBE-AZRTOS-F7.1.1.0
2024-07-24 21:41:49,325 [WARN] PackLoader:240 - Cannot read IP mode file for STMicroelectronics.FP-SNS-MOTENV1.4.3.2
2024-07-24 21:41:49,336 [WARN] PackLoader:240 - Cannot read IP mode file for STMicroelectronics.FP-SNS-FLIGHT1.5.0.2
2024-07-24 21:41:49,348 [WARN] PackLoader:240 - Cannot read IP mode file for STMicroelectronics.X-CUBE-DISPLAY.3.0.0
2024-07-24 21:41:49,364 [WARN] PackLoader:240 - Cannot read IP mode file for STMicroelectronics.X-CUBE-BLE1.7.0.0
2024-07-24 21:41:49,375 [WARN] PackLoader:240 - Cannot read IP mode file for emotas.I-CUBE-CANOPEN.1.3.0
2024-07-24 21:41:49,386 [WARN] PackLoader:240 - Cannot read IP mode file for STMicroelectronics.X-CUBE-BLEMGR.3.1.0
2024-07-24 21:41:49,401 [WARN] PackLoader:240 - Cannot read IP mode file for STMicroelectronics.FP-SNS-SMARTAG2.1.2.0
2024-07-24 21:41:49,414 [INFO] LogOutputStream:77 - [STDOUT_REDIRECT] 1 : Invalid condition id : UX_CORESTACK_Condition cause : null
2024-07-24 21:41:49,414 [INFO] LogOutputStream:77 - [STDOUT_REDIRECT] 1 : Invalid condition id : UX_CORESTACK_Condition cause : null
2024-07-24 21:41:49,415 [INFO] LogOutputStream:77 - [STDOUT_REDIRECT] 1 : Invalid condition id : UX_CORESTACK_Condition cause : null
2024-07-24 21:41:49,416 [INFO] LogOutputStream:77 - [STDOUT_REDIRECT] 1 : Invalid condition id : UX_CORESTACK_Condition cause : null
2024-07-24 21:41:49,416 [INFO] LogOutputStream:77 - [STDOUT_REDIRECT] 1 : Invalid condition id : UX_CORESTACK_Condition cause : null
2024-07-24 21:41:49,418 [WARN] PackLoader:240 - Cannot read IP mode file for STMicroelectronics.X-CUBE-AZRTOS-WL.2.0.0
2024-07-24 21:41:49,426 [WARN] PackLoader:240 - Cannot read IP mode file for STMicroelectronics.FP-SNS-MOTENV1.5.0.0
2024-07-24 21:41:49,434 [WARN] PackLoader:240 - Cannot read IP mode file for wolfSSL.I-CUBE-wolfMQTT.1.19.0
2024-07-24 21:41:49,443 [WARN] PackLoader:240 - Cannot read IP mode file for WES.I-CUBE-Cesium.1.3.0
2024-07-24 21:41:49,451 [WARN] PackLoader:240 - Cannot read IP mode file for STMicroelectronics.X-CUBE-BLE2.3.3.0
2024-07-24 21:41:49,461 [WARN] PackLoader:240 - Cannot read IP mode file for STMicroelectronics.X-CUBE-TCPP.4.1.0
2024-07-24 21:41:49,473 [WARN] PackLoader:240 - Cannot read IP mode file for STMicroelectronics.X-CUBE-ALGOBUILD.1.3.0
2024-07-24 21:41:49,489 [WARN] PackLoader:240 - Cannot read IP mode file for STMicroelectronics.X-CUBE-AZRTOS-G0.1.1.0
2024-07-24 21:41:49,501 [WARN] PackLoader:240 - Cannot read IP mode file for STMicroelectronics.X-CUBE-SAFEA1.1.2.2
2024-07-24 21:41:49,512 [WARN] PackLoader:240 - Cannot read IP mode file for STMicroelectronics.X-CUBE-NFC4.3.0.0
2024-07-24 21:41:49,520 [WARN] PackLoader:240 - Cannot read IP mode file for wolfSSL.I-CUBE-wolfMQTT.1.18.0
2024-07-24 21:41:49,533 [WARN] PackLoader:240 - Cannot read IP mode file for EmbeddedOffice.I-CUBE-FS-RTOS.1.0.1
2024-07-24 21:41:49,533 [ERROR] ConditionMgr:805 - Attr not supported : Dmpu
2024-07-24 21:41:49,533 [ERROR] ConditionMgr:805 - Attr not supported : Dmpu
2024-07-24 21:41:49,533 [ERROR] ConditionMgr:805 - Attr not supported : Dmpu
2024-07-24 21:41:49,533 [ERROR] ConditionMgr:805 - Attr not supported : Dmpu
2024-07-24 21:41:49,533 [ERROR] ConditionMgr:805 - Attr not supported : Dmpu
2024-07-24 21:41:49,533 [ERROR] ConditionMgr:805 - Attr not supported : Dmpu
2024-07-24 21:41:49,533 [ERROR] ConditionMgr:805 - Attr not supported : Dmpu
2024-07-24 21:41:49,533 [ERROR] ConditionMgr:805 - Attr not supported : Dmpu
2024-07-24 21:41:49,533 [ERROR] ConditionMgr:805 - Attr not supported : Dmpu
2024-07-24 21:41:49,533 [ERROR] ConditionMgr:805 - Attr not supported : Dmpu
2024-07-24 21:41:49,534 [ERROR] ConditionMgr:805 - Attr not supported : Dmpu
2024-07-24 21:41:49,534 [ERROR] ConditionMgr:805 - Attr not supported : Dmpu
2024-07-24 21:41:49,534 [ERROR] ConditionMgr:805 - Attr not supported : Dmpu
2024-07-24 21:41:49,534 [ERROR] ConditionMgr:805 - Attr not supported : Dmpu
2024-07-24 21:41:49,534 [ERROR] ConditionMgr:805 - Attr not supported : Dmpu
2024-07-24 21:41:49,534 [ERROR] ConditionMgr:805 - Attr not supported : Dmpu
2024-07-24 21:41:49,534 [ERROR] ConditionMgr:805 - Attr not supported : Dmpu
2024-07-24 21:41:49,534 [ERROR] ConditionMgr:805 - Attr not supported : Dmpu
2024-07-24 21:41:49,534 [ERROR] ConditionMgr:805 - Attr not supported : Dmpu
2024-07-24 21:41:49,534 [ERROR] ConditionMgr:805 - Attr not supported : Dmpu
2024-07-24 21:41:49,534 [ERROR] ConditionMgr:805 - Attr not supported : Dmpu
2024-07-24 21:41:49,534 [ERROR] ConditionMgr:805 - Attr not supported : Dmpu
2024-07-24 21:41:49,534 [ERROR] ConditionMgr:805 - Attr not supported : Dmpu
2024-07-24 21:41:49,534 [ERROR] ConditionMgr:805 - Attr not supported : Dmpu
2024-07-24 21:41:49,534 [ERROR] ConditionMgr:805 - Attr not supported : Dmpu
2024-07-24 21:41:49,534 [ERROR] ConditionMgr:805 - Attr not supported : Dmpu
2024-07-24 21:41:49,534 [ERROR] ConditionMgr:805 - Attr not supported : Dmpu
2024-07-24 21:41:49,534 [ERROR] ConditionMgr:805 - Attr not supported : Dmpu
2024-07-24 21:41:49,534 [ERROR] ConditionMgr:805 - Attr not supported : Dmpu
2024-07-24 21:41:49,534 [ERROR] ConditionMgr:805 - Attr not supported : Dmpu
2024-07-24 21:41:49,534 [ERROR] ConditionMgr:805 - Attr not supported : Dmpu
2024-07-24 21:41:49,534 [ERROR] ConditionMgr:805 - Attr not supported : Dmpu
2024-07-24 21:41:49,534 [ERROR] ConditionMgr:805 - Attr not supported : Dmpu
2024-07-24 21:41:49,534 [ERROR] ConditionMgr:805 - Attr not supported : Dmpu
2024-07-24 21:41:49,534 [ERROR] ConditionMgr:805 - Attr not supported : Dmpu
2024-07-24 21:41:49,534 [ERROR] ConditionMgr:805 - Attr not supported : Dmpu
2024-07-24 21:41:49,534 [ERROR] ConditionMgr:805 - Attr not supported : Dmpu
2024-07-24 21:41:49,535 [ERROR] ConditionMgr:805 - Attr not supported : Dmpu
2024-07-24 21:41:49,535 [ERROR] ConditionMgr:805 - Attr not supported : Dmpu
2024-07-24 21:41:49,535 [ERROR] ConditionMgr:805 - Attr not supported : Dmpu
2024-07-24 21:41:49,535 [ERROR] ConditionMgr:805 - Attr not supported : Dmpu
2024-07-24 21:41:49,535 [ERROR] ConditionMgr:805 - Attr not supported : Dmpu
2024-07-24 21:41:49,535 [ERROR] ConditionMgr:805 - Attr not supported : Dmpu
2024-07-24 21:41:49,535 [ERROR] ConditionMgr:805 - Attr not supported : Dmpu
2024-07-24 21:41:49,535 [ERROR] ConditionMgr:805 - Attr not supported : Dmpu
2024-07-24 21:41:49,535 [ERROR] ConditionMgr:805 - Attr not supported : Dmpu
2024-07-24 21:41:49,535 [ERROR] ConditionMgr:805 - Attr not supported : Dmpu
2024-07-24 21:41:49,535 [ERROR] ConditionMgr:805 - Attr not supported : Dmpu
2024-07-24 21:41:49,535 [ERROR] ConditionMgr:805 - Attr not supported : Dmpu
2024-07-24 21:41:49,535 [ERROR] ConditionMgr:805 - Attr not supported : Dmpu
2024-07-24 21:41:49,535 [ERROR] ConditionMgr:805 - Attr not supported : Dmpu
2024-07-24 21:41:49,535 [ERROR] ConditionMgr:805 - Attr not supported : Dmpu
2024-07-24 21:41:49,535 [ERROR] ConditionMgr:805 - Attr not supported : Dmpu
2024-07-24 21:41:49,535 [ERROR] ConditionMgr:805 - Attr not supported : Dmpu
2024-07-24 21:41:49,535 [ERROR] ConditionMgr:805 - Attr not supported : Dmpu
2024-07-24 21:41:49,535 [ERROR] ConditionMgr:805 - Attr not supported : Dmpu
2024-07-24 21:41:49,535 [ERROR] ConditionMgr:805 - Attr not supported : Dmpu
2024-07-24 21:41:49,535 [ERROR] ConditionMgr:805 - Attr not supported : Dmpu
2024-07-24 21:41:49,535 [ERROR] ConditionMgr:805 - Attr not supported : Dmpu
2024-07-24 21:41:49,535 [ERROR] ConditionMgr:805 - Attr not supported : Dmpu
2024-07-24 21:41:49,535 [ERROR] ConditionMgr:805 - Attr not supported : Dmpu
2024-07-24 21:41:49,535 [ERROR] ConditionMgr:805 - Attr not supported : Dmpu
2024-07-24 21:41:49,535 [ERROR] ConditionMgr:805 - Attr not supported : Dmpu
2024-07-24 21:41:49,535 [ERROR] ConditionMgr:805 - Attr not supported : Dmpu
2024-07-24 21:41:49,545 [WARN] PackLoader:240 - Cannot read IP mode file for RealThread.X-CUBE-RT-Thread_Nano.4.1.1
2024-07-24 21:41:49,556 [WARN] PackLoader:240 - Cannot read IP mode file for STMicroelectronics.FP-ATR-SIGFOX1.3.2.0
2024-07-24 21:41:49,567 [WARN] PackLoader:240 - Cannot read IP mode file for STMicroelectronics.X-CUBE-EEPRMA1.5.1.0
2024-07-24 21:41:49,595 [WARN] PackLoader:240 - Cannot read IP mode file for SEGGER.I-CUBE-embOS.1.3.1
2024-07-24 21:41:49,625 [WARN] PackLoader:240 - Cannot read IP mode file for STMicroelectronics.X-CUBE-ALGOBUILD.1.4.0
2024-07-24 21:41:49,635 [WARN] PackLoader:240 - Cannot read IP mode file for STMicroelectronics.X-CUBE-GNSS1.6.0.0
2024-07-24 21:41:49,655 [WARN] PackLoader:240 - Cannot read IP mode file for STMicroelectronics.X-CUBE-AZRTOS-F4.1.1.0
2024-07-24 21:41:49,674 [WARN] PackLoader:240 - Cannot read IP mode file for STMicroelectronics.X-CUBE-FREERTOS.1.2.0
2024-07-24 21:41:49,687 [WARN] PackLoader:240 - Cannot read IP mode file for wolfSSL.I-CUBE-wolfSSL.5.6.6
2024-07-24 21:41:49,715 [WARN] PackLoader:240 - Cannot read IP mode file for STMicroelectronics.X-CUBE-AZRTOS-L5.2.0.0
2024-07-24 21:41:49,732 [WARN] PackLoader:240 - Cannot read IP mode file for STMicroelectronics.X-CUBE-NFC6.3.1.0
2024-07-24 21:41:49,746 [WARN] PackLoader:240 - Cannot read IP mode file for ITTIA_DB.I-CUBE-ITTIADB.8.8.0
2024-07-24 21:41:49,758 [WARN] PackLoader:240 - Cannot read IP mode file for STMicroelectronics.X-CUBE-DPower.1.2.0
2024-07-24 21:41:49,769 [WARN] PackLoader:240 - Cannot read IP mode file for STMicroelectronics.X-CUBE-AI.9.0.0
2024-07-24 21:41:49,782 [WARN] PackLoader:240 - Cannot read IP mode file for STMicroelectronics.X-CUBE-NFC7.1.0.1
2024-07-24 21:41:49,797 [WARN] PackLoader:240 - Cannot read IP mode file for wolfSSL.I-CUBE-wolfTPM.3.2.0
2024-07-24 21:41:49,808 [WARN] PackLoader:240 - Cannot read IP mode file for STMicroelectronics.X-CUBE-AI.8.1.0
2024-07-24 21:41:49,831 [WARN] ConditionMgr:438 - getConditionDescription Invalid condition id : LAN8742 Phy interface Condition cause : null
2024-07-24 21:41:49,832 [WARN] PackLoader:240 - Cannot read IP mode file for STMicroelectronics.X-CUBE-AZRTOS-L4.2.0.0
2024-07-24 21:41:49,832 [WARN] ConditionMgr:1039 - genDependencies : Invalid condition id : LAN8742 Phy interface Condition cause : null
2024-07-24 21:41:49,833 [WARN] ConditionMgr:1039 - genDependencies : Invalid condition id : LAN8742 Phy interface Condition cause : null
2024-07-24 21:41:49,833 [WARN] ConditionMgr:1039 - genDependencies : Invalid condition id : LAN8742 Phy interface Condition cause : null
2024-07-24 21:41:49,846 [WARN] PackLoader:240 - Cannot read IP mode file for STMicroelectronics.X-CUBE-SFXS2LP1.4.0.0
2024-07-24 21:41:49,866 [WARN] ConditionMgr:438 - getConditionDescription Invalid condition id : UX DEVICE CLASS RTOS Condition cause : null
2024-07-24 21:41:49,866 [WARN] ConditionMgr:438 - getConditionDescription Invalid condition id : UX DEVICE CLASS RTOS Condition cause : null
2024-07-24 21:41:49,867 [WARN] PackLoader:240 - Cannot read IP mode file for STMicroelectronics.X-CUBE-AZRTOS-WB.2.0.0
2024-07-24 21:41:49,867 [WARN] ConditionMgr:1039 - genDependencies : Invalid condition id : UX DEVICE CLASS RTOS Condition cause : null
2024-07-24 21:41:49,867 [WARN] ConditionMgr:1039 - genDependencies : Invalid condition id : UX DEVICE CLASS RTOS Condition cause : null
2024-07-24 21:41:49,867 [WARN] ConditionMgr:1039 - genDependencies : Invalid condition id : UX DEVICE CLASS RTOS Condition cause : null
2024-07-24 21:41:49,868 [WARN] ConditionMgr:1039 - genDependencies : Invalid condition id : UX DEVICE CLASS RTOS Condition cause : null
2024-07-24 21:41:49,868 [WARN] ConditionMgr:1039 - genDependencies : Invalid condition id : UX DEVICE CLASS RTOS Condition cause : null
2024-07-24 21:41:49,880 [WARN] PackLoader:240 - Cannot read IP mode file for STMicroelectronics.FP-SNS-STBOX1.2.0.0
2024-07-24 21:41:49,894 [WARN] PackLoader:240 - Cannot read IP mode file for STMicroelectronics.X-CUBE-SUBG2.5.0.0
2024-07-24 21:41:49,915 [WARN] PackLoader:240 - Cannot read IP mode file for STMicroelectronics.X-CUBE-AZRTOS-G4.2.0.0
2024-07-24 21:41:49,935 [WARN] PackLoader:240 - Cannot read IP mode file for Infineon.AIROC-Wi-Fi-Bluetooth-STM32.1.5.1
2024-07-24 21:41:49,949 [WARN] PackLoader:240 - Cannot read IP mode file for STMicroelectronics.FP-SNS-MOTENVWB1.1.3.1
2024-07-24 21:41:49,961 [WARN] PackLoader:240 - Cannot read IP mode file for STMicroelectronics.X-CUBE-ISPU.2.0.0
2024-07-24 21:41:49,972 [WARN] PackLoader:240 - Cannot read IP mode file for STMicroelectronics.X-CUBE-ALS.1.0.2
2024-07-24 21:41:50,129 [WARN] PackLoader:240 - Cannot read IP mode file for STMicroelectronics.X-CUBE-MEMS1.10.0.0
2024-07-24 21:41:50,196 [WARN] PackLoader:240 - Cannot read IP mode file for STMicroelectronics.X-CUBE-FREERTOS.1.1.0
2024-07-24 21:41:50,208 [WARN] PackLoader:240 - Cannot read IP mode file for STMicroelectronics.X-CUBE-TOUCHGFX.4.24.0
2024-07-24 21:41:50,222 [WARN] PackLoader:240 - Cannot read IP mode file for portGmbH.I-Cube-SoM-uGOAL.1.1.0
2024-07-24 21:41:50,235 [WARN] PackLoader:240 - Cannot read IP mode file for STMicroelectronics.X-CUBE-ALS.1.0.1
2024-07-24 21:41:50,283 [WARN] PackLoader:240 - Cannot read IP mode file for STMicroelectronics.X-CUBE-AZRTOS-H7RS.1.0.0
2024-07-24 21:41:50,303 [WARN] PackLoader:240 - Cannot read IP mode file for STMicroelectronics.FP-ATR-ASTRA1.2.0.0
2024-07-24 21:41:50,326 [WARN] PackLoader:240 - Cannot read IP mode file for STMicroelectronics.X-CUBE-TOF1.3.4.1
2024-07-24 21:41:50,370 [WARN] PackLoader:240 - Cannot read IP mode file for STMicroelectronics.X-CUBE-AZRTOS-H7.3.2.0
2024-07-24 21:41:50,385 [WARN] PackLoader:240 - Cannot read IP mode file for wolfSSL.I-CUBE-wolfSSH.1.4.17
2024-07-24 21:41:50,386 [INFO] ThirdParty:978 - Integrity check success = true
2024-07-24 21:41:50,386 [INFO] IntegrityCheckThread:100 - exiting critical section [integrity check]
2024-07-24 21:41:50,386 [INFO] IntegrityCheckThread:103 - End integrity checks thread
2024-07-24 21:41:50,547 [INFO] WebApp:161 - Instantiating new browser for Auth
2024-07-24 21:41:51,063 [INFO] WebApp:779 - Register for checkConnection events
2024-07-24 21:41:51,064 [INFO] WebApp:414 - Apply proxy settings
2024-07-24 21:41:51,064 [INFO] WebApp:499 - Chromium requires no authentication
2024-07-24 21:41:51,071 [INFO] WebApp:442 - Direct internet connection detected
2024-07-24 21:41:51,192 [INFO] WebApp:192 - Starting web application
2024-07-24 21:41:51,192 [INFO] WebApp:544 - Web application path used C:\ST\STM32CubeIDE_1.15.0\STM32CubeIDE\plugins\com.st.stm32cube.common.mx_6.11.0.202403141607\db\plugins\mcufinder\reactClient1\index.html
2024-07-24 23:07:20,663 [ERROR] LogOutputStream:75 - [STDERR_REDIRECT] 
